#
# There is insufficient memory for the Java Runtime Environment to continue.
# Native memory allocation (malloc) failed to allocate 1480976 bytes for Chunk::new
# Possible reasons:
#   The system is out of physical RAM or swap space
#   The process is running with CompressedOops enabled, and the Java Heap may be blocking the growth of the native heap
# Possible solutions:
#   Reduce memory load on the system
#   Increase physical memory or swap space
#   Check if swap backing store is full
#   Decrease Java heap size (-Xmx/-Xms)
#   Decrease number of Java threads
#   Decrease Java thread stack sizes (-Xss)
#   Set larger code cache with -XX:ReservedCodeCacheSize=
#   JVM is running with Zero Based Compressed Oops mode in which the Java heap is
#     placed in the first 32GB address space. The Java Heap base address is the
#     maximum limit for the native heap growth. Please use -XX:HeapBaseMinAddress
#     to set the Java Heap base and to place the Java Heap above 32GB virtual address.
# This output file may be truncated or incomplete.
#
#  Out of Memory Error (allocation.cpp:389), pid=20860, tid=0x0000000000000ea0
#
# JRE version: Java(TM) SE Runtime Environment (8.0_301-b09) (build 1.8.0_301-b09)
# Java VM: Java HotSpot(TM) 64-Bit Server VM (25.301-b09 mixed mode windows-amd64 compressed oops)
# Failed to write core dump. Minidumps are not enabled by default on client versions of Windows
#

---------------  T H R E A D  ---------------

Current thread (0x00000230999eb000):  JavaThread "C2 CompilerThread0" daemon [_thread_in_native, id=3744, stack(0x00000092aaa00000,0x00000092aab00000)]

Stack: [0x00000092aaa00000,0x00000092aab00000]
Native frames: (J=compiled Java code, j=interpreted, Vv=VM code, C=native code)
V  [jvm.dll+0x32ed79]
V  [jvm.dll+0x275722]
V  [jvm.dll+0x2763cd]
V  [jvm.dll+0x26ce05]
V  [jvm.dll+0xd551c]
V  [jvm.dll+0xd5d1c]
V  [jvm.dll+0x470143]
V  [jvm.dll+0x437e08]
V  [jvm.dll+0x440c55]
V  [jvm.dll+0x440015]
V  [jvm.dll+0x42ae57]
V  [jvm.dll+0xac1bb]
V  [jvm.dll+0xaa81b]
V  [jvm.dll+0x23ddc2]
V  [jvm.dll+0x2923dc]
C  [ucrtbase.dll+0x21bb2]
C  [KERNEL32.DLL+0x17034]
C  [ntdll.dll+0x52651]


Current CompileTask:
C2:   9340 4117   !   4       java.net.URLClassLoader$1::run (63 bytes)


---------------  P R O C E S S  ---------------

Java Threads: ( => current thread )
  0x0000023099c61000 JavaThread "HikariPool-1 connection adder" daemon [_thread_blocked, id=2348, stack(0x00000092ab300000,0x00000092ab400000)]
  0x0000023099c65800 JavaThread "HikariPool-1 housekeeper" daemon [_thread_blocked, id=4184, stack(0x00000092ab200000,0x00000092ab300000)]
  0x000002309b448800 JavaThread "mysql-cj-abandoned-connection-cleanup" daemon [_thread_blocked, id=2344, stack(0x00000092ab000000,0x00000092ab100000)]
  0x0000023099a8f800 JavaThread "Service Thread" daemon [_thread_blocked, id=17192, stack(0x00000092aae00000,0x00000092aaf00000)]
  0x00000230999f5000 JavaThread "C1 CompilerThread3" daemon [_thread_blocked, id=27356, stack(0x00000092aad00000,0x00000092aae00000)]
  0x00000230999ef800 JavaThread "C2 CompilerThread2" daemon [_thread_blocked, id=25548, stack(0x00000092aac00000,0x00000092aad00000)]
  0x00000230999ed800 JavaThread "C2 CompilerThread1" daemon [_thread_blocked, id=12772, stack(0x00000092aab00000,0x00000092aac00000)]
=>0x00000230999eb000 JavaThread "C2 CompilerThread0" daemon [_thread_in_native, id=3744, stack(0x00000092aaa00000,0x00000092aab00000)]
  0x00000230999e9800 JavaThread "Monitor Ctrl-Break" daemon [_thread_in_native, id=17904, stack(0x00000092aa900000,0x00000092aaa00000)]
  0x00000230ffcf3000 JavaThread "Attach Listener" daemon [_thread_blocked, id=13412, stack(0x00000092aa800000,0x00000092aa900000)]
  0x00000230ffca1000 JavaThread "Signal Dispatcher" daemon [_thread_blocked, id=15216, stack(0x00000092aa700000,0x00000092aa800000)]
  0x00000230ffc70800 JavaThread "Finalizer" daemon [_thread_blocked, id=17128, stack(0x00000092aa600000,0x00000092aa700000)]
  0x00000230ffc69800 JavaThread "Reference Handler" daemon [_thread_blocked, id=29920, stack(0x00000092aa500000,0x00000092aa600000)]
  0x00000230fcf04800 JavaThread "main" [_thread_in_vm, id=42236, stack(0x00000092a9b00000,0x00000092a9c00000)]

Other Threads:
  0x00000230ffc3f000 VMThread [stack: 0x00000092aa400000,0x00000092aa500000] [id=38772]
  0x0000023099afe800 WatcherThread [stack: 0x00000092aaf00000,0x00000092ab000000] [id=9244]

VM state:not at safepoint (normal execution)

VM Mutex/Monitor currently owned by a thread: None

heap address: 0x00000006c1c00000, size: 4068 MB, Compressed Oops mode: Zero based, Oop shift amount: 3
Narrow klass base: 0x0000000000000000, Narrow klass shift: 3
Compressed class space size: 1073741824 Address: 0x00000007c0000000

Heap:
 PSYoungGen      total 154624K, used 34070K [0x000000076b400000, 0x0000000779380000, 0x00000007c0000000)
  eden space 143360K, 15% used [0x000000076b400000,0x000000076ca499a8,0x0000000774000000)
  from space 11264K, 99% used [0x0000000774000000,0x0000000774afc1f8,0x0000000774b00000)
  to   space 13824K, 0% used [0x0000000778600000,0x0000000778600000,0x0000000779380000)
 ParOldGen       total 165376K, used 18975K [0x00000006c1c00000, 0x00000006cbd80000, 0x000000076b400000)
  object space 165376K, 11% used [0x00000006c1c00000,0x00000006c2e87c50,0x00000006cbd80000)
 Metaspace       used 49046K, capacity 51834K, committed 52096K, reserved 1093632K
  class space    used 6769K, capacity 7268K, committed 7296K, reserved 1048576K

Card table byte_map: [0x00000230fecb0000,0x00000230ff4b0000] byte_map_base: 0x00000230fb6a2000

Marking Bits: (ParMarkBitMap*) 0x0000000073287fe0
 Begin Bits: [0x000002308f000000, 0x0000023092f90000)
 End Bits:   [0x0000023092f90000, 0x0000023096f20000)

Polling page: 0x00000230fd040000

CodeCache: size=245760Kb used=13014Kb max_used=13876Kb free=232745Kb
 bounds [0x0000023080000000, 0x0000023080dc0000, 0x000002308f000000]
 total_blobs=4292 nmethods=3758 adapters=446
 compilation: enabled

Compilation events (10 events):
Event: 9.073 Thread 0x00000230999ef800 4134       4       java.util.jar.Manifest::getTrustedAttributes (57 bytes)
Event: 9.097 Thread 0x00000230999ef800 nmethod 4134 0x00000230804e4890 code [0x00000230804e4a00, 0x00000230804e4f48]
Event: 9.097 Thread 0x00000230999ef800 4135       4       java.util.zip.ZipFile$ZipFileInputStream::finalize (5 bytes)
Event: 9.098 Thread 0x00000230999ef800 nmethod 4135 0x000002308038c310 code [0x000002308038c460, 0x000002308038c4e8]
Event: 9.100 Thread 0x00000230999f5000 4136       3       org.apache.logging.slf4j.SLF4JLogger::getMarker (87 bytes)
Event: 9.101 Thread 0x00000230999f5000 nmethod 4136 0x000002308046ef90 code [0x000002308046f1a0, 0x000002308046f970]
Event: 9.112 Thread 0x00000230999ef800 4137       4       java.io.WinNTFileSystem::resolve (231 bytes)
Event: 9.119 Thread 0x00000230999ef800 nmethod 4137 0x000002308075b710 code [0x000002308075b880, 0x000002308075bf58]
Event: 9.120 Thread 0x00000230999f5000 4138       1       org.hibernate.service.spi.ServiceBinding::getService (5 bytes)
Event: 9.120 Thread 0x00000230999f5000 nmethod 4138 0x000002308093be50 code [0x000002308093bfa0, 0x000002308093c0b8]

GC Heap History (10 events):
Event: 3.555 GC heap before
{Heap before GC invocations=5 (full 1):
 PSYoungGen      total 76288K, used 65521K [0x000000076b400000, 0x0000000774900000, 0x00000007c0000000)
  eden space 65536K, 99% used [0x000000076b400000,0x000000076f3fc6d0,0x000000076f400000)
  from space 10752K, 0% used [0x000000076f400000,0x000000076f400000,0x000000076fe80000)
  to   space 10752K, 0% used [0x0000000773e80000,0x0000000773e80000,0x0000000774900000)
 ParOldGen       total 102400K, used 6726K [0x00000006c1c00000, 0x00000006c8000000, 0x000000076b400000)
  object space 102400K, 6% used [0x00000006c1c00000,0x00000006c22918c8,0x00000006c8000000)
 Metaspace       used 23683K, capacity 25434K, committed 25600K, reserved 1071104K
  class space    used 3116K, capacity 3457K, committed 3584K, reserved 1048576K
Event: 3.562 GC heap after
Heap after GC invocations=5 (full 1):
 PSYoungGen      total 105472K, used 5845K [0x000000076b400000, 0x0000000774480000, 0x00000007c0000000)
  eden space 99328K, 0% used [0x000000076b400000,0x000000076b400000,0x0000000771500000)
  from space 6144K, 95% used [0x0000000773e80000,0x0000000774435790,0x0000000774480000)
  to   space 10752K, 0% used [0x0000000772f80000,0x0000000772f80000,0x0000000773a00000)
 ParOldGen       total 102400K, used 6734K [0x00000006c1c00000, 0x00000006c8000000, 0x000000076b400000)
  object space 102400K, 6% used [0x00000006c1c00000,0x00000006c22938c8,0x00000006c8000000)
 Metaspace       used 23683K, capacity 25434K, committed 25600K, reserved 1071104K
  class space    used 3116K, capacity 3457K, committed 3584K, reserved 1048576K
}
Event: 4.621 GC heap before
{Heap before GC invocations=6 (full 1):
 PSYoungGen      total 105472K, used 105173K [0x000000076b400000, 0x0000000774480000, 0x00000007c0000000)
  eden space 99328K, 100% used [0x000000076b400000,0x0000000771500000,0x0000000771500000)
  from space 6144K, 95% used [0x0000000773e80000,0x0000000774435790,0x0000000774480000)
  to   space 10752K, 0% used [0x0000000772f80000,0x0000000772f80000,0x0000000773a00000)
 ParOldGen       total 102400K, used 6734K [0x00000006c1c00000, 0x00000006c8000000, 0x000000076b400000)
  object space 102400K, 6% used [0x00000006c1c00000,0x00000006c22938c8,0x00000006c8000000)
 Metaspace       used 26671K, capacity 28564K, committed 28672K, reserved 1075200K
  class space    used 3484K, capacity 3832K, committed 3840K, reserved 1048576K
Event: 4.629 GC heap after
Heap after GC invocations=6 (full 1):
 PSYoungGen      total 137216K, used 6932K [0x000000076b400000, 0x0000000775400000, 0x00000007c0000000)
  eden space 126464K, 0% used [0x000000076b400000,0x000000076b400000,0x0000000772f80000)
  from space 10752K, 64% used [0x0000000772f80000,0x00000007736452a8,0x0000000773a00000)
  to   space 9216K, 0% used [0x0000000774b00000,0x0000000774b00000,0x0000000775400000)
 ParOldGen       total 102400K, used 6742K [0x00000006c1c00000, 0x00000006c8000000, 0x000000076b400000)
  object space 102400K, 6% used [0x00000006c1c00000,0x00000006c22958c8,0x00000006c8000000)
 Metaspace       used 26671K, capacity 28564K, committed 28672K, reserved 1075200K
  class space    used 3484K, capacity 3832K, committed 3840K, reserved 1048576K
}
Event: 6.128 GC heap before
{Heap before GC invocations=7 (full 1):
 PSYoungGen      total 137216K, used 107885K [0x000000076b400000, 0x0000000775400000, 0x00000007c0000000)
  eden space 126464K, 79% used [0x000000076b400000,0x0000000771696168,0x0000000772f80000)
  from space 10752K, 64% used [0x0000000772f80000,0x00000007736452a8,0x0000000773a00000)
  to   space 9216K, 0% used [0x0000000774b00000,0x0000000774b00000,0x0000000775400000)
 ParOldGen       total 102400K, used 6742K [0x00000006c1c00000, 0x00000006c8000000, 0x000000076b400000)
  object space 102400K, 6% used [0x00000006c1c00000,0x00000006c22958c8,0x00000006c8000000)
 Metaspace       used 32919K, capacity 35408K, committed 35496K, reserved 1079296K
  class space    used 4356K, capacity 4826K, committed 4864K, reserved 1048576K
Event: 6.142 GC heap after
Heap after GC invocations=7 (full 1):
 PSYoungGen      total 152576K, used 9185K [0x000000076b400000, 0x0000000777a00000, 0x00000007c0000000)
  eden space 143360K, 0% used [0x000000076b400000,0x000000076b400000,0x0000000774000000)
  from space 9216K, 99% used [0x0000000774b00000,0x00000007753f8558,0x0000000775400000)
  to   space 11264K, 0% used [0x0000000774000000,0x0000000774000000,0x0000000774b00000)
 ParOldGen       total 102400K, used 8935K [0x00000006c1c00000, 0x00000006c8000000, 0x000000076b400000)
  object space 102400K, 8% used [0x00000006c1c00000,0x00000006c24b9e20,0x00000006c8000000)
 Metaspace       used 32919K, capacity 35408K, committed 35496K, reserved 1079296K
  class space    used 4356K, capacity 4826K, committed 4864K, reserved 1048576K
}
Event: 6.142 GC heap before
{Heap before GC invocations=8 (full 2):
 PSYoungGen      total 152576K, used 9185K [0x000000076b400000, 0x0000000777a00000, 0x00000007c0000000)
  eden space 143360K, 0% used [0x000000076b400000,0x000000076b400000,0x0000000774000000)
  from space 9216K, 99% used [0x0000000774b00000,0x00000007753f8558,0x0000000775400000)
  to   space 11264K, 0% used [0x0000000774000000,0x0000000774000000,0x0000000774b00000)
 ParOldGen       total 102400K, used 8935K [0x00000006c1c00000, 0x00000006c8000000, 0x000000076b400000)
  object space 102400K, 8% used [0x00000006c1c00000,0x00000006c24b9e20,0x00000006c8000000)
 Metaspace       used 32919K, capacity 35408K, committed 35496K, reserved 1079296K
  class space    used 4356K, capacity 4826K, committed 4864K, reserved 1048576K
Event: 6.203 GC heap after
Heap after GC invocations=8 (full 2):
 PSYoungGen      total 152576K, used 0K [0x000000076b400000, 0x0000000777a00000, 0x00000007c0000000)
  eden space 143360K, 0% used [0x000000076b400000,0x000000076b400000,0x0000000774000000)
  from space 9216K, 0% used [0x0000000774b00000,0x0000000774b00000,0x0000000775400000)
  to   space 11264K, 0% used [0x0000000774000000,0x0000000774000000,0x0000000774b00000)
 ParOldGen       total 165376K, used 16080K [0x00000006c1c00000, 0x00000006cbd80000, 0x000000076b400000)
  object space 165376K, 9% used [0x00000006c1c00000,0x00000006c2bb4068,0x00000006cbd80000)
 Metaspace       used 32919K, capacity 35408K, committed 35496K, reserved 1079296K
  class space    used 4356K, capacity 4826K, committed 4864K, reserved 1048576K
}
Event: 9.073 GC heap before
{Heap before GC invocations=9 (full 2):
 PSYoungGen      total 152576K, used 143360K [0x000000076b400000, 0x0000000777a00000, 0x00000007c0000000)
  eden space 143360K, 100% used [0x000000076b400000,0x0000000774000000,0x0000000774000000)
  from space 9216K, 0% used [0x0000000774b00000,0x0000000774b00000,0x0000000775400000)
  to   space 11264K, 0% used [0x0000000774000000,0x0000000774000000,0x0000000774b00000)
 ParOldGen       total 165376K, used 16080K [0x00000006c1c00000, 0x00000006cbd80000, 0x000000076b400000)
  object space 165376K, 9% used [0x00000006c1c00000,0x00000006c2bb4068,0x00000006cbd80000)
 Metaspace       used 47007K, capacity 49844K, committed 49920K, reserved 1091584K
  class space    used 6419K, capacity 6909K, committed 6912K, reserved 1048576K
Event: 9.087 GC heap after
Heap after GC invocations=9 (full 2):
 PSYoungGen      total 154624K, used 11248K [0x000000076b400000, 0x0000000779380000, 0x00000007c0000000)
  eden space 143360K, 0% used [0x000000076b400000,0x000000076b400000,0x0000000774000000)
  from space 11264K, 99% used [0x0000000774000000,0x0000000774afc1f8,0x0000000774b00000)
  to   space 13824K, 0% used [0x0000000778600000,0x0000000778600000,0x0000000779380000)
 ParOldGen       total 165376K, used 18975K [0x00000006c1c00000, 0x00000006cbd80000, 0x000000076b400000)
  object space 165376K, 11% used [0x00000006c1c00000,0x00000006c2e87c50,0x00000006cbd80000)
 Metaspace       used 47007K, capacity 49844K, committed 49920K, reserved 1091584K
  class space    used 6419K, capacity 6909K, committed 6912K, reserved 1048576K
}

Deoptimization events (10 events):
Event: 7.683 Thread 0x00000230fcf04800 Uncommon trap: reason=class_check action=maybe_recompile pc=0x0000023080cfea6c method=sun.security.util.math.intpoly.IntegerPolynomial$MutableElement.setSum(Lsun/security/util/math/IntegerModuloP;)Lsun/security/util/math/intpoly/IntegerPolynomial$MutableE
Event: 7.683 Thread 0x00000230fcf04800 Uncommon trap: reason=class_check action=maybe_recompile pc=0x0000023080cfea6c method=sun.security.util.math.intpoly.IntegerPolynomial$MutableElement.setSum(Lsun/security/util/math/IntegerModuloP;)Lsun/security/util/math/intpoly/IntegerPolynomial$MutableE
Event: 7.683 Thread 0x00000230fcf04800 Uncommon trap: reason=class_check action=maybe_recompile pc=0x0000023080cfea6c method=sun.security.util.math.intpoly.IntegerPolynomial$MutableElement.setSum(Lsun/security/util/math/IntegerModuloP;)Lsun/security/util/math/intpoly/IntegerPolynomial$MutableE
Event: 7.683 Thread 0x00000230fcf04800 Uncommon trap: reason=class_check action=maybe_recompile pc=0x0000023080cfea6c method=sun.security.util.math.intpoly.IntegerPolynomial$MutableElement.setSum(Lsun/security/util/math/IntegerModuloP;)Lsun/security/util/math/intpoly/IntegerPolynomial$MutableE
Event: 7.749 Thread 0x00000230fcf04800 Uncommon trap: reason=unstable_if action=reinterpret pc=0x00000230803a2284 method=sun.nio.cs.UTF_8$Decoder.decode([BII[C)I @ 30
Event: 7.877 Thread 0x0000023099c61000 Uncommon trap: reason=bimorphic action=maybe_recompile pc=0x0000023080c009a8 method=java.util.AbstractList$Itr.hasNext()Z @ 8
Event: 7.911 Thread 0x0000023099c61000 Uncommon trap: reason=bimorphic action=maybe_recompile pc=0x0000023080c009a8 method=java.util.AbstractList$Itr.hasNext()Z @ 8
Event: 8.070 Thread 0x00000230fcf04800 Uncommon trap: reason=unstable_if action=reinterpret pc=0x00000230806485f4 method=java.lang.ClassLoader.getClassLoadingLock(Ljava/lang/String;)Ljava/lang/Object; @ 6
Event: 8.324 Thread 0x00000230fcf04800 Uncommon trap: reason=range_check action=make_not_entrant pc=0x0000023080d2fc1c method=java.util.zip.ZipUtils.get16([BI)I @ 10
Event: 9.045 Thread 0x00000230fcf04800 Uncommon trap: reason=unstable_if action=reinterpret pc=0x0000023080d4e728 method=java.lang.Class$MethodArray.addIfNotPresent(Ljava/lang/reflect/Method;)V @ 19

Classes redefined (0 events):
No events

Internal exceptions (10 events):
Event: 7.806 Thread 0x00000230fcf04800 Exception <a 'java/lang/ClassNotFoundException': org/springframework/beans/factory/AwareCustomizer> (0x000000076d66cfd0) thrown at [C:\jenkins\workspace\8-2-build-windows-amd64-cygwin\jdk8u301\1513\hotspot\src\share\vm\classfile\systemDictionary.cpp, line
Event: 7.807 Thread 0x00000230fcf04800 Exception <a 'java/lang/ClassNotFoundException': org/springframework/beans/factory/BeanFactoryAwareCustomizer> (0x000000076d68e8d0) thrown at [C:\jenkins\workspace\8-2-build-windows-amd64-cygwin\jdk8u301\1513\hotspot\src\share\vm\classfile\systemDictionar
Event: 7.807 Thread 0x00000230fcf04800 Exception <a 'java/lang/ClassNotFoundException': org/springframework/beans/factory/AwareCustomizer> (0x000000076d6ad068) thrown at [C:\jenkins\workspace\8-2-build-windows-amd64-cygwin\jdk8u301\1513\hotspot\src\share\vm\classfile\systemDictionary.cpp, line
Event: 7.808 Thread 0x00000230fcf04800 Exception <a 'java/lang/ClassNotFoundException': org/springframework/beans/factory/BeanNameAwareCustomizer> (0x000000076d6cd1d8) thrown at [C:\jenkins\workspace\8-2-build-windows-amd64-cygwin\jdk8u301\1513\hotspot\src\share\vm\classfile\systemDictionary.c
Event: 7.808 Thread 0x00000230fcf04800 Exception <a 'java/lang/ClassNotFoundException': org/springframework/beans/factory/AwareCustomizer> (0x000000076d6eb330) thrown at [C:\jenkins\workspace\8-2-build-windows-amd64-cygwin\jdk8u301\1513\hotspot\src\share\vm\classfile\systemDictionary.cpp, line
Event: 7.809 Thread 0x00000230fcf04800 Exception <a 'java/lang/ClassNotFoundException': org/springframework/beans/factory/InitializingBeanCustomizer> (0x000000076d70cc30) thrown at [C:\jenkins\workspace\8-2-build-windows-amd64-cygwin\jdk8u301\1513\hotspot\src\share\vm\classfile\systemDictionar
Event: 7.809 Thread 0x00000230fcf04800 Exception <a 'java/lang/ClassNotFoundException': org/springframework/beans/factory/DisposableBeanCustomizer> (0x000000076d72d768) thrown at [C:\jenkins\workspace\8-2-build-windows-amd64-cygwin\jdk8u301\1513\hotspot\src\share\vm\classfile\systemDictionary.
Event: 7.810 Thread 0x00000230fcf04800 Exception <a 'java/lang/ClassNotFoundException': org/springframework/orm/jpa/EntityManagerFactoryInfoCustomizer> (0x000000076d7504e0) thrown at [C:\jenkins\workspace\8-2-build-windows-amd64-cygwin\jdk8u301\1513\hotspot\src\share\vm\classfile\systemDiction
Event: 7.811 Thread 0x00000230fcf04800 Exception <a 'java/lang/ClassNotFoundException': org/springframework/dao/support/PersistenceExceptionTranslatorCustomizer> (0x000000076d784a70) thrown at [C:\jenkins\workspace\8-2-build-windows-amd64-cygwin\jdk8u301\1513\hotspot\src\share\vm\classfile\sys
Event: 8.040 Thread 0x00000230fcf04800 Exception <a 'java/lang/ClassNotFoundException': java/lang/Module> (0x000000076f3a4678) thrown at [C:\jenkins\workspace\8-2-build-windows-amd64-cygwin\jdk8u301\1513\hotspot\src\share\vm\classfile\systemDictionary.cpp, line 212]

Events (10 events):
Event: 9.134 loading class org/hibernate/persister/entity/UniqueKeyLoadable
Event: 9.134 loading class org/hibernate/persister/entity/UniqueKeyLoadable done
Event: 9.135 loading class org/hibernate/persister/entity/SQLLoadable
Event: 9.135 loading class org/hibernate/persister/entity/SQLLoadable done
Event: 9.136 loading class org/hibernate/bytecode/enhance/spi/LazyPropertyInitializer
Event: 9.136 loading class org/hibernate/bytecode/enhance/spi/LazyPropertyInitializer done
Event: 9.136 loading class org/hibernate/id/PostInsertIdentityPersister
Event: 9.136 loading class org/hibernate/id/PostInsertIdentityPersister done
Event: 9.137 loading class org/hibernate/persister/entity/Lockable
Event: 9.137 loading class org/hibernate/persister/entity/Lockable done


Dynamic libraries:
0x00007ff6f0a60000 - 0x00007ff6f0aa7000 	C:\Program Files\Java\jdk1.8.0_301\bin\java.exe
0x00007ff81e090000 - 0x00007ff81e285000 	C:\WINDOWS\SYSTEM32\ntdll.dll
0x00007ff81d700000 - 0x00007ff81d7be000 	C:\WINDOWS\System32\KERNEL32.DLL
0x00007ff81be00000 - 0x00007ff81c0c8000 	C:\WINDOWS\System32\KERNELBASE.dll
0x00007ff81de30000 - 0x00007ff81dedc000 	C:\WINDOWS\System32\ADVAPI32.dll
0x00007ff81dee0000 - 0x00007ff81df7e000 	C:\WINDOWS\System32\msvcrt.dll
0x00007ff81ce40000 - 0x00007ff81cedb000 	C:\WINDOWS\System32\sechost.dll
0x00007ff81dca0000 - 0x00007ff81ddca000 	C:\WINDOWS\System32\RPCRT4.dll
0x00007ff81d430000 - 0x00007ff81d5d1000 	C:\WINDOWS\System32\USER32.dll
0x00007ff81bcd0000 - 0x00007ff81bcf2000 	C:\WINDOWS\System32\win32u.dll
0x00007ff81d970000 - 0x00007ff81d99b000 	C:\WINDOWS\System32\GDI32.dll
0x00007ff81bb70000 - 0x00007ff81bc7d000 	C:\WINDOWS\System32\gdi32full.dll
0x00007ff81b7a0000 - 0x00007ff81b83d000 	C:\WINDOWS\System32\msvcp_win.dll
0x00007ff81bd00000 - 0x00007ff81be00000 	C:\WINDOWS\System32\ucrtbase.dll
0x00007ffffe2c0000 - 0x00007ffffe55a000 	C:\WINDOWS\WinSxS\amd64_microsoft.windows.common-controls_6595b64144ccf1df_6.0.19041.1110_none_60b5254171f9507e\COMCTL32.dll
0x00007ff81c0d0000 - 0x00007ff81c100000 	C:\WINDOWS\System32\IMM32.DLL
0x00007ff818840000 - 0x00007ff818855000 	C:\Program Files\Java\jdk1.8.0_301\jre\bin\vcruntime140.dll
0x00007ff814ba0000 - 0x00007ff814c3b000 	C:\Program Files\Java\jdk1.8.0_301\jre\bin\msvcp140.dll
0x0000000072aa0000 - 0x0000000073300000 	C:\Program Files\Java\jdk1.8.0_301\jre\bin\server\jvm.dll
0x00007ff81cd50000 - 0x00007ff81cd58000 	C:\WINDOWS\System32\PSAPI.DLL
0x00007ffffa8e0000 - 0x00007ffffa8e9000 	C:\WINDOWS\SYSTEM32\WSOCK32.dll
0x00007ffffe220000 - 0x00007ffffe247000 	C:\WINDOWS\SYSTEM32\WINMM.dll
0x00007ff81d5e0000 - 0x00007ff81d64b000 	C:\WINDOWS\System32\WS2_32.dll
0x00007ff812800000 - 0x00007ff81280a000 	C:\WINDOWS\SYSTEM32\VERSION.dll
0x00007ff81a020000 - 0x00007ff81a032000 	C:\WINDOWS\SYSTEM32\kernel.appcore.dll
0x00007ff818830000 - 0x00007ff818840000 	C:\Program Files\Java\jdk1.8.0_301\jre\bin\verify.dll
0x00007ff814b70000 - 0x00007ff814b9b000 	C:\Program Files\Java\jdk1.8.0_301\jre\bin\java.dll
0x00007ffffafe0000 - 0x00007ffffb010000 	C:\Program Files\Java\jdk1.8.0_301\jre\bin\instrument.dll
0x00007ff816790000 - 0x00007ff8167a8000 	C:\Program Files\Java\jdk1.8.0_301\jre\bin\zip.dll
0x00007ff81c100000 - 0x00007ff81c844000 	C:\WINDOWS\System32\SHELL32.dll
0x00007ff8194d0000 - 0x00007ff819c64000 	C:\WINDOWS\SYSTEM32\windows.storage.dll
0x00007ff81cf40000 - 0x00007ff81d295000 	C:\WINDOWS\System32\combase.dll
0x00007ff81b1f0000 - 0x00007ff81b21e000 	C:\WINDOWS\SYSTEM32\Wldp.dll
0x00007ff81d650000 - 0x00007ff81d6fd000 	C:\WINDOWS\System32\SHCORE.dll
0x00007ff81cee0000 - 0x00007ff81cf35000 	C:\WINDOWS\System32\shlwapi.dll
0x00007ff81b6e0000 - 0x00007ff81b6ff000 	C:\WINDOWS\SYSTEM32\profapi.dll
0x00007ffffcb90000 - 0x00007ffffcbaa000 	D:\IntelliJ IDEA 2019.2.4\bin\breakgen64.dll
0x00007ff814e50000 - 0x00007ff814e6c000 	C:\Program Files\Java\jdk1.8.0_301\jre\bin\net.dll
0x00007ff81af50000 - 0x00007ff81afba000 	C:\WINDOWS\system32\mswsock.dll
0x00007ff8149d0000 - 0x00007ff8149e3000 	C:\Program Files\Java\jdk1.8.0_301\jre\bin\nio.dll
0x00007ff812c20000 - 0x00007ff812c2d000 	C:\Program Files\Java\jdk1.8.0_301\jre\bin\management.dll
0x00007ff8006c0000 - 0x00007ff8006d7000 	C:\WINDOWS\system32\napinsp.dll
0x00007ffffc460000 - 0x00007ffffc47b000 	C:\WINDOWS\system32\pnrpnsp.dll
0x00007ff815690000 - 0x00007ff8156a5000 	C:\WINDOWS\system32\wshbth.dll
0x00007ff816560000 - 0x00007ff81657d000 	C:\WINDOWS\system32\NLAapi.dll
0x00007ff81abf0000 - 0x00007ff81ac2b000 	C:\WINDOWS\SYSTEM32\IPHLPAPI.DLL
0x00007ff81ac40000 - 0x00007ff81ad0b000 	C:\WINDOWS\SYSTEM32\DNSAPI.dll
0x00007ff81db50000 - 0x00007ff81db58000 	C:\WINDOWS\System32\NSI.dll
0x00007ffffc440000 - 0x00007ffffc452000 	C:\WINDOWS\System32\winrnr.dll
0x0000000074bf0000 - 0x0000000074c16000 	C:\Program Files\Bonjour\mdnsNSP.dll
0x00007ff80f770000 - 0x00007ff80f77a000 	C:\Windows\System32\rasadhlp.dll
0x00007ff808380000 - 0x00007ff8083ff000 	C:\WINDOWS\System32\fwpuclnt.dll
0x00007ff81b9a0000 - 0x00007ff81b9c7000 	C:\WINDOWS\System32\bcrypt.dll
0x00007ffff5e20000 - 0x00007ffff5e44000 	C:\Program Files\Java\jdk1.8.0_301\jre\bin\sunec.dll
0x00007ff812860000 - 0x00007ff812877000 	C:\WINDOWS\SYSTEM32\dhcpcsvc6.DLL
0x00007ff812810000 - 0x00007ff81282d000 	C:\WINDOWS\SYSTEM32\dhcpcsvc.DLL
0x00007ff81b150000 - 0x00007ff81b168000 	C:\WINDOWS\SYSTEM32\CRYPTSP.dll
0x00007ff81a860000 - 0x00007ff81a894000 	C:\WINDOWS\system32\rsaenh.dll
0x00007ff81b6a0000 - 0x00007ff81b6ce000 	C:\WINDOWS\SYSTEM32\USERENV.dll
0x00007ff81ba30000 - 0x00007ff81bab2000 	C:\WINDOWS\System32\bcryptprimitives.dll
0x00007ff81b140000 - 0x00007ff81b14c000 	C:\WINDOWS\SYSTEM32\CRYPTBASE.dll
0x00007ff812e20000 - 0x00007ff812e2d000 	C:\Program Files\Java\jdk1.8.0_301\jre\bin\sunmscapi.dll
0x00007ff81b840000 - 0x00007ff81b996000 	C:\WINDOWS\System32\CRYPT32.dll
0x00007ff81b260000 - 0x00007ff81b287000 	C:\WINDOWS\SYSTEM32\ncrypt.dll
0x00007ff81b220000 - 0x00007ff81b25b000 	C:\WINDOWS\SYSTEM32\NTASN1.dll
0x00007ff819d30000 - 0x00007ff819f14000 	C:\WINDOWS\SYSTEM32\dbghelp.dll

VM Arguments:
jvm_args: -ea -Didea.test.cyclic.buffer.size=1048576 -javaagent:D:\IntelliJ IDEA 2019.2.4\lib\idea_rt.jar=11082:D:\IntelliJ IDEA 2019.2.4\bin -Dfile.encoding=UTF-8 
java_command: com.intellij.rt.execution.junit.JUnitStarter -ideVersion5 -junit5 com.kongge.dzuoj.repository.OrderTest,insertTest
java_class_path (initial): D:\IntelliJ IDEA 2019.2.4\lib\idea_rt.jar;D:\IntelliJ IDEA 2019.2.4\plugins\junit\lib\junit-rt.jar;D:\IntelliJ IDEA 2019.2.4\plugins\junit\lib\junit5-rt.jar;C:\Users\47339\.m2\repository\org\junit\platform\junit-platform-launcher\1.8.2\junit-platform-launcher-1.8.2.jar;C:\Users\47339\.m2\repository\org\junit\platform\junit-platform-engine\1.8.2\junit-platform-engine-1.8.2.jar;C:\Users\47339\.m2\repository\org\opentest4j\opentest4j\1.2.0\opentest4j-1.2.0.jar;C:\Users\47339\.m2\repository\org\junit\platform\junit-platform-commons\1.8.2\junit-platform-commons-1.8.2.jar;C:\Users\47339\.m2\repository\org\apiguardian\apiguardian-api\1.1.2\apiguardian-api-1.1.2.jar;C:\Program Files\Java\jdk1.8.0_301\jre\lib\charsets.jar;C:\Program Files\Java\jdk1.8.0_301\jre\lib\deploy.jar;C:\Program Files\Java\jdk1.8.0_301\jre\lib\ext\access-bridge-64.jar;C:\Program Files\Java\jdk1.8.0_301\jre\lib\ext\cldrdata.jar;C:\Program Files\Java\jdk1.8.0_301\jre\lib\ext\dnsns.jar;C:\Program Files\Java\jdk1.8.0_301\jre\lib\ext\jaccess.jar;C:\Program Files\Java\jdk1.8.0_301\jre\lib\ext\jfxrt.jar;C:\Program Files\Java\jdk1.8.0_301\jre\lib\ext\localedata.jar;C:\Program Files\Java\jdk1.8.0_301\jre\lib\ext\nashorn.jar;C:\Program Files\Java\jdk1.8.0_301\jre\lib\ext\sunec.jar;C:\Program Files\Java\jdk1.8.0_301\jre\lib\ext\sunjce_provider.jar;C:\Program Files\Java\jdk1.8.0_301\jre\lib\ext\sunmscapi.jar;C:\Program Files\Java\jdk1.8.0_301\jre\lib\ext\sunpkcs11.jar;C:\Program Files\Java\jdk1.8.0_301\jre\lib\ext\zipfs.jar;C:\Program Files\Java\jdk1.8.0_301\jre\lib\javaws.jar;C:\Program Files\Java\jdk1.8.0_301\jre\lib\jce.jar;C:\Program Files\Java\jdk1.8.0_301\jre\lib\jfr.jar;C:\Program Files\Java\jdk1.8.0_301\jre\lib\jfxswt.jar;C:\Program Files\Java\jdk1.8.0_301\jre\lib\jsse.jar;C:\Program Files\Java\jdk1.8.0_301\jre\lib\management-agent.jar;C:\Program Files\Java\jdk1.8.0_301\jre\lib\plugin.jar;C:\Program Files\Java\jdk1.8.0_301\jre\lib\resources.jar;C:\Program Files\Java\jdk1.8.0_3
Launcher Type: SUN_STANDARD

Environment Variables:
JAVA_HOME=C:\Program Files\Java\jdk1.8.0_301 
CLASSPATH=.;C:\Program Files\Java\jdk1.8.0_301 \lib\dt.jar;C:\Program Files\Java\jdk1.8.0_301 \lib\tools.jar; 
PATH=D:\vm\bin\;C:\Program Files (x86)\Common Files\Oracle\Java\javapath;C:\WINDOWS\system32;C:\WINDOWS;C:\WINDOWS\System32\Wbem;C:\WINDOWS\System32\WindowsPowerShell\v1.0\;C:\WINDOWS\System32\OpenSSH\;"C:\Program Files\Java\jdk1.8.0_301 \bin;C:\Program Files\Java\jdk1.8.0_301 \jre\bin;";D:\shell\;D:\Program Files\Git\cmd;C:\nvm;C:\Program Files\nodejs;C:\Program Files\MySQL\MySQL Shell 8.0\bin\;C:\Users\47339\AppData\Local\Programs\Python\Python310\Scripts\;C:\Users\47339\AppData\Local\Programs\Python\Python310\;C:\Users\47339\AppData\Local\Microsoft\WindowsApps;D:\IntelliJ IDEA 2019.2.4\bin;;D:\Microsoft VS Code\bin;C:\nvm;C:\Program Files\nodejs
USERNAME=47339
OS=Windows_NT
PROCESSOR_IDENTIFIER=Intel64 Family 6 Model 142 Stepping 11, GenuineIntel



---------------  S Y S T E M  ---------------

OS: Windows 10.0 , 64 bit Build 19041 (10.0.19041.1348)

CPU:total 8 (initial active 8) (4 cores per cpu, 2 threads per core) family 6 model 142 stepping 11, cmov, cx8, fxsr, mmx, sse, sse2, sse3, ssse3, sse4.1, sse4.2, popcnt, avx, avx2, aes, clmul, erms, 3dnowpref, lzcnt, ht, tsc, tscinvbit, bmi1, bmi2, adx

Memory: 4k page, physical 16661816k(3044976k free), swap 32024620k(5976k free)

vm_info: Java HotSpot(TM) 64-Bit Server VM (25.301-b09) for windows-amd64 JRE (1.8.0_301-b09), built on Jun  9 2021 06:46:21 by "java_re" with MS VC++ 15.9 (VS2017)

time: Tue Jan 18 15:39:43 2022
timezone: 中国标准时间
elapsed time: 9.348371 seconds (0d 0h 0m 9s)

