#
# There is insufficient memory for the Java Runtime Environment to continue.
# Native memory allocation (malloc) failed to allocate 1048576 bytes for AllocateHeap
# Possible reasons:
#   The system is out of physical RAM or swap space
#   The process is running with CompressedOops enabled, and the Java Heap may be blocking the growth of the native heap
# Possible solutions:
#   Reduce memory load on the system
#   Increase physical memory or swap space
#   Check if swap backing store is full
#   Decrease Java heap size (-Xmx/-Xms)
#   Decrease number of Java threads
#   Decrease Java thread stack sizes (-Xss)
#   Set larger code cache with -XX:ReservedCodeCacheSize=
#   JVM is running with Zero Based Compressed Oops mode in which the Java heap is
#     placed in the first 32GB address space. The Java Heap base address is the
#     maximum limit for the native heap growth. Please use -XX:HeapBaseMinAddress
#     to set the Java Heap base and to place the Java Heap above 32GB virtual address.
# This output file may be truncated or incomplete.
#
#  Out of Memory Error (memory/allocation.inline.hpp:61), pid=2632, tid=0x0000000000003ea0
#
# JRE version:  (8.0_301-b09) (build )
# Java VM: Java HotSpot(TM) 64-Bit Server VM (25.301-b09 mixed mode windows-amd64 compressed oops)
# Failed to write core dump. Minidumps are not enabled by default on client versions of Windows
#

---------------  T H R E A D  ---------------

Current thread (0x000001da3708f800):  JavaThread "Unknown thread" [_thread_in_vm, id=16032, stack(0x0000001400800000,0x0000001400900000)]

Stack: [0x0000001400800000,0x0000001400900000]
Native frames: (J=compiled Java code, j=interpreted, Vv=VM code, C=native code)
V  [jvm.dll+0x32ed79]
V  [jvm.dll+0x275722]
V  [jvm.dll+0x2763cd]
V  [jvm.dll+0x26ce05]
V  [jvm.dll+0x509d]
V  [jvm.dll+0x3c964d]
V  [jvm.dll+0x3ca3ca]
V  [jvm.dll+0x3c6367]
V  [jvm.dll+0xfcdcf]
V  [jvm.dll+0x20a0bb]
V  [jvm.dll+0x238ae7]
V  [jvm.dll+0x162876]
C  [java.exe+0x2312]
C  [java.exe+0x15f54]
C  [KERNEL32.DLL+0x17034]
C  [ntdll.dll+0x52651]


---------------  P R O C E S S  ---------------

Java Threads: ( => current thread )

Other Threads:

=>0x000001da3708f800 (exited) JavaThread "Unknown thread" [_thread_in_vm, id=16032, stack(0x0000001400800000,0x0000001400900000)]

VM state:not at safepoint (normal execution)

VM Mutex/Monitor currently owned by a thread: None

heap address: 0x00000006c1c00000, size: 4068 MB, Compressed Oops mode: Zero based, Oop shift amount: 3
Narrow klass base: 0x0000000000000000, Narrow klass shift: 3
Compressed class space size: 1073741824 Address: 0x00000007c0000000

Heap:
 PSYoungGen      total 76288K, used 1310K [0x000000076b400000, 0x0000000770900000, 0x00000007c0000000)
  eden space 65536K, 2% used [0x000000076b400000,0x000000076b547af0,0x000000076f400000)
  from space 10752K, 0% used [0x000000076fe80000,0x000000076fe80000,0x0000000770900000)
  to   space 10752K, 0% used [0x000000076f400000,0x000000076f400000,0x000000076fe80000)
 ParOldGen       total 175104K, used 0K [0x00000006c1c00000, 0x00000006cc700000, 0x000000076b400000)
  object space 175104K, 0% used [0x00000006c1c00000,0x00000006c1c00000,0x00000006cc700000)
 Metaspace       used 778K, capacity 4480K, committed 4480K, reserved 1056768K
  class space    used 76K, capacity 384K, committed 384K, reserved 1048576K

Card table byte_map: [0x000001da47f70000,0x000001da48770000] byte_map_base: 0x000001da44962000

Marking Bits: (ParMarkBitMap*) 0x0000000073287fe0
 Begin Bits: [0x000001da48cc0000, 0x000001da4cc50000)
 End Bits:   [0x000001da4cc50000, 0x000001da50be0000)

Polling page: 0x000001da372e0000

CodeCache: size=245760Kb used=328Kb max_used=328Kb free=245431Kb
 bounds [0x000001da38bb0000, 0x000001da38e20000, 0x000001da47bb0000]
 total_blobs=58 nmethods=0 adapters=38
 compilation: enabled

Compilation events (0 events):
No events

GC Heap History (0 events):
No events

Deoptimization events (0 events):
No events

Classes redefined (0 events):
No events

Internal exceptions (0 events):
No events

Events (10 events):
Event: 0.029 loading class java/lang/Short
Event: 0.029 loading class java/lang/Short done
Event: 0.029 loading class java/lang/Integer
Event: 0.029 loading class java/lang/Integer done
Event: 0.029 loading class java/lang/Long
Event: 0.029 loading class java/lang/Long done
Event: 0.030 loading class java/lang/NullPointerException
Event: 0.030 loading class java/lang/NullPointerException done
Event: 0.030 loading class java/lang/ArithmeticException
Event: 0.030 loading class java/lang/ArithmeticException done


Dynamic libraries:
0x00007ff732a20000 - 0x00007ff732a67000 	C:\Program Files\Java\jdk1.8.0_301\bin\java.exe
0x00007ff81e090000 - 0x00007ff81e285000 	C:\WINDOWS\SYSTEM32\ntdll.dll
0x00007ff81d700000 - 0x00007ff81d7be000 	C:\WINDOWS\System32\KERNEL32.DLL
0x00007ff81be00000 - 0x00007ff81c0c8000 	C:\WINDOWS\System32\KERNELBASE.dll
0x00007ff81de30000 - 0x00007ff81dedc000 	C:\WINDOWS\System32\ADVAPI32.dll
0x00007ff81dee0000 - 0x00007ff81df7e000 	C:\WINDOWS\System32\msvcrt.dll
0x00007ff81ce40000 - 0x00007ff81cedb000 	C:\WINDOWS\System32\sechost.dll
0x00007ff81dca0000 - 0x00007ff81ddca000 	C:\WINDOWS\System32\RPCRT4.dll
0x00007ff81d430000 - 0x00007ff81d5d1000 	C:\WINDOWS\System32\USER32.dll
0x00007ff81bcd0000 - 0x00007ff81bcf2000 	C:\WINDOWS\System32\win32u.dll
0x00007ff81d970000 - 0x00007ff81d99b000 	C:\WINDOWS\System32\GDI32.dll
0x00007ff81bb70000 - 0x00007ff81bc7d000 	C:\WINDOWS\System32\gdi32full.dll
0x00007ff81b7a0000 - 0x00007ff81b83d000 	C:\WINDOWS\System32\msvcp_win.dll
0x00007ff81bd00000 - 0x00007ff81be00000 	C:\WINDOWS\System32\ucrtbase.dll
0x00007ffffe2c0000 - 0x00007ffffe55a000 	C:\WINDOWS\WinSxS\amd64_microsoft.windows.common-controls_6595b64144ccf1df_6.0.19041.1110_none_60b5254171f9507e\COMCTL32.dll
0x00007ff81c0d0000 - 0x00007ff81c100000 	C:\WINDOWS\System32\IMM32.DLL
0x00007ff812da0000 - 0x00007ff812db5000 	C:\Program Files\Java\jdk1.8.0_301\jre\bin\vcruntime140.dll
0x00007fffffcf0000 - 0x00007fffffd8b000 	C:\Program Files\Java\jdk1.8.0_301\jre\bin\msvcp140.dll
0x0000000072aa0000 - 0x0000000073300000 	C:\Program Files\Java\jdk1.8.0_301\jre\bin\server\jvm.dll
0x00007ff81cd50000 - 0x00007ff81cd58000 	C:\WINDOWS\System32\PSAPI.DLL
0x00007ffffe220000 - 0x00007ffffe247000 	C:\WINDOWS\SYSTEM32\WINMM.dll
0x00007ff812800000 - 0x00007ff81280a000 	C:\WINDOWS\SYSTEM32\VERSION.dll
0x00007ffffa8e0000 - 0x00007ffffa8e9000 	C:\WINDOWS\SYSTEM32\WSOCK32.dll
0x00007ff81d5e0000 - 0x00007ff81d64b000 	C:\WINDOWS\System32\WS2_32.dll
0x00007ff81a020000 - 0x00007ff81a032000 	C:\WINDOWS\SYSTEM32\kernel.appcore.dll
0x00007ff813290000 - 0x00007ff8132a0000 	C:\Program Files\Java\jdk1.8.0_301\jre\bin\verify.dll
0x00007ff812bb0000 - 0x00007ff812bdb000 	C:\Program Files\Java\jdk1.8.0_301\jre\bin\java.dll
0x00007fffffe40000 - 0x00007fffffe70000 	C:\Program Files\Java\jdk1.8.0_301\jre\bin\instrument.dll
0x00007ff806700000 - 0x00007ff806718000 	C:\Program Files\Java\jdk1.8.0_301\jre\bin\zip.dll
0x00007ff819d30000 - 0x00007ff819f14000 	C:\WINDOWS\SYSTEM32\dbghelp.dll
0x00007ff81ba30000 - 0x00007ff81bab2000 	C:\WINDOWS\System32\bcryptPrimitives.dll

VM Arguments:
jvm_args: -ea -Didea.test.cyclic.buffer.size=1048576 -javaagent:D:\IntelliJ IDEA 2019.2.4\lib\idea_rt.jar=8469:D:\IntelliJ IDEA 2019.2.4\bin -Dfile.encoding=UTF-8 
java_command: com.intellij.rt.execution.junit.JUnitStarter -ideVersion5 -junit5 com.kongge.dzuoj.repository.UserTest,testInsert
java_class_path (initial): D:\IntelliJ IDEA 2019.2.4\lib\idea_rt.jar;D:\IntelliJ IDEA 2019.2.4\plugins\junit\lib\junit-rt.jar;D:\IntelliJ IDEA 2019.2.4\plugins\junit\lib\junit5-rt.jar;C:\Users\47339\.m2\repository\org\junit\platform\junit-platform-launcher\1.8.2\junit-platform-launcher-1.8.2.jar;C:\Users\47339\.m2\repository\org\junit\platform\junit-platform-engine\1.8.2\junit-platform-engine-1.8.2.jar;C:\Users\47339\.m2\repository\org\opentest4j\opentest4j\1.2.0\opentest4j-1.2.0.jar;C:\Users\47339\.m2\repository\org\junit\platform\junit-platform-commons\1.8.2\junit-platform-commons-1.8.2.jar;C:\Users\47339\.m2\repository\org\apiguardian\apiguardian-api\1.1.2\apiguardian-api-1.1.2.jar;C:\Program Files\Java\jdk1.8.0_301\jre\lib\charsets.jar;C:\Program Files\Java\jdk1.8.0_301\jre\lib\deploy.jar;C:\Program Files\Java\jdk1.8.0_301\jre\lib\ext\access-bridge-64.jar;C:\Program Files\Java\jdk1.8.0_301\jre\lib\ext\cldrdata.jar;C:\Program Files\Java\jdk1.8.0_301\jre\lib\ext\dnsns.jar;C:\Program Files\Java\jdk1.8.0_301\jre\lib\ext\jaccess.jar;C:\Program Files\Java\jdk1.8.0_301\jre\lib\ext\jfxrt.jar;C:\Program Files\Java\jdk1.8.0_301\jre\lib\ext\localedata.jar;C:\Program Files\Java\jdk1.8.0_301\jre\lib\ext\nashorn.jar;C:\Program Files\Java\jdk1.8.0_301\jre\lib\ext\sunec.jar;C:\Program Files\Java\jdk1.8.0_301\jre\lib\ext\sunjce_provider.jar;C:\Program Files\Java\jdk1.8.0_301\jre\lib\ext\sunmscapi.jar;C:\Program Files\Java\jdk1.8.0_301\jre\lib\ext\sunpkcs11.jar;C:\Program Files\Java\jdk1.8.0_301\jre\lib\ext\zipfs.jar;C:\Program Files\Java\jdk1.8.0_301\jre\lib\javaws.jar;C:\Program Files\Java\jdk1.8.0_301\jre\lib\jce.jar;C:\Program Files\Java\jdk1.8.0_301\jre\lib\jfr.jar;C:\Program Files\Java\jdk1.8.0_301\jre\lib\jfxswt.jar;C:\Program Files\Java\jdk1.8.0_301\jre\lib\jsse.jar;C:\Program Files\Java\jdk1.8.0_301\jre\lib\management-agent.jar;C:\Program Files\Java\jdk1.8.0_301\jre\lib\plugin.jar;C:\Program Files\Java\jdk1.8.0_301\jre\lib\resources.jar;C:\Program Files\Java\jdk1.8.0_3
Launcher Type: SUN_STANDARD

Environment Variables:
JAVA_HOME=C:\Program Files\Java\jdk1.8.0_301 
CLASSPATH=.;C:\Program Files\Java\jdk1.8.0_301 \lib\dt.jar;C:\Program Files\Java\jdk1.8.0_301 \lib\tools.jar; 
PATH=D:\vm\bin\;C:\Program Files (x86)\Common Files\Oracle\Java\javapath;C:\WINDOWS\system32;C:\WINDOWS;C:\WINDOWS\System32\Wbem;C:\WINDOWS\System32\WindowsPowerShell\v1.0\;C:\WINDOWS\System32\OpenSSH\;"C:\Program Files\Java\jdk1.8.0_301 \bin;C:\Program Files\Java\jdk1.8.0_301 \jre\bin;";D:\shell\;D:\Program Files\Git\cmd;C:\nvm;C:\Program Files\nodejs;C:\Program Files\MySQL\MySQL Shell 8.0\bin\;C:\Users\47339\AppData\Local\Programs\Python\Python310\Scripts\;C:\Users\47339\AppData\Local\Programs\Python\Python310\;C:\Users\47339\AppData\Local\Microsoft\WindowsApps;D:\IntelliJ IDEA 2019.2.4\bin;;D:\Microsoft VS Code\bin;C:\nvm;C:\Program Files\nodejs
USERNAME=47339
OS=Windows_NT
PROCESSOR_IDENTIFIER=Intel64 Family 6 Model 142 Stepping 11, GenuineIntel



---------------  S Y S T E M  ---------------

OS: Windows 10.0 , 64 bit Build 19041 (10.0.19041.1348)

CPU:total 8 (initial active 8) (4 cores per cpu, 2 threads per core) family 6 model 142 stepping 11, cmov, cx8, fxsr, mmx, sse, sse2, sse3, ssse3, sse4.1, sse4.2, popcnt, avx, avx2, aes, clmul, erms, 3dnowpref, lzcnt, ht, tsc, tscinvbit, bmi1, bmi2, adx

Memory: 4k page, physical 16661816k(2674640k free), swap 32024620k(5120k free)

vm_info: Java HotSpot(TM) 64-Bit Server VM (25.301-b09) for windows-amd64 JRE (1.8.0_301-b09), built on Jun  9 2021 06:46:21 by "java_re" with MS VC++ 15.9 (VS2017)

time: Fri Jan 14 21:49:58 2022
timezone: 中国标准时间
elapsed time: 0.085644 seconds (0d 0h 0m 0s)

