#
# There is insufficient memory for the Java Runtime Environment to continue.
# Native memory allocation (malloc) failed to allocate 1426224 bytes for Chunk::new
# Possible reasons:
#   The system is out of physical RAM or swap space
#   The process is running with CompressedOops enabled, and the Java Heap may be blocking the growth of the native heap
# Possible solutions:
#   Reduce memory load on the system
#   Increase physical memory or swap space
#   Check if swap backing store is full
#   Decrease Java heap size (-Xmx/-Xms)
#   Decrease number of Java threads
#   Decrease Java thread stack sizes (-Xss)
#   Set larger code cache with -XX:ReservedCodeCacheSize=
#   JVM is running with Zero Based Compressed Oops mode in which the Java heap is
#     placed in the first 32GB address space. The Java Heap base address is the
#     maximum limit for the native heap growth. Please use -XX:HeapBaseMinAddress
#     to set the Java Heap base and to place the Java Heap above 32GB virtual address.
# This output file may be truncated or incomplete.
#
#  Out of Memory Error (allocation.cpp:389), pid=11868, tid=0x0000000000008394
#
# JRE version: Java(TM) SE Runtime Environment (8.0_301-b09) (build 1.8.0_301-b09)
# Java VM: Java HotSpot(TM) 64-Bit Server VM (25.301-b09 mixed mode windows-amd64 compressed oops)
# Failed to write core dump. Minidumps are not enabled by default on client versions of Windows
#

---------------  T H R E A D  ---------------

Current thread (0x000001cb1e969800):  JavaThread "C2 CompilerThread0" daemon [_thread_in_native, id=33684, stack(0x0000006d0fc00000,0x0000006d0fd00000)]

Stack: [0x0000006d0fc00000,0x0000006d0fd00000]
Native frames: (J=compiled Java code, j=interpreted, Vv=VM code, C=native code)
V  [jvm.dll+0x32ed79]
V  [jvm.dll+0x275722]
V  [jvm.dll+0x2763cd]
V  [jvm.dll+0x26ce05]
V  [jvm.dll+0xd551c]
V  [jvm.dll+0xd5d1c]
V  [jvm.dll+0x470195]
V  [jvm.dll+0x437c50]
V  [jvm.dll+0x440c55]
V  [jvm.dll+0x440015]
V  [jvm.dll+0x42ae57]
V  [jvm.dll+0xac1bb]
V  [jvm.dll+0xaa81b]
V  [jvm.dll+0x23ddc2]
V  [jvm.dll+0x2923dc]
C  [ucrtbase.dll+0x21bb2]
C  [KERNEL32.DLL+0x17034]
C  [ntdll.dll+0x52651]


Current CompileTask:
C2:  12548 4313       4       org.springframework.core.annotation.TypeMappedAnnotations::get (52 bytes)


---------------  P R O C E S S  ---------------

Java Threads: ( => current thread )
  0x000001cb217b1800 JavaThread "HikariPool-1 connection adder" daemon [_thread_blocked, id=4596, stack(0x0000006d10500000,0x0000006d10600000)]
  0x000001cb217b4800 JavaThread "HikariPool-1 housekeeper" daemon [_thread_blocked, id=32676, stack(0x0000006d10400000,0x0000006d10500000)]
  0x000001cb23f28800 JavaThread "mysql-cj-abandoned-connection-cleanup" daemon [_thread_blocked, id=31868, stack(0x0000006d10200000,0x0000006d10300000)]
  0x000001cb1ea0e000 JavaThread "Service Thread" daemon [_thread_blocked, id=30352, stack(0x0000006d10000000,0x0000006d10100000)]
  0x000001cb1e980000 JavaThread "C1 CompilerThread3" daemon [_thread_blocked, id=33160, stack(0x0000006d0ff00000,0x0000006d10000000)]
  0x000001cb1e96e800 JavaThread "C2 CompilerThread2" daemon [_thread_blocked, id=20580, stack(0x0000006d0fe00000,0x0000006d0ff00000)]
  0x000001cb1e96a000 JavaThread "C2 CompilerThread1" daemon [_thread_blocked, id=38064, stack(0x0000006d0fd00000,0x0000006d0fe00000)]
=>0x000001cb1e969800 JavaThread "C2 CompilerThread0" daemon [_thread_in_native, id=33684, stack(0x0000006d0fc00000,0x0000006d0fd00000)]
  0x000001cb1e95d800 JavaThread "Monitor Ctrl-Break" daemon [_thread_in_native, id=23724, stack(0x0000006d0fb00000,0x0000006d0fc00000)]
  0x000001cb1cbc4000 JavaThread "Attach Listener" daemon [_thread_blocked, id=10080, stack(0x0000006d0fa00000,0x0000006d0fb00000)]
  0x000001cb1e948800 JavaThread "Signal Dispatcher" daemon [_thread_blocked, id=26312, stack(0x0000006d0f900000,0x0000006d0fa00000)]
  0x000001cb1cb98000 JavaThread "Finalizer" daemon [_thread_blocked, id=6964, stack(0x0000006d0f800000,0x0000006d0f900000)]
  0x000001cb1cb90000 JavaThread "Reference Handler" daemon [_thread_blocked, id=13208, stack(0x0000006d0f700000,0x0000006d0f800000)]
  0x000001cb01ee4000 JavaThread "main" [_thread_in_vm, id=32740, stack(0x0000006d0ed00000,0x0000006d0ee00000)]

Other Threads:
  0x000001cb1cb64800 VMThread [stack: 0x0000006d0f600000,0x0000006d0f700000] [id=5408]
  0x000001cb1ea7c000 WatcherThread [stack: 0x0000006d10100000,0x0000006d10200000] [id=41552]

VM state:not at safepoint (normal execution)

VM Mutex/Monitor currently owned by a thread: None

heap address: 0x00000006c1c00000, size: 4068 MB, Compressed Oops mode: Zero based, Oop shift amount: 3
Narrow klass base: 0x0000000000000000, Narrow klass shift: 3
Compressed class space size: 1073741824 Address: 0x00000007c0000000

Heap:
 PSYoungGen      total 398848K, used 27074K [0x000000076b400000, 0x0000000785080000, 0x00000007c0000000)
  eden space 386560K, 3% used [0x000000076b400000,0x000000076c273648,0x0000000782d80000)
  from space 12288K, 99% used [0x0000000784480000,0x000000078507d590,0x0000000785080000)
  to   space 16896K, 0% used [0x0000000782f80000,0x0000000782f80000,0x0000000784000000)
 ParOldGen       total 112640K, used 20425K [0x00000006c1c00000, 0x00000006c8a00000, 0x000000076b400000)
  object space 112640K, 18% used [0x00000006c1c00000,0x00000006c2ff2610,0x00000006c8a00000)
 Metaspace       used 54894K, capacity 57984K, committed 58108K, reserved 1099776K
  class space    used 7598K, capacity 8131K, committed 8192K, reserved 1048576K

Card table byte_map: [0x000001cb12c60000,0x000001cb13460000] byte_map_base: 0x000001cb0f652000

Marking Bits: (ParMarkBitMap*) 0x0000000073287fe0
 Begin Bits: [0x000001cb139b0000, 0x000001cb17940000)
 End Bits:   [0x000001cb17940000, 0x000001cb1b8d0000)

Polling page: 0x000001cb03870000

CodeCache: size=245760Kb used=14411Kb max_used=14443Kb free=231348Kb
 bounds [0x000001cb038a0000, 0x000001cb046d0000, 0x000001cb128a0000]
 total_blobs=4630 nmethods=4073 adapters=469
 compilation: enabled

Compilation events (10 events):
Event: 12.508 Thread 0x000001cb1e980000 4480       3       java.util.Locale::equals (75 bytes)
Event: 12.509 Thread 0x000001cb1e980000 nmethod 4480 0x000001cb046b0850 code [0x000001cb046b0a00, 0x000001cb046b1260]
Event: 12.509 Thread 0x000001cb1e980000 4479   !   3       sun.util.locale.provider.JRELocaleProviderAdapter::getDecimalFormatSymbolsProvider (56 bytes)
Event: 12.509 Thread 0x000001cb1e980000 nmethod 4479 0x000001cb046b2950 code [0x000001cb046b2b00, 0x000001cb046b3190]
Event: 12.509 Thread 0x000001cb1e980000 4474       3       com.sun.org.apache.xerces.internal.dom.DeferredDocumentImpl::getNodeName (49 bytes)
Event: 12.509 Thread 0x000001cb1e96a000 nmethod 4481 0x000001cb046b4e50 code [0x000001cb046b4fa0, 0x000001cb046b52d8]
Event: 12.509 Thread 0x000001cb1e980000 nmethod 4474 0x000001cb046b2110 code [0x000001cb046b22a0, 0x000001cb046b26f0]
Event: 12.509 Thread 0x000001cb1e980000 4485       3       com.sun.org.apache.xerces.internal.util.SymbolTable::addSymbol (110 bytes)
Event: 12.510 Thread 0x000001cb1e980000 nmethod 4485 0x000001cb046b1750 code [0x000001cb046b1900, 0x000001cb046b1dc0]
Event: 12.510 Thread 0x000001cb1e980000 4486       3       com.sun.org.apache.xerces.internal.impl.XMLEntityScanner::scanLiteral (755 bytes)

GC Heap History (10 events):
Event: 3.369 GC heap before
{Heap before GC invocations=5 (full 1):
 PSYoungGen      total 141824K, used 5589K [0x000000076b400000, 0x0000000774900000, 0x00000007c0000000)
  eden space 131072K, 0% used [0x000000076b400000,0x000000076b400000,0x0000000773400000)
  from space 10752K, 51% used [0x0000000773e80000,0x00000007743f5410,0x0000000774900000)
  to   space 10752K, 0% used [0x0000000773400000,0x0000000773400000,0x0000000773e80000)
 ParOldGen       total 175104K, used 48K [0x00000006c1c00000, 0x00000006cc700000, 0x000000076b400000)
  object space 175104K, 0% used [0x00000006c1c00000,0x00000006c1c0c000,0x00000006cc700000)
 Metaspace       used 19921K, capacity 21518K, committed 21628K, reserved 1069056K
  class space    used 2593K, capacity 2911K, committed 2944K, reserved 1048576K
Event: 3.432 GC heap after
Heap after GC invocations=5 (full 1):
 PSYoungGen      total 141824K, used 0K [0x000000076b400000, 0x0000000774900000, 0x00000007c0000000)
  eden space 131072K, 0% used [0x000000076b400000,0x000000076b400000,0x0000000773400000)
  from space 10752K, 0% used [0x0000000773e80000,0x0000000773e80000,0x0000000774900000)
  to   space 10752K, 0% used [0x0000000773400000,0x0000000773400000,0x0000000773e80000)
 ParOldGen       total 84992K, used 5438K [0x00000006c1c00000, 0x00000006c6f00000, 0x000000076b400000)
  object space 84992K, 6% used [0x00000006c1c00000,0x00000006c214fad0,0x00000006c6f00000)
 Metaspace       used 19921K, capacity 21518K, committed 21628K, reserved 1069056K
  class space    used 2593K, capacity 2911K, committed 2944K, reserved 1048576K
}
Event: 4.561 GC heap before
{Heap before GC invocations=6 (full 1):
 PSYoungGen      total 141824K, used 131072K [0x000000076b400000, 0x0000000774900000, 0x00000007c0000000)
  eden space 131072K, 100% used [0x000000076b400000,0x0000000773400000,0x0000000773400000)
  from space 10752K, 0% used [0x0000000773e80000,0x0000000773e80000,0x0000000774900000)
  to   space 10752K, 0% used [0x0000000773400000,0x0000000773400000,0x0000000773e80000)
 ParOldGen       total 84992K, used 5438K [0x00000006c1c00000, 0x00000006c6f00000, 0x000000076b400000)
  object space 84992K, 6% used [0x00000006c1c00000,0x00000006c214fad0,0x00000006c6f00000)
 Metaspace       used 25176K, capacity 27062K, committed 27260K, reserved 1073152K
  class space    used 3282K, capacity 3637K, committed 3712K, reserved 1048576K
Event: 4.573 GC heap after
Heap after GC invocations=6 (full 1):
 PSYoungGen      total 141824K, used 8947K [0x000000076b400000, 0x000000077a800000, 0x00000007c0000000)
  eden space 131072K, 0% used [0x000000076b400000,0x000000076b400000,0x0000000773400000)
  from space 10752K, 83% used [0x0000000773400000,0x0000000773cbcfd0,0x0000000773e80000)
  to   space 10240K, 0% used [0x0000000779e00000,0x0000000779e00000,0x000000077a800000)
 ParOldGen       total 84992K, used 5446K [0x00000006c1c00000, 0x00000006c6f00000, 0x000000076b400000)
  object space 84992K, 6% used [0x00000006c1c00000,0x00000006c2151ad0,0x00000006c6f00000)
 Metaspace       used 25176K, capacity 27062K, committed 27260K, reserved 1073152K
  class space    used 3282K, capacity 3637K, committed 3712K, reserved 1048576K
}
Event: 6.863 GC heap before
{Heap before GC invocations=7 (full 1):
 PSYoungGen      total 141824K, used 140019K [0x000000076b400000, 0x000000077a800000, 0x00000007c0000000)
  eden space 131072K, 100% used [0x000000076b400000,0x0000000773400000,0x0000000773400000)
  from space 10752K, 83% used [0x0000000773400000,0x0000000773cbcfd0,0x0000000773e80000)
  to   space 10240K, 0% used [0x0000000779e00000,0x0000000779e00000,0x000000077a800000)
 ParOldGen       total 84992K, used 5446K [0x00000006c1c00000, 0x00000006c6f00000, 0x000000076b400000)
  object space 84992K, 6% used [0x00000006c1c00000,0x00000006c2151ad0,0x00000006c6f00000)
 Metaspace       used 33252K, capacity 35766K, committed 35836K, reserved 1081344K
  class space    used 4392K, capacity 4859K, committed 4864K, reserved 1048576K
Event: 6.881 GC heap after
Heap after GC invocations=7 (full 1):
 PSYoungGen      total 232960K, used 10231K [0x000000076b400000, 0x000000077a800000, 0x00000007c0000000)
  eden space 222720K, 0% used [0x000000076b400000,0x000000076b400000,0x0000000778d80000)
  from space 10240K, 99% used [0x0000000779e00000,0x000000077a7fde18,0x000000077a800000)
  to   space 12800K, 0% used [0x0000000778f00000,0x0000000778f00000,0x0000000779b80000)
 ParOldGen       total 84992K, used 8182K [0x00000006c1c00000, 0x00000006c6f00000, 0x000000076b400000)
  object space 84992K, 9% used [0x00000006c1c00000,0x00000006c23fd910,0x00000006c6f00000)
 Metaspace       used 33252K, capacity 35766K, committed 35836K, reserved 1081344K
  class space    used 4392K, capacity 4859K, committed 4864K, reserved 1048576K
}
Event: 6.933 GC heap before
{Heap before GC invocations=8 (full 1):
 PSYoungGen      total 232960K, used 14357K [0x000000076b400000, 0x000000077a800000, 0x00000007c0000000)
  eden space 222720K, 1% used [0x000000076b400000,0x000000076b807998,0x0000000778d80000)
  from space 10240K, 99% used [0x0000000779e00000,0x000000077a7fde18,0x000000077a800000)
  to   space 12800K, 0% used [0x0000000778f00000,0x0000000778f00000,0x0000000779b80000)
 ParOldGen       total 84992K, used 8182K [0x00000006c1c00000, 0x00000006c6f00000, 0x000000076b400000)
  object space 84992K, 9% used [0x00000006c1c00000,0x00000006c23fd910,0x00000006c6f00000)
 Metaspace       used 33538K, capacity 36034K, committed 36048K, reserved 1081344K
  class space    used 4426K, capacity 4861K, committed 4864K, reserved 1048576K
Event: 6.942 GC heap after
Heap after GC invocations=8 (full 1):
 PSYoungGen      total 237056K, used 8088K [0x000000076b400000, 0x0000000785080000, 0x00000007c0000000)
  eden space 224256K, 0% used [0x000000076b400000,0x000000076b400000,0x0000000778f00000)
  from space 12800K, 63% used [0x0000000778f00000,0x00000007796e6000,0x0000000779b80000)
  to   space 12288K, 0% used [0x0000000784480000,0x0000000784480000,0x0000000785080000)
 ParOldGen       total 84992K, used 8190K [0x00000006c1c00000, 0x00000006c6f00000, 0x000000076b400000)
  object space 84992K, 9% used [0x00000006c1c00000,0x00000006c23ff910,0x00000006c6f00000)
 Metaspace       used 33538K, capacity 36034K, committed 36048K, reserved 1081344K
  class space    used 4426K, capacity 4861K, committed 4864K, reserved 1048576K
}
Event: 6.942 GC heap before
{Heap before GC invocations=9 (full 2):
 PSYoungGen      total 237056K, used 8088K [0x000000076b400000, 0x0000000785080000, 0x00000007c0000000)
  eden space 224256K, 0% used [0x000000076b400000,0x000000076b400000,0x0000000778f00000)
  from space 12800K, 63% used [0x0000000778f00000,0x00000007796e6000,0x0000000779b80000)
  to   space 12288K, 0% used [0x0000000784480000,0x0000000784480000,0x0000000785080000)
 ParOldGen       total 84992K, used 8190K [0x00000006c1c00000, 0x00000006c6f00000, 0x000000076b400000)
  object space 84992K, 9% used [0x00000006c1c00000,0x00000006c23ff910,0x00000006c6f00000)
 Metaspace       used 33538K, capacity 36034K, committed 36048K, reserved 1081344K
  class space    used 4426K, capacity 4861K, committed 4864K, reserved 1048576K
Event: 7.016 GC heap after
Heap after GC invocations=9 (full 2):
 PSYoungGen      total 237056K, used 0K [0x000000076b400000, 0x0000000785080000, 0x00000007c0000000)
  eden space 224256K, 0% used [0x000000076b400000,0x000000076b400000,0x0000000778f00000)
  from space 12800K, 0% used [0x0000000778f00000,0x0000000778f00000,0x0000000779b80000)
  to   space 12288K, 0% used [0x0000000784480000,0x0000000784480000,0x0000000785080000)
 ParOldGen       total 112640K, used 12991K [0x00000006c1c00000, 0x00000006c8a00000, 0x000000076b400000)
  object space 112640K, 11% used [0x00000006c1c00000,0x00000006c28afcb8,0x00000006c8a00000)
 Metaspace       used 33538K, capacity 36034K, committed 36048K, reserved 1081344K
  class space    used 4426K, capacity 4861K, committed 4864K, reserved 1048576K
}

Deoptimization events (10 events):
Event: 10.881 Thread 0x000001cb01ee4000 Uncommon trap: reason=class_check action=maybe_recompile pc=0x000001cb04533c38 method=java.util.regex.Pattern$SliceI.match(Ljava/util/regex/Matcher;ILjava/lang/CharSequence;)Z @ 92
Event: 10.881 Thread 0x000001cb01ee4000 Uncommon trap: reason=class_check action=maybe_recompile pc=0x000001cb04533c38 method=java.util.regex.Pattern$SliceI.match(Ljava/util/regex/Matcher;ILjava/lang/CharSequence;)Z @ 92
Event: 10.889 Thread 0x000001cb01ee4000 Uncommon trap: reason=class_check action=maybe_recompile pc=0x000001cb04533c38 method=java.util.regex.Pattern$SliceI.match(Ljava/util/regex/Matcher;ILjava/lang/CharSequence;)Z @ 92
Event: 10.991 Thread 0x000001cb01ee4000 Uncommon trap: reason=class_check action=maybe_recompile pc=0x000001cb0439df44 method=org.springframework.beans.factory.support.AbstractBeanFactory.isTypeMatch(Ljava/lang/String;Lorg/springframework/core/ResolvableType;Z)Z @ 53
Event: 11.040 Thread 0x000001cb01ee4000 Uncommon trap: reason=class_check action=maybe_recompile pc=0x000001cb0439df44 method=org.springframework.beans.factory.support.AbstractBeanFactory.isTypeMatch(Ljava/lang/String;Lorg/springframework/core/ResolvableType;Z)Z @ 53
Event: 11.046 Thread 0x000001cb01ee4000 Uncommon trap: reason=class_check action=maybe_recompile pc=0x000001cb0415e918 method=org.springframework.core.ResolvableType.resolveType()Lorg/springframework/core/ResolvableType; @ 101
Event: 11.049 Thread 0x000001cb01ee4000 Uncommon trap: reason=class_check action=maybe_recompile pc=0x000001cb0439df44 method=org.springframework.beans.factory.support.AbstractBeanFactory.isTypeMatch(Ljava/lang/String;Lorg/springframework/core/ResolvableType;Z)Z @ 53
Event: 11.049 Thread 0x000001cb01ee4000 Uncommon trap: reason=class_check action=maybe_recompile pc=0x000001cb0439df44 method=org.springframework.beans.factory.support.AbstractBeanFactory.isTypeMatch(Ljava/lang/String;Lorg/springframework/core/ResolvableType;Z)Z @ 53
Event: 12.270 Thread 0x000001cb01ee4000 Uncommon trap: reason=unstable_if action=reinterpret pc=0x000001cb0444be08 method=java.util.concurrent.ConcurrentHashMap.putVal(Ljava/lang/Object;Ljava/lang/Object;Z)Ljava/lang/Object; @ 331
Event: 12.466 Thread 0x000001cb01ee4000 Uncommon trap: reason=unstable_if action=reinterpret pc=0x000001cb03ac8094 method=java.lang.AbstractStringBuilder.append(Ljava/lang/String;)Ljava/lang/AbstractStringBuilder; @ 1

Classes redefined (0 events):
No events

Internal exceptions (10 events):
Event: 11.261 Thread 0x000001cb01ee4000 Exception <a 'java/lang/ClassNotFoundException': com/baomidou/mybatisplus/autoconfigure/MybatisPlusAutoConfigurationCustomizer> (0x0000000777757460) thrown at [C:\jenkins\workspace\8-2-build-windows-amd64-cygwin\jdk8u301\1513\hotspot\src\share\vm\classfil
Event: 11.262 Thread 0x000001cb01ee4000 Exception <a 'java/lang/ClassNotFoundException': org/springframework/beans/factory/InitializingBeanCustomizer> (0x000000077777cab0) thrown at [C:\jenkins\workspace\8-2-build-windows-amd64-cygwin\jdk8u301\1513\hotspot\src\share\vm\classfile\systemDictionar
Event: 12.269 Thread 0x000001cb01ee4000 Exception <a 'java/lang/ClassNotFoundException': java/lang/ObjectCustomizer> (0x0000000777a400e8) thrown at [C:\jenkins\workspace\8-2-build-windows-amd64-cygwin\jdk8u301\1513\hotspot\src\share\vm\classfile\systemDictionary.cpp, line 212]
Event: 12.269 Thread 0x000001cb01ee4000 Exception <a 'java/lang/ClassNotFoundException': org/apache/ibatis/session/defaults/DefaultSqlSessionFactoryCustomizer> (0x0000000777a69320) thrown at [C:\jenkins\workspace\8-2-build-windows-amd64-cygwin\jdk8u301\1513\hotspot\src\share\vm\classfile\system
Event: 12.270 Thread 0x000001cb01ee4000 Exception <a 'java/lang/ClassNotFoundException': org/apache/ibatis/session/SqlSessionFactoryCustomizer> (0x0000000777a91328) thrown at [C:\jenkins\workspace\8-2-build-windows-amd64-cygwin\jdk8u301\1513\hotspot\src\share\vm\classfile\systemDictionary.cpp, 
Event: 12.278 Thread 0x000001cb01ee4000 Exception <a 'java/lang/ClassNotFoundException': java/lang/ObjectCustomizer> (0x0000000777b3eda8) thrown at [C:\jenkins\workspace\8-2-build-windows-amd64-cygwin\jdk8u301\1513\hotspot\src\share\vm\classfile\systemDictionary.cpp, line 212]
Event: 12.279 Thread 0x000001cb01ee4000 Exception <a 'java/lang/ClassNotFoundException': org/mybatis/spring/SqlSessionTemplateCustomizer> (0x0000000777b5f4b0) thrown at [C:\jenkins\workspace\8-2-build-windows-amd64-cygwin\jdk8u301\1513\hotspot\src\share\vm\classfile\systemDictionary.cpp, line 2
Event: 12.280 Thread 0x000001cb01ee4000 Exception <a 'java/lang/ClassNotFoundException': org/apache/ibatis/session/SqlSessionCustomizer> (0x0000000777bb4408) thrown at [C:\jenkins\workspace\8-2-build-windows-amd64-cygwin\jdk8u301\1513\hotspot\src\share\vm\classfile\systemDictionary.cpp, line 21
Event: 12.281 Thread 0x000001cb01ee4000 Exception <a 'java/lang/ClassNotFoundException': org/springframework/beans/factory/DisposableBeanCustomizer> (0x0000000777bf3810) thrown at [C:\jenkins\workspace\8-2-build-windows-amd64-cygwin\jdk8u301\1513\hotspot\src\share\vm\classfile\systemDictionary.
Event: 12.466 Thread 0x000001cb01ee4000 Implicit null exception at 0x000001cb03ac7cd6 to 0x000001cb03ac807d

Events (10 events):
Event: 12.467 loading class org/apache/ibatis/scripting/xmltags/ForEachSqlNode$FilteredDynamicContext
Event: 12.467 loading class org/apache/ibatis/scripting/xmltags/ForEachSqlNode$FilteredDynamicContext done
Event: 12.468 loading class com/baomidou/mybatisplus/core/metadata/TableFieldInfo
Event: 12.468 loading class com/baomidou/mybatisplus/core/metadata/TableFieldInfo done
Event: 12.468 loading class com/baomidou/mybatisplus/core/metadata/TableInfo
Event: 12.468 loading class com/baomidou/mybatisplus/core/metadata/TableInfo done
Event: 12.468 loading class com/baomidou/mybatisplus/core/metadata/TableFieldInfo
Event: 12.468 loading class com/baomidou/mybatisplus/core/metadata/TableFieldInfo done
Event: 12.475 loading class org/apache/ibatis/scripting/xmltags/SetSqlNode
Event: 12.475 loading class org/apache/ibatis/scripting/xmltags/SetSqlNode done


Dynamic libraries:
0x00007ff6f0a60000 - 0x00007ff6f0aa7000 	C:\Program Files\Java\jdk1.8.0_301\bin\java.exe
0x00007ff81e090000 - 0x00007ff81e285000 	C:\WINDOWS\SYSTEM32\ntdll.dll
0x00007ff81d700000 - 0x00007ff81d7be000 	C:\WINDOWS\System32\KERNEL32.DLL
0x00007ff81be00000 - 0x00007ff81c0c8000 	C:\WINDOWS\System32\KERNELBASE.dll
0x00007ff81de30000 - 0x00007ff81dedc000 	C:\WINDOWS\System32\ADVAPI32.dll
0x00007ff81dee0000 - 0x00007ff81df7e000 	C:\WINDOWS\System32\msvcrt.dll
0x00007ff81ce40000 - 0x00007ff81cedb000 	C:\WINDOWS\System32\sechost.dll
0x00007ff81dca0000 - 0x00007ff81ddca000 	C:\WINDOWS\System32\RPCRT4.dll
0x00007ff81d430000 - 0x00007ff81d5d1000 	C:\WINDOWS\System32\USER32.dll
0x00007ff81bcd0000 - 0x00007ff81bcf2000 	C:\WINDOWS\System32\win32u.dll
0x00007ff81d970000 - 0x00007ff81d99b000 	C:\WINDOWS\System32\GDI32.dll
0x00007ff81bb70000 - 0x00007ff81bc7d000 	C:\WINDOWS\System32\gdi32full.dll
0x00007ff81b7a0000 - 0x00007ff81b83d000 	C:\WINDOWS\System32\msvcp_win.dll
0x00007ff81bd00000 - 0x00007ff81be00000 	C:\WINDOWS\System32\ucrtbase.dll
0x00007ffffe2c0000 - 0x00007ffffe55a000 	C:\WINDOWS\WinSxS\amd64_microsoft.windows.common-controls_6595b64144ccf1df_6.0.19041.1110_none_60b5254171f9507e\COMCTL32.dll
0x00007ff81c0d0000 - 0x00007ff81c100000 	C:\WINDOWS\System32\IMM32.DLL
0x00007ff818840000 - 0x00007ff818855000 	C:\Program Files\Java\jdk1.8.0_301\jre\bin\vcruntime140.dll
0x00007ff814ba0000 - 0x00007ff814c3b000 	C:\Program Files\Java\jdk1.8.0_301\jre\bin\msvcp140.dll
0x0000000072aa0000 - 0x0000000073300000 	C:\Program Files\Java\jdk1.8.0_301\jre\bin\server\jvm.dll
0x00007ff81cd50000 - 0x00007ff81cd58000 	C:\WINDOWS\System32\PSAPI.DLL
0x00007ffffa8e0000 - 0x00007ffffa8e9000 	C:\WINDOWS\SYSTEM32\WSOCK32.dll
0x00007ffffe220000 - 0x00007ffffe247000 	C:\WINDOWS\SYSTEM32\WINMM.dll
0x00007ff81d5e0000 - 0x00007ff81d64b000 	C:\WINDOWS\System32\WS2_32.dll
0x00007ff812800000 - 0x00007ff81280a000 	C:\WINDOWS\SYSTEM32\VERSION.dll
0x00007ff81a020000 - 0x00007ff81a032000 	C:\WINDOWS\SYSTEM32\kernel.appcore.dll
0x00007ff818830000 - 0x00007ff818840000 	C:\Program Files\Java\jdk1.8.0_301\jre\bin\verify.dll
0x00007ff814b70000 - 0x00007ff814b9b000 	C:\Program Files\Java\jdk1.8.0_301\jre\bin\java.dll
0x00007ffffafe0000 - 0x00007ffffb010000 	C:\Program Files\Java\jdk1.8.0_301\jre\bin\instrument.dll
0x00007ff816790000 - 0x00007ff8167a8000 	C:\Program Files\Java\jdk1.8.0_301\jre\bin\zip.dll
0x00007ff81c100000 - 0x00007ff81c844000 	C:\WINDOWS\System32\SHELL32.dll
0x00007ff8194d0000 - 0x00007ff819c64000 	C:\WINDOWS\SYSTEM32\windows.storage.dll
0x00007ff81cf40000 - 0x00007ff81d295000 	C:\WINDOWS\System32\combase.dll
0x00007ff81b1f0000 - 0x00007ff81b21e000 	C:\WINDOWS\SYSTEM32\Wldp.dll
0x00007ff81d650000 - 0x00007ff81d6fd000 	C:\WINDOWS\System32\SHCORE.dll
0x00007ff81cee0000 - 0x00007ff81cf35000 	C:\WINDOWS\System32\shlwapi.dll
0x00007ff81b6e0000 - 0x00007ff81b6ff000 	C:\WINDOWS\SYSTEM32\profapi.dll
0x00007ffffcb90000 - 0x00007ffffcbaa000 	D:\IntelliJ IDEA 2019.2.4\bin\breakgen64.dll
0x00007ff814e50000 - 0x00007ff814e6c000 	C:\Program Files\Java\jdk1.8.0_301\jre\bin\net.dll
0x00007ff81af50000 - 0x00007ff81afba000 	C:\WINDOWS\system32\mswsock.dll
0x00007ff8149d0000 - 0x00007ff8149e3000 	C:\Program Files\Java\jdk1.8.0_301\jre\bin\nio.dll
0x00007ff812c20000 - 0x00007ff812c2d000 	C:\Program Files\Java\jdk1.8.0_301\jre\bin\management.dll
0x00007ff8006c0000 - 0x00007ff8006d7000 	C:\WINDOWS\system32\napinsp.dll
0x00007ffffc460000 - 0x00007ffffc47b000 	C:\WINDOWS\system32\pnrpnsp.dll
0x00007ff815690000 - 0x00007ff8156a5000 	C:\WINDOWS\system32\wshbth.dll
0x00007ff816560000 - 0x00007ff81657d000 	C:\WINDOWS\system32\NLAapi.dll
0x00007ff81abf0000 - 0x00007ff81ac2b000 	C:\WINDOWS\SYSTEM32\IPHLPAPI.DLL
0x00007ff81ac40000 - 0x00007ff81ad0b000 	C:\WINDOWS\SYSTEM32\DNSAPI.dll
0x00007ff81db50000 - 0x00007ff81db58000 	C:\WINDOWS\System32\NSI.dll
0x00007ffffc440000 - 0x00007ffffc452000 	C:\WINDOWS\System32\winrnr.dll
0x0000000074bf0000 - 0x0000000074c16000 	C:\Program Files\Bonjour\mdnsNSP.dll
0x00007ff80f770000 - 0x00007ff80f77a000 	C:\Windows\System32\rasadhlp.dll
0x00007ff808380000 - 0x00007ff8083ff000 	C:\WINDOWS\System32\fwpuclnt.dll
0x00007ff81b9a0000 - 0x00007ff81b9c7000 	C:\WINDOWS\System32\bcrypt.dll
0x00007ffff5e20000 - 0x00007ffff5e44000 	C:\Program Files\Java\jdk1.8.0_301\jre\bin\sunec.dll
0x00007ff812860000 - 0x00007ff812877000 	C:\WINDOWS\SYSTEM32\dhcpcsvc6.DLL
0x00007ff812810000 - 0x00007ff81282d000 	C:\WINDOWS\SYSTEM32\dhcpcsvc.DLL
0x00007ff81b150000 - 0x00007ff81b168000 	C:\WINDOWS\SYSTEM32\CRYPTSP.dll
0x00007ff81a860000 - 0x00007ff81a894000 	C:\WINDOWS\system32\rsaenh.dll
0x00007ff81b6a0000 - 0x00007ff81b6ce000 	C:\WINDOWS\SYSTEM32\USERENV.dll
0x00007ff81ba30000 - 0x00007ff81bab2000 	C:\WINDOWS\System32\bcryptprimitives.dll
0x00007ff81b140000 - 0x00007ff81b14c000 	C:\WINDOWS\SYSTEM32\CRYPTBASE.dll
0x00007ff812e20000 - 0x00007ff812e2d000 	C:\Program Files\Java\jdk1.8.0_301\jre\bin\sunmscapi.dll
0x00007ff81b840000 - 0x00007ff81b996000 	C:\WINDOWS\System32\CRYPT32.dll
0x00007ff81b260000 - 0x00007ff81b287000 	C:\WINDOWS\SYSTEM32\ncrypt.dll
0x00007ff81b220000 - 0x00007ff81b25b000 	C:\WINDOWS\SYSTEM32\NTASN1.dll
0x00007ff819d30000 - 0x00007ff819f14000 	C:\WINDOWS\SYSTEM32\dbghelp.dll

VM Arguments:
jvm_args: -ea -Didea.test.cyclic.buffer.size=1048576 -javaagent:D:\IntelliJ IDEA 2019.2.4\lib\idea_rt.jar=4175:D:\IntelliJ IDEA 2019.2.4\bin -Dfile.encoding=UTF-8 
java_command: com.intellij.rt.execution.junit.JUnitStarter -ideVersion5 -junit5 com.kongge.dzuoj.repository.OrderTest,insertTest
java_class_path (initial): D:\IntelliJ IDEA 2019.2.4\lib\idea_rt.jar;D:\IntelliJ IDEA 2019.2.4\plugins\junit\lib\junit-rt.jar;D:\IntelliJ IDEA 2019.2.4\plugins\junit\lib\junit5-rt.jar;C:\Users\47339\.m2\repository\org\junit\platform\junit-platform-launcher\1.8.2\junit-platform-launcher-1.8.2.jar;C:\Users\47339\.m2\repository\org\junit\platform\junit-platform-engine\1.8.2\junit-platform-engine-1.8.2.jar;C:\Users\47339\.m2\repository\org\opentest4j\opentest4j\1.2.0\opentest4j-1.2.0.jar;C:\Users\47339\.m2\repository\org\junit\platform\junit-platform-commons\1.8.2\junit-platform-commons-1.8.2.jar;C:\Users\47339\.m2\repository\org\apiguardian\apiguardian-api\1.1.2\apiguardian-api-1.1.2.jar;C:\Program Files\Java\jdk1.8.0_301\jre\lib\charsets.jar;C:\Program Files\Java\jdk1.8.0_301\jre\lib\deploy.jar;C:\Program Files\Java\jdk1.8.0_301\jre\lib\ext\access-bridge-64.jar;C:\Program Files\Java\jdk1.8.0_301\jre\lib\ext\cldrdata.jar;C:\Program Files\Java\jdk1.8.0_301\jre\lib\ext\dnsns.jar;C:\Program Files\Java\jdk1.8.0_301\jre\lib\ext\jaccess.jar;C:\Program Files\Java\jdk1.8.0_301\jre\lib\ext\jfxrt.jar;C:\Program Files\Java\jdk1.8.0_301\jre\lib\ext\localedata.jar;C:\Program Files\Java\jdk1.8.0_301\jre\lib\ext\nashorn.jar;C:\Program Files\Java\jdk1.8.0_301\jre\lib\ext\sunec.jar;C:\Program Files\Java\jdk1.8.0_301\jre\lib\ext\sunjce_provider.jar;C:\Program Files\Java\jdk1.8.0_301\jre\lib\ext\sunmscapi.jar;C:\Program Files\Java\jdk1.8.0_301\jre\lib\ext\sunpkcs11.jar;C:\Program Files\Java\jdk1.8.0_301\jre\lib\ext\zipfs.jar;C:\Program Files\Java\jdk1.8.0_301\jre\lib\javaws.jar;C:\Program Files\Java\jdk1.8.0_301\jre\lib\jce.jar;C:\Program Files\Java\jdk1.8.0_301\jre\lib\jfr.jar;C:\Program Files\Java\jdk1.8.0_301\jre\lib\jfxswt.jar;C:\Program Files\Java\jdk1.8.0_301\jre\lib\jsse.jar;C:\Program Files\Java\jdk1.8.0_301\jre\lib\management-agent.jar;C:\Program Files\Java\jdk1.8.0_301\jre\lib\plugin.jar;C:\Program Files\Java\jdk1.8.0_301\jre\lib\resources.jar;C:\Program Files\Java\jdk1.8.0_3
Launcher Type: SUN_STANDARD

Environment Variables:
JAVA_HOME=C:\Program Files\Java\jdk1.8.0_301 
CLASSPATH=.;C:\Program Files\Java\jdk1.8.0_301 \lib\dt.jar;C:\Program Files\Java\jdk1.8.0_301 \lib\tools.jar; 
PATH=D:\vm\bin\;C:\Program Files (x86)\Common Files\Oracle\Java\javapath;C:\WINDOWS\system32;C:\WINDOWS;C:\WINDOWS\System32\Wbem;C:\WINDOWS\System32\WindowsPowerShell\v1.0\;C:\WINDOWS\System32\OpenSSH\;"C:\Program Files\Java\jdk1.8.0_301 \bin;C:\Program Files\Java\jdk1.8.0_301 \jre\bin;";D:\shell\;D:\Program Files\Git\cmd;C:\nvm;C:\Program Files\nodejs;C:\Program Files\MySQL\MySQL Shell 8.0\bin\;C:\Users\47339\AppData\Local\Programs\Python\Python310\Scripts\;C:\Users\47339\AppData\Local\Programs\Python\Python310\;C:\Users\47339\AppData\Local\Microsoft\WindowsApps;D:\IntelliJ IDEA 2019.2.4\bin;;D:\Microsoft VS Code\bin;C:\nvm;C:\Program Files\nodejs
USERNAME=47339
OS=Windows_NT
PROCESSOR_IDENTIFIER=Intel64 Family 6 Model 142 Stepping 11, GenuineIntel



---------------  S Y S T E M  ---------------

OS: Windows 10.0 , 64 bit Build 19041 (10.0.19041.1348)

CPU:total 8 (initial active 8) (4 cores per cpu, 2 threads per core) family 6 model 142 stepping 11, cmov, cx8, fxsr, mmx, sse, sse2, sse3, ssse3, sse4.1, sse4.2, popcnt, avx, avx2, aes, clmul, erms, 3dnowpref, lzcnt, ht, tsc, tscinvbit, bmi1, bmi2, adx

Memory: 4k page, physical 16661816k(3307168k free), swap 32024620k(5392k free)

vm_info: Java HotSpot(TM) 64-Bit Server VM (25.301-b09) for windows-amd64 JRE (1.8.0_301-b09), built on Jun  9 2021 06:46:21 by "java_re" with MS VC++ 15.9 (VS2017)

time: Tue Jan 18 15:33:24 2022
timezone: 中国标准时间
elapsed time: 12.557448 seconds (0d 0h 0m 12s)

