#
# There is insufficient memory for the Java Runtime Environment to continue.
# Native memory allocation (malloc) failed to allocate 32744 bytes for ChunkPool::allocate
# Possible reasons:
#   The system is out of physical RAM or swap space
#   The process is running with CompressedOops enabled, and the Java Heap may be blocking the growth of the native heap
# Possible solutions:
#   Reduce memory load on the system
#   Increase physical memory or swap space
#   Check if swap backing store is full
#   Decrease Java heap size (-Xmx/-Xms)
#   Decrease number of Java threads
#   Decrease Java thread stack sizes (-Xss)
#   Set larger code cache with -XX:ReservedCodeCacheSize=
#   JVM is running with Zero Based Compressed Oops mode in which the Java heap is
#     placed in the first 32GB address space. The Java Heap base address is the
#     maximum limit for the native heap growth. Please use -XX:HeapBaseMinAddress
#     to set the Java Heap base and to place the Java Heap above 32GB virtual address.
# This output file may be truncated or incomplete.
#
#  Out of Memory Error (allocation.cpp:272), pid=35404, tid=0x0000000000002e14
#
# JRE version: Java(TM) SE Runtime Environment (8.0_301-b09) (build 1.8.0_301-b09)
# Java VM: Java HotSpot(TM) 64-Bit Server VM (25.301-b09 mixed mode windows-amd64 compressed oops)
# Failed to write core dump. Minidumps are not enabled by default on client versions of Windows
#

---------------  T H R E A D  ---------------

Current thread (0x000001f78f029000):  JavaThread "C2 CompilerThread2" daemon [_thread_in_native, id=11796, stack(0x0000002f53c00000,0x0000002f53d00000)]

Stack: [0x0000002f53c00000,0x0000002f53d00000]
Native frames: (J=compiled Java code, j=interpreted, Vv=VM code, C=native code)
V  [jvm.dll+0x32ed79]


Current CompileTask:
C2:  10911 4616       4       java.lang.Class::getMethod0 (40 bytes)


---------------  P R O C E S S  ---------------

Java Threads: ( => current thread )
  0x000001f78f034000 JavaThread "HikariPool-1 connection adder" daemon [_thread_blocked, id=24852, stack(0x0000002f54300000,0x0000002f54400000)]
  0x000001f78f034800 JavaThread "HikariPool-1 housekeeper" daemon [_thread_blocked, id=25448, stack(0x0000002f54200000,0x0000002f54300000)]
  0x000001f791331800 JavaThread "mysql-cj-abandoned-connection-cleanup" daemon [_thread_blocked, id=25920, stack(0x0000002f54000000,0x0000002f54100000)]
  0x000001f78f05e800 JavaThread "Service Thread" daemon [_thread_blocked, id=40268, stack(0x0000002f53e00000,0x0000002f53f00000)]
  0x000001f78f036000 JavaThread "C1 CompilerThread3" daemon [_thread_in_native, id=12472, stack(0x0000002f53d00000,0x0000002f53e00000)]
=>0x000001f78f029000 JavaThread "C2 CompilerThread2" daemon [_thread_in_native, id=11796, stack(0x0000002f53c00000,0x0000002f53d00000)]
  0x000001f78f027800 JavaThread "C2 CompilerThread1" daemon [_thread_in_native, id=28132, stack(0x0000002f53b00000,0x0000002f53c00000)]
  0x000001f78f021000 JavaThread "C2 CompilerThread0" daemon [_thread_in_native, id=34544, stack(0x0000002f53a00000,0x0000002f53b00000)]
  0x000001f78f01c000 JavaThread "Monitor Ctrl-Break" daemon [_thread_in_native, id=23628, stack(0x0000002f53900000,0x0000002f53a00000)]
  0x000001f7fdf7b000 JavaThread "Attach Listener" daemon [_thread_blocked, id=39692, stack(0x0000002f53800000,0x0000002f53900000)]
  0x000001f7fdf7a800 JavaThread "Signal Dispatcher" daemon [_thread_blocked, id=39176, stack(0x0000002f53700000,0x0000002f53800000)]
  0x000001f7fdf53000 JavaThread "Finalizer" daemon [_thread_blocked, id=368, stack(0x0000002f53600000,0x0000002f53700000)]
  0x000001f7fdf4b800 JavaThread "Reference Handler" daemon [_thread_blocked, id=7356, stack(0x0000002f53500000,0x0000002f53600000)]
  0x000001f7f23a5000 JavaThread "main" [_thread_in_Java, id=21764, stack(0x0000002f52b00000,0x0000002f52c00000)]

Other Threads:
  0x000001f7fdf21000 VMThread [stack: 0x0000002f53400000,0x0000002f53500000] [id=28540]
  0x000001f78f135800 WatcherThread [stack: 0x0000002f53f00000,0x0000002f54000000] [id=12268]

VM state:not at safepoint (normal execution)

VM Mutex/Monitor currently owned by a thread: None

heap address: 0x00000006c1c00000, size: 4068 MB, Compressed Oops mode: Zero based, Oop shift amount: 3
Narrow klass base: 0x0000000000000000, Narrow klass shift: 3
Compressed class space size: 1073741824 Address: 0x00000007c0000000

Heap:
 PSYoungGen      total 168960K, used 34099K [0x000000076b400000, 0x0000000778380000, 0x00000007c0000000)
  eden space 159744K, 21% used [0x000000076b400000,0x000000076d54cf40,0x0000000775000000)
  from space 9216K, 0% used [0x0000000775a80000,0x0000000775a80000,0x0000000776380000)
  to   space 10752K, 0% used [0x0000000775000000,0x0000000775000000,0x0000000775a80000)
 ParOldGen       total 155648K, used 23114K [0x00000006c1c00000, 0x00000006cb400000, 0x000000076b400000)
  object space 155648K, 14% used [0x00000006c1c00000,0x00000006c3292bb0,0x00000006cb400000)
 Metaspace       used 57690K, capacity 61152K, committed 61312K, reserved 1101824K
  class space    used 7966K, capacity 8571K, committed 8576K, reserved 1048576K

Card table byte_map: [0x000001f7f4020000,0x000001f7f4820000] byte_map_base: 0x000001f7f0a12000

Marking Bits: (ParMarkBitMap*) 0x0000000073287fe0
 Begin Bits: [0x000001f7f4d70000, 0x000001f7f8d00000)
 End Bits:   [0x000001f7f8d00000, 0x000001f7fcc90000)

Polling page: 0x000001f7f3c30000

CodeCache: size=245760Kb used=14984Kb max_used=14984Kb free=230775Kb
 bounds [0x000001f780000000, 0x000001f780ec0000, 0x000001f78f000000]
 total_blobs=4801 nmethods=4240 adapters=473
 compilation: enabled

Compilation events (10 events):
Event: 10.898 Thread 0x000001f78f036000 nmethod 4773 0x000001f780ead090 code [0x000001f780ead220, 0x000001f780ead660]
Event: 10.898 Thread 0x000001f78f036000 4777   !   3       com.sun.org.apache.xerces.internal.parsers.XML11Configuration::setFeature (155 bytes)
Event: 10.901 Thread 0x000001f78f036000 nmethod 4777 0x000001f780ead7d0 code [0x000001f780eadaa0, 0x000001f780eaf140]
Event: 10.901 Thread 0x000001f78f036000 4775       3       com.sun.org.apache.xerces.internal.utils.XMLSecurityManager$Limit::values (10 bytes)
Event: 10.902 Thread 0x000001f78f036000 nmethod 4775 0x000001f780eafe10 code [0x000001f780eaff80, 0x000001f780eb0270]
Event: 10.902 Thread 0x000001f78f036000 4776       3       com.sun.org.apache.xerces.internal.parsers.XIncludeAwareParserConfiguration::setFeature (27 bytes)
Event: 10.903 Thread 0x000001f78f036000 nmethod 4776 0x000001f780eb0310 code [0x000001f780eb0480, 0x000001f780eb0760]
Event: 10.903 Thread 0x000001f78f036000 4778       3       com.sun.org.apache.xerces.internal.impl.XMLDocumentScannerImpl::setFeature (75 bytes)
Event: 10.905 Thread 0x000001f78f036000 nmethod 4778 0x000001f780eb0850 code [0x000001f780eb0a40, 0x000001f780eb1620]
Event: 10.905 Thread 0x000001f78f036000 4784       3       com.sun.org.apache.xerces.internal.parsers.AbstractDOMParser::startElement (876 bytes)

GC Heap History (10 events):
Event: 5.441 GC heap before
{Heap before GC invocations=7 (full 1):
 PSYoungGen      total 137216K, used 101521K [0x000000076b400000, 0x0000000776380000, 0x00000007c0000000)
  eden space 126464K, 74% used [0x000000076b400000,0x0000000770fdb7f8,0x0000000772f80000)
  from space 10752K, 69% used [0x0000000772f80000,0x00000007736c8fd0,0x0000000773a00000)
  to   space 9216K, 0% used [0x0000000775a80000,0x0000000775a80000,0x0000000776380000)
 ParOldGen       total 98304K, used 6855K [0x00000006c1c00000, 0x00000006c7c00000, 0x000000076b400000)
  object space 98304K, 6% used [0x00000006c1c00000,0x00000006c22b1fc0,0x00000006c7c00000)
 Metaspace       used 32916K, capacity 35408K, committed 35496K, reserved 1079296K
  class space    used 4356K, capacity 4826K, committed 4864K, reserved 1048576K
Event: 5.451 GC heap after
Heap after GC invocations=7 (full 1):
 PSYoungGen      total 168960K, used 9210K [0x000000076b400000, 0x0000000778380000, 0x00000007c0000000)
  eden space 159744K, 0% used [0x000000076b400000,0x000000076b400000,0x0000000775000000)
  from space 9216K, 99% used [0x0000000775a80000,0x000000077637eb20,0x0000000776380000)
  to   space 10752K, 0% used [0x0000000775000000,0x0000000775000000,0x0000000775a80000)
 ParOldGen       total 98304K, used 8585K [0x00000006c1c00000, 0x00000006c7c00000, 0x000000076b400000)
  object space 98304K, 8% used [0x00000006c1c00000,0x00000006c24625b8,0x00000006c7c00000)
 Metaspace       used 32916K, capacity 35408K, committed 35496K, reserved 1079296K
  class space    used 4356K, capacity 4826K, committed 4864K, reserved 1048576K
}
Event: 5.451 GC heap before
{Heap before GC invocations=8 (full 2):
 PSYoungGen      total 168960K, used 9210K [0x000000076b400000, 0x0000000778380000, 0x00000007c0000000)
  eden space 159744K, 0% used [0x000000076b400000,0x000000076b400000,0x0000000775000000)
  from space 9216K, 99% used [0x0000000775a80000,0x000000077637eb20,0x0000000776380000)
  to   space 10752K, 0% used [0x0000000775000000,0x0000000775000000,0x0000000775a80000)
 ParOldGen       total 98304K, used 8585K [0x00000006c1c00000, 0x00000006c7c00000, 0x000000076b400000)
  object space 98304K, 8% used [0x00000006c1c00000,0x00000006c24625b8,0x00000006c7c00000)
 Metaspace       used 32916K, capacity 35408K, committed 35496K, reserved 1079296K
  class space    used 4356K, capacity 4826K, committed 4864K, reserved 1048576K
Event: 5.498 GC heap after
Heap after GC invocations=8 (full 2):
 PSYoungGen      total 168960K, used 0K [0x000000076b400000, 0x0000000778380000, 0x00000007c0000000)
  eden space 159744K, 0% used [0x000000076b400000,0x000000076b400000,0x0000000775000000)
  from space 9216K, 0% used [0x0000000775a80000,0x0000000775a80000,0x0000000776380000)
  to   space 10752K, 0% used [0x0000000775000000,0x0000000775000000,0x0000000775a80000)
 ParOldGen       total 155648K, used 15732K [0x00000006c1c00000, 0x00000006cb400000, 0x000000076b400000)
  object space 155648K, 10% used [0x00000006c1c00000,0x00000006c2b5d000,0x00000006cb400000)
 Metaspace       used 32916K, capacity 35408K, committed 35496K, reserved 1079296K
  class space    used 4356K, capacity 4826K, committed 4864K, reserved 1048576K
}
Event: 8.455 GC heap before
{Heap before GC invocations=9 (full 2):
 PSYoungGen      total 168960K, used 159744K [0x000000076b400000, 0x0000000778380000, 0x00000007c0000000)
  eden space 159744K, 100% used [0x000000076b400000,0x0000000775000000,0x0000000775000000)
  from space 9216K, 0% used [0x0000000775a80000,0x0000000775a80000,0x0000000776380000)
  to   space 10752K, 0% used [0x0000000775000000,0x0000000775000000,0x0000000775a80000)
 ParOldGen       total 155648K, used 15732K [0x00000006c1c00000, 0x00000006cb400000, 0x000000076b400000)
  object space 155648K, 10% used [0x00000006c1c00000,0x00000006c2b5d000,0x00000006cb400000)
 Metaspace       used 48904K, capacity 51770K, committed 52096K, reserved 1093632K
  class space    used 6743K, capacity 7268K, committed 7296K, reserved 1048576K
Event: 8.472 GC heap after
Heap after GC invocations=9 (full 2):
 PSYoungGen      total 170496K, used 10729K [0x000000076b400000, 0x0000000778380000, 0x00000007c0000000)
  eden space 159744K, 0% used [0x000000076b400000,0x000000076b400000,0x0000000775000000)
  from space 10752K, 99% used [0x0000000775000000,0x0000000775a7a5b8,0x0000000775a80000)
  to   space 9216K, 0% used [0x0000000775a80000,0x0000000775a80000,0x0000000776380000)
 ParOldGen       total 155648K, used 20882K [0x00000006c1c00000, 0x00000006cb400000, 0x000000076b400000)
  object space 155648K, 13% used [0x00000006c1c00000,0x00000006c3064908,0x00000006cb400000)
 Metaspace       used 48904K, capacity 51770K, committed 52096K, reserved 1093632K
  class space    used 6743K, capacity 7268K, committed 7296K, reserved 1048576K
}
Event: 10.381 GC heap before
{Heap before GC invocations=10 (full 2):
 PSYoungGen      total 170496K, used 109844K [0x000000076b400000, 0x0000000778380000, 0x00000007c0000000)
  eden space 159744K, 62% used [0x000000076b400000,0x00000007714cab08,0x0000000775000000)
  from space 10752K, 99% used [0x0000000775000000,0x0000000775a7a5b8,0x0000000775a80000)
  to   space 9216K, 0% used [0x0000000775a80000,0x0000000775a80000,0x0000000776380000)
 ParOldGen       total 155648K, used 20882K [0x00000006c1c00000, 0x00000006cb400000, 0x000000076b400000)
  object space 155648K, 13% used [0x00000006c1c00000,0x00000006c3064908,0x00000006cb400000)
 Metaspace       used 56017K, capacity 59074K, committed 59160K, reserved 1099776K
  class space    used 7714K, capacity 8274K, committed 8320K, reserved 1048576K
Event: 10.390 GC heap after
Heap after GC invocations=10 (full 2):
 PSYoungGen      total 168960K, used 9209K [0x000000076b400000, 0x0000000778380000, 0x00000007c0000000)
  eden space 159744K, 0% used [0x000000076b400000,0x000000076b400000,0x0000000775000000)
  from space 9216K, 99% used [0x0000000775a80000,0x000000077637e798,0x0000000776380000)
  to   space 10752K, 0% used [0x0000000775000000,0x0000000775000000,0x0000000775a80000)
 ParOldGen       total 155648K, used 23741K [0x00000006c1c00000, 0x00000006cb400000, 0x000000076b400000)
  object space 155648K, 15% used [0x00000006c1c00000,0x00000006c332f6d0,0x00000006cb400000)
 Metaspace       used 56017K, capacity 59074K, committed 59160K, reserved 1099776K
  class space    used 7714K, capacity 8274K, committed 8320K, reserved 1048576K
}
Event: 10.390 GC heap before
{Heap before GC invocations=11 (full 3):
 PSYoungGen      total 168960K, used 9209K [0x000000076b400000, 0x0000000778380000, 0x00000007c0000000)
  eden space 159744K, 0% used [0x000000076b400000,0x000000076b400000,0x0000000775000000)
  from space 9216K, 99% used [0x0000000775a80000,0x000000077637e798,0x0000000776380000)
  to   space 10752K, 0% used [0x0000000775000000,0x0000000775000000,0x0000000775a80000)
 ParOldGen       total 155648K, used 23741K [0x00000006c1c00000, 0x00000006cb400000, 0x000000076b400000)
  object space 155648K, 15% used [0x00000006c1c00000,0x00000006c332f6d0,0x00000006cb400000)
 Metaspace       used 56017K, capacity 59074K, committed 59160K, reserved 1099776K
  class space    used 7714K, capacity 8274K, committed 8320K, reserved 1048576K
Event: 10.536 GC heap after
Heap after GC invocations=11 (full 3):
 PSYoungGen      total 168960K, used 0K [0x000000076b400000, 0x0000000778380000, 0x00000007c0000000)
  eden space 159744K, 0% used [0x000000076b400000,0x000000076b400000,0x0000000775000000)
  from space 9216K, 0% used [0x0000000775a80000,0x0000000775a80000,0x0000000776380000)
  to   space 10752K, 0% used [0x0000000775000000,0x0000000775000000,0x0000000775a80000)
 ParOldGen       total 155648K, used 23114K [0x00000006c1c00000, 0x00000006cb400000, 0x000000076b400000)
  object space 155648K, 14% used [0x00000006c1c00000,0x00000006c3292bb0,0x00000006cb400000)
 Metaspace       used 56017K, capacity 59074K, committed 59160K, reserved 1099776K
  class space    used 7714K, capacity 8274K, committed 8320K, reserved 1048576K
}

Deoptimization events (10 events):
Event: 8.816 Thread 0x000001f7f23a5000 Uncommon trap: reason=class_check action=maybe_recompile pc=0x000001f780ae57cc method=org.springframework.beans.factory.support.AbstractBeanFactory.isTypeMatch(Ljava/lang/String;Lorg/springframework/core/ResolvableType;Z)Z @ 53
Event: 10.074 Thread 0x000001f7f23a5000 Uncommon trap: reason=unstable_if action=reinterpret pc=0x000001f78021eabc method=java.lang.AbstractStringBuilder.append(Ljava/lang/String;)Ljava/lang/AbstractStringBuilder; @ 1
Event: 10.208 Thread 0x000001f7f23a5000 Uncommon trap: reason=unstable_if action=reinterpret pc=0x000001f780d79470 method=org.springframework.core.annotation.TypeMappedAnnotations$MergedAnnotationFinder.doWithAnnotations(Ljava/lang/Object;ILjava/lang/Object;[Ljava/lang/annotation/Annotation;)Lo
Event: 10.211 Thread 0x000001f7f23a5000 Uncommon trap: reason=unstable_if action=reinterpret pc=0x000001f7809a56e4 method=org.springframework.beans.factory.support.AbstractAutowireCapableBeanFactory.determineTargetType(Ljava/lang/String;Lorg/springframework/beans/factory/support/RootBeanDefinit
Event: 10.341 Thread 0x000001f7f23a5000 Uncommon trap: reason=unstable_if action=reinterpret pc=0x000001f780b8d408 method=java.util.concurrent.ConcurrentHashMap.putVal(Ljava/lang/Object;Ljava/lang/Object;Z)Ljava/lang/Object; @ 331
Event: 10.636 Thread 0x000001f7f23a5000 Uncommon trap: reason=unstable_if action=reinterpret pc=0x000001f780afd68c method=org.springframework.util.ConcurrentReferenceHashMap$Segment.restructureIfNecessary(Z)V @ 41
Event: 10.681 Thread 0x000001f7f23a5000 Uncommon trap: reason=unstable_if action=reinterpret pc=0x000001f7804c46fc method=org.springframework.util.ConcurrentReferenceHashMap$Segment.restructureIfNecessary(Z)V @ 41
Event: 10.822 Thread 0x000001f7f23a5000 Uncommon trap: reason=bimorphic action=maybe_recompile pc=0x000001f780130100 method=java.util.HashMap.putVal(ILjava/lang/Object;Ljava/lang/Object;ZZ)Ljava/lang/Object; @ 253
Event: 10.826 Thread 0x000001f7f23a5000 Uncommon trap: reason=bimorphic action=maybe_recompile pc=0x000001f780130100 method=java.util.HashMap.putVal(ILjava/lang/Object;Ljava/lang/Object;ZZ)Ljava/lang/Object; @ 253
Event: 10.829 Thread 0x000001f7f23a5000 Uncommon trap: reason=bimorphic action=maybe_recompile pc=0x000001f780b751d4 method=java.util.HashMap.putVal(ILjava/lang/Object;Ljava/lang/Object;ZZ)Ljava/lang/Object; @ 253

Classes redefined (0 events):
No events

Internal exceptions (10 events):
Event: 10.693 Thread 0x000001f7f23a5000 Exception <a 'java/lang/NoSuchMethodError': java.lang.Object.lambda$direct$0(Lorg/springframework/data/repository/core/support/MethodLookup$InvokedMethod;Ljava/lang/reflect/Method;)Z> (0x000000076bd3c1f0) thrown at [C:\jenkins\workspace\8-2-build-windows-
Event: 10.693 Thread 0x000001f7f23a5000 Exception <a 'java/lang/NoSuchMethodError': java.lang.Object.lambda$direct$1(Lorg/springframework/data/repository/core/support/MethodLookup$MethodPredicate;)Ljava/util/List;> (0x000000076bd3f788) thrown at [C:\jenkins\workspace\8-2-build-windows-amd64-cyg
Event: 10.695 Thread 0x000001f7f23a5000 Exception <a 'java/lang/NoSuchMethodError': java.lang.Object.lambda$and$0(Lorg/springframework/data/repository/core/support/MethodLookup;)Ljava/util/List;> (0x000000076bd5e040) thrown at [C:\jenkins\workspace\8-2-build-windows-amd64-cygwin\jdk8u301\1513\h
Event: 10.721 Thread 0x000001f7f23a5000 Exception <a 'java/lang/IncompatibleClassChangeError': Found class java.lang.Object, but interface was expected> (0x000000076bf45918) thrown at [C:\jenkins\workspace\8-2-build-windows-amd64-cygwin\jdk8u301\1513\hotspot\src\share\vm\interpreter\linkResolve
Event: 10.803 Thread 0x000001f7f23a5000 Exception <a 'java/lang/ClassNotFoundException': java/lang/ObjectCustomizer> (0x000000076c6327f0) thrown at [C:\jenkins\workspace\8-2-build-windows-amd64-cygwin\jdk8u301\1513\hotspot\src\share\vm\classfile\systemDictionary.cpp, line 212]
Event: 10.804 Thread 0x000001f7f23a5000 Exception <a 'java/lang/ClassNotFoundException': com/kongge/dzuoj/controller/FilesHandlerCustomizer> (0x000000076c653068) thrown at [C:\jenkins\workspace\8-2-build-windows-amd64-cygwin\jdk8u301\1513\hotspot\src\share\vm\classfile\systemDictionary.cpp, lin
Event: 10.808 Thread 0x000001f7f23a5000 Exception <a 'java/lang/ClassNotFoundException': java/lang/ObjectCustomizer> (0x000000076c67cb58) thrown at [C:\jenkins\workspace\8-2-build-windows-amd64-cygwin\jdk8u301\1513\hotspot\src\share\vm\classfile\systemDictionary.cpp, line 212]
Event: 10.809 Thread 0x000001f7f23a5000 Exception <a 'java/lang/ClassNotFoundException': com/kongge/dzuoj/controller/NotesHandlerCustomizer> (0x000000076c69d3d0) thrown at [C:\jenkins\workspace\8-2-build-windows-amd64-cygwin\jdk8u301\1513\hotspot\src\share\vm\classfile\systemDictionary.cpp, lin
Event: 10.875 Thread 0x000001f7f23a5000 Exception <a 'java/lang/ClassNotFoundException': java/lang/ObjectCustomizer> (0x000000076cff8928) thrown at [C:\jenkins\workspace\8-2-build-windows-amd64-cygwin\jdk8u301\1513\hotspot\src\share\vm\classfile\systemDictionary.cpp, line 212]
Event: 10.876 Thread 0x000001f7f23a5000 Exception <a 'java/lang/ClassNotFoundException': com/kongge/dzuoj/controller/OrderHandlerCustomizer> (0x000000076d0191a0) thrown at [C:\jenkins\workspace\8-2-build-windows-amd64-cygwin\jdk8u301\1513\hotspot\src\share\vm\classfile\systemDictionary.cpp, lin

Events (10 events):
Event: 10.874 loading class java/lang/ObjectCustomizer
Event: 10.874 loading class java/lang/ObjectCustomizer done
Event: 10.875 loading class java/lang/ObjectCustomizer
Event: 10.875 loading class java/lang/ObjectCustomizer done
Event: 10.875 loading class com/kongge/dzuoj/controller/OrderHandlerCustomizer
Event: 10.875 loading class com/kongge/dzuoj/controller/OrderHandlerCustomizer done
Event: 10.876 loading class com/kongge/dzuoj/controller/OrderHandlerCustomizer
Event: 10.876 loading class com/kongge/dzuoj/controller/OrderHandlerCustomizer done
Event: 10.876 loading class com/kongge/dzuoj/controller/OrderHandlerCustomizer
Event: 10.876 loading class com/kongge/dzuoj/controller/OrderHandlerCustomizer done


Dynamic libraries:
0x00007ff6f0a60000 - 0x00007ff6f0aa7000 	C:\Program Files\Java\jdk1.8.0_301\bin\java.exe
0x00007ff81e090000 - 0x00007ff81e285000 	C:\WINDOWS\SYSTEM32\ntdll.dll
0x00007ff81d700000 - 0x00007ff81d7be000 	C:\WINDOWS\System32\KERNEL32.DLL
0x00007ff81be00000 - 0x00007ff81c0c8000 	C:\WINDOWS\System32\KERNELBASE.dll
0x00007ff81de30000 - 0x00007ff81dedc000 	C:\WINDOWS\System32\ADVAPI32.dll
0x00007ff81dee0000 - 0x00007ff81df7e000 	C:\WINDOWS\System32\msvcrt.dll
0x00007ff81ce40000 - 0x00007ff81cedb000 	C:\WINDOWS\System32\sechost.dll
0x00007ff81dca0000 - 0x00007ff81ddca000 	C:\WINDOWS\System32\RPCRT4.dll
0x00007ff81d430000 - 0x00007ff81d5d1000 	C:\WINDOWS\System32\USER32.dll
0x00007ff81bcd0000 - 0x00007ff81bcf2000 	C:\WINDOWS\System32\win32u.dll
0x00007ff81d970000 - 0x00007ff81d99b000 	C:\WINDOWS\System32\GDI32.dll
0x00007ff81bb70000 - 0x00007ff81bc7d000 	C:\WINDOWS\System32\gdi32full.dll
0x00007ff81b7a0000 - 0x00007ff81b83d000 	C:\WINDOWS\System32\msvcp_win.dll
0x00007ff81bd00000 - 0x00007ff81be00000 	C:\WINDOWS\System32\ucrtbase.dll
0x00007ffffe2c0000 - 0x00007ffffe55a000 	C:\WINDOWS\WinSxS\amd64_microsoft.windows.common-controls_6595b64144ccf1df_6.0.19041.1110_none_60b5254171f9507e\COMCTL32.dll
0x00007ff81c0d0000 - 0x00007ff81c100000 	C:\WINDOWS\System32\IMM32.DLL
0x00007ff818840000 - 0x00007ff818855000 	C:\Program Files\Java\jdk1.8.0_301\jre\bin\vcruntime140.dll
0x00007ff814ba0000 - 0x00007ff814c3b000 	C:\Program Files\Java\jdk1.8.0_301\jre\bin\msvcp140.dll
0x0000000072aa0000 - 0x0000000073300000 	C:\Program Files\Java\jdk1.8.0_301\jre\bin\server\jvm.dll
0x00007ff81cd50000 - 0x00007ff81cd58000 	C:\WINDOWS\System32\PSAPI.DLL
0x00007ffffe220000 - 0x00007ffffe247000 	C:\WINDOWS\SYSTEM32\WINMM.dll
0x00007ffffa8e0000 - 0x00007ffffa8e9000 	C:\WINDOWS\SYSTEM32\WSOCK32.dll
0x00007ff812800000 - 0x00007ff81280a000 	C:\WINDOWS\SYSTEM32\VERSION.dll
0x00007ff81d5e0000 - 0x00007ff81d64b000 	C:\WINDOWS\System32\WS2_32.dll
0x00007ff81a020000 - 0x00007ff81a032000 	C:\WINDOWS\SYSTEM32\kernel.appcore.dll
0x00007ff818830000 - 0x00007ff818840000 	C:\Program Files\Java\jdk1.8.0_301\jre\bin\verify.dll
0x00007ff814b70000 - 0x00007ff814b9b000 	C:\Program Files\Java\jdk1.8.0_301\jre\bin\java.dll
0x00007ffffafe0000 - 0x00007ffffb010000 	C:\Program Files\Java\jdk1.8.0_301\jre\bin\instrument.dll
0x00007ff816790000 - 0x00007ff8167a8000 	C:\Program Files\Java\jdk1.8.0_301\jre\bin\zip.dll
0x00007ff81c100000 - 0x00007ff81c844000 	C:\WINDOWS\System32\SHELL32.dll
0x00007ff8194d0000 - 0x00007ff819c64000 	C:\WINDOWS\SYSTEM32\windows.storage.dll
0x00007ff81cf40000 - 0x00007ff81d295000 	C:\WINDOWS\System32\combase.dll
0x00007ff81b1f0000 - 0x00007ff81b21e000 	C:\WINDOWS\SYSTEM32\Wldp.dll
0x00007ff81d650000 - 0x00007ff81d6fd000 	C:\WINDOWS\System32\SHCORE.dll
0x00007ff81cee0000 - 0x00007ff81cf35000 	C:\WINDOWS\System32\shlwapi.dll
0x00007ff81b6e0000 - 0x00007ff81b6ff000 	C:\WINDOWS\SYSTEM32\profapi.dll
0x00007ffffcb90000 - 0x00007ffffcbaa000 	D:\IntelliJ IDEA 2019.2.4\bin\breakgen64.dll
0x00007ff814e50000 - 0x00007ff814e6c000 	C:\Program Files\Java\jdk1.8.0_301\jre\bin\net.dll
0x00007ff81af50000 - 0x00007ff81afba000 	C:\WINDOWS\system32\mswsock.dll
0x00007ff8149d0000 - 0x00007ff8149e3000 	C:\Program Files\Java\jdk1.8.0_301\jre\bin\nio.dll
0x00007ff812c20000 - 0x00007ff812c2d000 	C:\Program Files\Java\jdk1.8.0_301\jre\bin\management.dll
0x00007ff8006c0000 - 0x00007ff8006d7000 	C:\WINDOWS\system32\napinsp.dll
0x00007ffffc460000 - 0x00007ffffc47b000 	C:\WINDOWS\system32\pnrpnsp.dll
0x00007ff815690000 - 0x00007ff8156a5000 	C:\WINDOWS\system32\wshbth.dll
0x00007ff816560000 - 0x00007ff81657d000 	C:\WINDOWS\system32\NLAapi.dll
0x00007ff81abf0000 - 0x00007ff81ac2b000 	C:\WINDOWS\SYSTEM32\IPHLPAPI.DLL
0x00007ff81ac40000 - 0x00007ff81ad0b000 	C:\WINDOWS\SYSTEM32\DNSAPI.dll
0x00007ff81db50000 - 0x00007ff81db58000 	C:\WINDOWS\System32\NSI.dll
0x00007ffffc440000 - 0x00007ffffc452000 	C:\WINDOWS\System32\winrnr.dll
0x0000000074bf0000 - 0x0000000074c16000 	C:\Program Files\Bonjour\mdnsNSP.dll
0x00007ff80f770000 - 0x00007ff80f77a000 	C:\Windows\System32\rasadhlp.dll
0x00007ff808380000 - 0x00007ff8083ff000 	C:\WINDOWS\System32\fwpuclnt.dll
0x00007ff81b9a0000 - 0x00007ff81b9c7000 	C:\WINDOWS\System32\bcrypt.dll
0x00007ffff5e20000 - 0x00007ffff5e44000 	C:\Program Files\Java\jdk1.8.0_301\jre\bin\sunec.dll
0x00007ff812860000 - 0x00007ff812877000 	C:\WINDOWS\SYSTEM32\dhcpcsvc6.DLL
0x00007ff812810000 - 0x00007ff81282d000 	C:\WINDOWS\SYSTEM32\dhcpcsvc.DLL
0x00007ff81b150000 - 0x00007ff81b168000 	C:\WINDOWS\SYSTEM32\CRYPTSP.dll
0x00007ff81a860000 - 0x00007ff81a894000 	C:\WINDOWS\system32\rsaenh.dll
0x00007ff81b6a0000 - 0x00007ff81b6ce000 	C:\WINDOWS\SYSTEM32\USERENV.dll
0x00007ff81ba30000 - 0x00007ff81bab2000 	C:\WINDOWS\System32\bcryptprimitives.dll
0x00007ff81b140000 - 0x00007ff81b14c000 	C:\WINDOWS\SYSTEM32\CRYPTBASE.dll
0x00007ff812e20000 - 0x00007ff812e2d000 	C:\Program Files\Java\jdk1.8.0_301\jre\bin\sunmscapi.dll
0x00007ff81b840000 - 0x00007ff81b996000 	C:\WINDOWS\System32\CRYPT32.dll
0x00007ff81b260000 - 0x00007ff81b287000 	C:\WINDOWS\SYSTEM32\ncrypt.dll
0x00007ff81b220000 - 0x00007ff81b25b000 	C:\WINDOWS\SYSTEM32\NTASN1.dll

VM Arguments:
jvm_args: -ea -Didea.test.cyclic.buffer.size=1048576 -javaagent:D:\IntelliJ IDEA 2019.2.4\lib\idea_rt.jar=11157:D:\IntelliJ IDEA 2019.2.4\bin -Dfile.encoding=UTF-8 
java_command: com.intellij.rt.execution.junit.JUnitStarter -ideVersion5 -junit5 com.kongge.dzuoj.repository.OrderTest,insertTest
java_class_path (initial): D:\IntelliJ IDEA 2019.2.4\lib\idea_rt.jar;D:\IntelliJ IDEA 2019.2.4\plugins\junit\lib\junit-rt.jar;D:\IntelliJ IDEA 2019.2.4\plugins\junit\lib\junit5-rt.jar;C:\Users\47339\.m2\repository\org\junit\platform\junit-platform-launcher\1.8.2\junit-platform-launcher-1.8.2.jar;C:\Users\47339\.m2\repository\org\junit\platform\junit-platform-engine\1.8.2\junit-platform-engine-1.8.2.jar;C:\Users\47339\.m2\repository\org\opentest4j\opentest4j\1.2.0\opentest4j-1.2.0.jar;C:\Users\47339\.m2\repository\org\junit\platform\junit-platform-commons\1.8.2\junit-platform-commons-1.8.2.jar;C:\Users\47339\.m2\repository\org\apiguardian\apiguardian-api\1.1.2\apiguardian-api-1.1.2.jar;C:\Program Files\Java\jdk1.8.0_301\jre\lib\charsets.jar;C:\Program Files\Java\jdk1.8.0_301\jre\lib\deploy.jar;C:\Program Files\Java\jdk1.8.0_301\jre\lib\ext\access-bridge-64.jar;C:\Program Files\Java\jdk1.8.0_301\jre\lib\ext\cldrdata.jar;C:\Program Files\Java\jdk1.8.0_301\jre\lib\ext\dnsns.jar;C:\Program Files\Java\jdk1.8.0_301\jre\lib\ext\jaccess.jar;C:\Program Files\Java\jdk1.8.0_301\jre\lib\ext\jfxrt.jar;C:\Program Files\Java\jdk1.8.0_301\jre\lib\ext\localedata.jar;C:\Program Files\Java\jdk1.8.0_301\jre\lib\ext\nashorn.jar;C:\Program Files\Java\jdk1.8.0_301\jre\lib\ext\sunec.jar;C:\Program Files\Java\jdk1.8.0_301\jre\lib\ext\sunjce_provider.jar;C:\Program Files\Java\jdk1.8.0_301\jre\lib\ext\sunmscapi.jar;C:\Program Files\Java\jdk1.8.0_301\jre\lib\ext\sunpkcs11.jar;C:\Program Files\Java\jdk1.8.0_301\jre\lib\ext\zipfs.jar;C:\Program Files\Java\jdk1.8.0_301\jre\lib\javaws.jar;C:\Program Files\Java\jdk1.8.0_301\jre\lib\jce.jar;C:\Program Files\Java\jdk1.8.0_301\jre\lib\jfr.jar;C:\Program Files\Java\jdk1.8.0_301\jre\lib\jfxswt.jar;C:\Program Files\Java\jdk1.8.0_301\jre\lib\jsse.jar;C:\Program Files\Java\jdk1.8.0_301\jre\lib\management-agent.jar;C:\Program Files\Java\jdk1.8.0_301\jre\lib\plugin.jar;C:\Program Files\Java\jdk1.8.0_301\jre\lib\resources.jar;C:\Program Files\Java\jdk1.8.0_3
Launcher Type: SUN_STANDARD

Environment Variables:
JAVA_HOME=C:\Program Files\Java\jdk1.8.0_301 
CLASSPATH=.;C:\Program Files\Java\jdk1.8.0_301 \lib\dt.jar;C:\Program Files\Java\jdk1.8.0_301 \lib\tools.jar; 
PATH=D:\vm\bin\;C:\Program Files (x86)\Common Files\Oracle\Java\javapath;C:\WINDOWS\system32;C:\WINDOWS;C:\WINDOWS\System32\Wbem;C:\WINDOWS\System32\WindowsPowerShell\v1.0\;C:\WINDOWS\System32\OpenSSH\;"C:\Program Files\Java\jdk1.8.0_301 \bin;C:\Program Files\Java\jdk1.8.0_301 \jre\bin;";D:\shell\;D:\Program Files\Git\cmd;C:\nvm;C:\Program Files\nodejs;C:\Program Files\MySQL\MySQL Shell 8.0\bin\;C:\Users\47339\AppData\Local\Programs\Python\Python310\Scripts\;C:\Users\47339\AppData\Local\Programs\Python\Python310\;C:\Users\47339\AppData\Local\Microsoft\WindowsApps;D:\IntelliJ IDEA 2019.2.4\bin;;D:\Microsoft VS Code\bin;C:\nvm;C:\Program Files\nodejs
USERNAME=47339
OS=Windows_NT
PROCESSOR_IDENTIFIER=Intel64 Family 6 Model 142 Stepping 11, GenuineIntel



---------------  S Y S T E M  ---------------

OS: Windows 10.0 , 64 bit Build 19041 (10.0.19041.1348)

CPU:total 8 (initial active 8) (4 cores per cpu, 2 threads per core) family 6 model 142 stepping 11, cmov, cx8, fxsr, mmx, sse, sse2, sse3, ssse3, sse4.1, sse4.2, popcnt, avx, avx2, aes, clmul, erms, 3dnowpref, lzcnt, ht, tsc, tscinvbit, bmi1, bmi2, adx

Memory: 4k page, physical 16661816k(3039536k free), swap 32024620k(5140k free)

vm_info: Java HotSpot(TM) 64-Bit Server VM (25.301-b09) for windows-amd64 JRE (1.8.0_301-b09), built on Jun  9 2021 06:46:21 by "java_re" with MS VC++ 15.9 (VS2017)

time: Tue Jan 18 15:40:23 2022
timezone: 中国标准时间
elapsed time: 10.919868 seconds (0d 0h 0m 10s)

