#
# There is insufficient memory for the Java Runtime Environment to continue.
# Native memory allocation (malloc) failed to allocate 131088 bytes for Chunk::new
# Possible reasons:
#   The system is out of physical RAM or swap space
#   The process is running with CompressedOops enabled, and the Java Heap may be blocking the growth of the native heap
# Possible solutions:
#   Reduce memory load on the system
#   Increase physical memory or swap space
#   Check if swap backing store is full
#   Decrease Java heap size (-Xmx/-Xms)
#   Decrease number of Java threads
#   Decrease Java thread stack sizes (-Xss)
#   Set larger code cache with -XX:ReservedCodeCacheSize=
#   JVM is running with Zero Based Compressed Oops mode in which the Java heap is
#     placed in the first 32GB address space. The Java Heap base address is the
#     maximum limit for the native heap growth. Please use -XX:HeapBaseMinAddress
#     to set the Java Heap base and to place the Java Heap above 32GB virtual address.
# This output file may be truncated or incomplete.
#
#  Out of Memory Error (allocation.cpp:389), pid=10868, tid=0x00000000000054e4
#
# JRE version: Java(TM) SE Runtime Environment (8.0_301-b09) (build 1.8.0_301-b09)
# Java VM: Java HotSpot(TM) 64-Bit Server VM (25.301-b09 mixed mode windows-amd64 compressed oops)
# Failed to write core dump. Minidumps are not enabled by default on client versions of Windows
#

---------------  T H R E A D  ---------------

Current thread (0x00000191c71c3000):  JavaThread "C2 CompilerThread2" daemon [_thread_in_native, id=21732, stack(0x0000000165700000,0x0000000165800000)]

Stack: [0x0000000165700000,0x0000000165800000]
Native frames: (J=compiled Java code, j=interpreted, Vv=VM code, C=native code)
V  [jvm.dll+0x32ed79]


Current CompileTask:
C2:  11086 4227       4       org.springframework.boot.context.properties.source.PropertyMapper$$Lambda$340/40075281::test (12 bytes)


---------------  P R O C E S S  ---------------

Java Threads: ( => current thread )
  0x00000191c71b5800 JavaThread "mysql-cj-abandoned-connection-cleanup" daemon [_thread_blocked, id=21972, stack(0x0000000165b00000,0x0000000165c00000)]
  0x00000191c71b7000 JavaThread "Service Thread" daemon [_thread_blocked, id=23492, stack(0x0000000165900000,0x0000000165a00000)]
  0x00000191c71d1000 JavaThread "C1 CompilerThread3" daemon [_thread_in_vm, id=35124, stack(0x0000000165800000,0x0000000165900000)]
=>0x00000191c71c3000 JavaThread "C2 CompilerThread2" daemon [_thread_in_native, id=21732, stack(0x0000000165700000,0x0000000165800000)]
  0x00000191c71b3800 JavaThread "C2 CompilerThread1" daemon [_thread_in_native, id=28284, stack(0x0000000165600000,0x0000000165700000)]
  0x00000191c71b3000 JavaThread "C2 CompilerThread0" daemon [_thread_in_native, id=12332, stack(0x0000000165500000,0x0000000165600000)]
  0x00000191c71bb800 JavaThread "Monitor Ctrl-Break" daemon [_thread_in_native, id=4572, stack(0x0000000165400000,0x0000000165500000)]
  0x00000191c53f6800 JavaThread "Attach Listener" daemon [_thread_blocked, id=30356, stack(0x0000000165300000,0x0000000165400000)]
  0x00000191c7198800 JavaThread "Signal Dispatcher" daemon [_thread_blocked, id=10628, stack(0x0000000165200000,0x0000000165300000)]
  0x00000191c53bf800 JavaThread "Finalizer" daemon [_thread_blocked, id=42024, stack(0x0000000165100000,0x0000000165200000)]
  0x00000191c53b8800 JavaThread "Reference Handler" daemon [_thread_blocked, id=29576, stack(0x0000000165000000,0x0000000165100000)]
  0x00000191aa704000 JavaThread "main" [_thread_in_vm, id=1572, stack(0x0000000164600000,0x0000000164700000)]

Other Threads:
  0x00000191c538e800 VMThread [stack: 0x0000000164f00000,0x0000000165000000] [id=32232]
  0x00000191c7216000 WatcherThread [stack: 0x0000000165a00000,0x0000000165b00000] [id=40080]

VM state:not at safepoint (normal execution)

VM Mutex/Monitor currently owned by a thread: None

OutOfMemory and StackOverflow Exception counts:
OutOfMemoryError java_heap_errors=2

heap address: 0x00000006c1c00000, size: 4068 MB, Compressed Oops mode: Zero based, Oop shift amount: 3
Narrow klass base: 0x0000000000000000, Narrow klass shift: 3
Compressed class space size: 1073741824 Address: 0x00000007c0000000

Heap:
 PSYoungGen      total 173568K, used 50146K [0x000000076b400000, 0x0000000778700000, 0x00000007c0000000)
  eden space 162816K, 24% used [0x000000076b400000,0x000000076da7f6b8,0x0000000775300000)
  from space 10752K, 99% used [0x0000000775300000,0x0000000775d79368,0x0000000775d80000)
  to   space 9216K, 0% used [0x0000000775d80000,0x0000000775d80000,0x0000000776680000)
 ParOldGen       total 160256K, used 21158K [0x00000006c1c00000, 0x00000006cb880000, 0x000000076b400000)
  object space 160256K, 13% used [0x00000006c1c00000,0x00000006c30a9a80,0x00000006cb880000)
 Metaspace       used 51489K, capacity 54440K, committed 54528K, reserved 1095680K
  class space    used 7155K, capacity 7653K, committed 7680K, reserved 1048576K

Card table byte_map: [0x00000191bb490000,0x00000191bbc90000] byte_map_base: 0x00000191b7e82000

Marking Bits: (ParMarkBitMap*) 0x0000000073287fe0
 Begin Bits: [0x00000191bc1e0000, 0x00000191c0170000)
 End Bits:   [0x00000191c0170000, 0x00000191c4100000)

Polling page: 0x00000191ac0a0000

CodeCache: size=245760Kb used=12758Kb max_used=14941Kb free=233001Kb
 bounds [0x00000191ac0d0000, 0x00000191acfa0000, 0x00000191bb0d0000]
 total_blobs=4239 nmethods=3691 adapters=460
 compilation: enabled

Compilation events (10 events):
Event: 11.028 Thread 0x00000191c71d1000 4249       3       org.springframework.boot.context.properties.source.SystemEnvironmentPropertyMapper::convertName (62 bytes)
Event: 11.030 Thread 0x00000191c71d1000 nmethod 4249 0x00000191ac2b5510 code [0x00000191ac2b5740, 0x00000191ac2b6600]
Event: 11.030 Thread 0x00000191c71d1000 4250       3       org.springframework.boot.context.properties.source.SystemEnvironmentPropertyMapper::convertLegacyName (60 bytes)
Event: 11.031 Thread 0x00000191c71d1000 nmethod 4250 0x00000191ac4f9810 code [0x00000191ac4f9aa0, 0x00000191ac4fad90]
Event: 11.031 Thread 0x00000191c71d1000 4251       3       org.springframework.boot.context.properties.bind.Binder$Context::getConverter (8 bytes)
Event: 11.031 Thread 0x00000191c71d1000 nmethod 4251 0x00000191ac4d5710 code [0x00000191ac4d5860, 0x00000191ac4d59d8]
Event: 11.032 Thread 0x00000191c71d1000 4252       3       org.springframework.boot.context.properties.source.ConfigurationPropertyName::buildToString (138 bytes)
Event: 11.035 Thread 0x00000191c71d1000 nmethod 4252 0x00000191ac767810 code [0x00000191ac767b80, 0x00000191ac769ab0]
Event: 11.035 Thread 0x00000191c71d1000 4253       3       org.springframework.core.convert.TypeDescriptor::equals (113 bytes)
Event: 11.039 Thread 0x00000191c71d1000 nmethod 4253 0x00000191ac97eed0 code [0x00000191ac97f460, 0x00000191ac983b30]

GC Heap History (10 events):
Event: 3.325 GC heap before
{Heap before GC invocations=5 (full 1):
 PSYoungGen      total 76288K, used 65521K [0x000000076b400000, 0x0000000774900000, 0x00000007c0000000)
  eden space 65536K, 99% used [0x000000076b400000,0x000000076f3fc7d0,0x000000076f400000)
  from space 10752K, 0% used [0x000000076f400000,0x000000076f400000,0x000000076fe80000)
  to   space 10752K, 0% used [0x0000000773e80000,0x0000000773e80000,0x0000000774900000)
 ParOldGen       total 99840K, used 6848K [0x00000006c1c00000, 0x00000006c7d80000, 0x000000076b400000)
  object space 99840K, 6% used [0x00000006c1c00000,0x00000006c22b0140,0x00000006c7d80000)
 Metaspace       used 23670K, capacity 25434K, committed 25600K, reserved 1071104K
  class space    used 3114K, capacity 3457K, committed 3584K, reserved 1048576K
Event: 3.331 GC heap after
Heap after GC invocations=5 (full 1):
 PSYoungGen      total 111104K, used 5716K [0x000000076b400000, 0x0000000774480000, 0x00000007c0000000)
  eden space 104960K, 0% used [0x000000076b400000,0x000000076b400000,0x0000000771a80000)
  from space 6144K, 93% used [0x0000000773e80000,0x0000000774415248,0x0000000774480000)
  to   space 10752K, 0% used [0x0000000772f80000,0x0000000772f80000,0x0000000773a00000)
 ParOldGen       total 99840K, used 6856K [0x00000006c1c00000, 0x00000006c7d80000, 0x000000076b400000)
  object space 99840K, 6% used [0x00000006c1c00000,0x00000006c22b2140,0x00000006c7d80000)
 Metaspace       used 23670K, capacity 25434K, committed 25600K, reserved 1071104K
  class space    used 3114K, capacity 3457K, committed 3584K, reserved 1048576K
}
Event: 4.306 GC heap before
{Heap before GC invocations=6 (full 1):
 PSYoungGen      total 111104K, used 110676K [0x000000076b400000, 0x0000000774480000, 0x00000007c0000000)
  eden space 104960K, 100% used [0x000000076b400000,0x0000000771a80000,0x0000000771a80000)
  from space 6144K, 93% used [0x0000000773e80000,0x0000000774415248,0x0000000774480000)
  to   space 10752K, 0% used [0x0000000772f80000,0x0000000772f80000,0x0000000773a00000)
 ParOldGen       total 99840K, used 6856K [0x00000006c1c00000, 0x00000006c7d80000, 0x000000076b400000)
  object space 99840K, 6% used [0x00000006c1c00000,0x00000006c22b2140,0x00000006c7d80000)
 Metaspace       used 26928K, capacity 28950K, committed 29056K, reserved 1075200K
  class space    used 3523K, capacity 3883K, committed 3968K, reserved 1048576K
Event: 4.315 GC heap after
Heap after GC invocations=6 (full 1):
 PSYoungGen      total 137216K, used 7279K [0x000000076b400000, 0x0000000776680000, 0x00000007c0000000)
  eden space 126464K, 0% used [0x000000076b400000,0x000000076b400000,0x0000000772f80000)
  from space 10752K, 67% used [0x0000000772f80000,0x000000077369bc48,0x0000000773a00000)
  to   space 9216K, 0% used [0x0000000775d80000,0x0000000775d80000,0x0000000776680000)
 ParOldGen       total 99840K, used 6864K [0x00000006c1c00000, 0x00000006c7d80000, 0x000000076b400000)
  object space 99840K, 6% used [0x00000006c1c00000,0x00000006c22b4140,0x00000006c7d80000)
 Metaspace       used 26928K, capacity 28950K, committed 29056K, reserved 1075200K
  class space    used 3523K, capacity 3883K, committed 3968K, reserved 1048576K
}
Event: 5.740 GC heap before
{Heap before GC invocations=7 (full 1):
 PSYoungGen      total 137216K, used 100320K [0x000000076b400000, 0x0000000776680000, 0x00000007c0000000)
  eden space 126464K, 73% used [0x000000076b400000,0x0000000770edc438,0x0000000772f80000)
  from space 10752K, 67% used [0x0000000772f80000,0x000000077369bc48,0x0000000773a00000)
  to   space 9216K, 0% used [0x0000000775d80000,0x0000000775d80000,0x0000000776680000)
 ParOldGen       total 99840K, used 6864K [0x00000006c1c00000, 0x00000006c7d80000, 0x000000076b400000)
  object space 99840K, 6% used [0x00000006c1c00000,0x00000006c22b4140,0x00000006c7d80000)
 Metaspace       used 32921K, capacity 35408K, committed 35496K, reserved 1079296K
  class space    used 4356K, capacity 4826K, committed 4864K, reserved 1048576K
Event: 5.752 GC heap after
Heap after GC invocations=7 (full 1):
 PSYoungGen      total 172032K, used 9195K [0x000000076b400000, 0x0000000778700000, 0x00000007c0000000)
  eden space 162816K, 0% used [0x000000076b400000,0x000000076b400000,0x0000000775300000)
  from space 9216K, 99% used [0x0000000775d80000,0x000000077667ac78,0x0000000776680000)
  to   space 10752K, 0% used [0x0000000775300000,0x0000000775300000,0x0000000775d80000)
 ParOldGen       total 99840K, used 8748K [0x00000006c1c00000, 0x00000006c7d80000, 0x000000076b400000)
  object space 99840K, 8% used [0x00000006c1c00000,0x00000006c248b2b0,0x00000006c7d80000)
 Metaspace       used 32921K, capacity 35408K, committed 35496K, reserved 1079296K
  class space    used 4356K, capacity 4826K, committed 4864K, reserved 1048576K
}
Event: 5.752 GC heap before
{Heap before GC invocations=8 (full 2):
 PSYoungGen      total 172032K, used 9195K [0x000000076b400000, 0x0000000778700000, 0x00000007c0000000)
  eden space 162816K, 0% used [0x000000076b400000,0x000000076b400000,0x0000000775300000)
  from space 9216K, 99% used [0x0000000775d80000,0x000000077667ac78,0x0000000776680000)
  to   space 10752K, 0% used [0x0000000775300000,0x0000000775300000,0x0000000775d80000)
 ParOldGen       total 99840K, used 8748K [0x00000006c1c00000, 0x00000006c7d80000, 0x000000076b400000)
  object space 99840K, 8% used [0x00000006c1c00000,0x00000006c248b2b0,0x00000006c7d80000)
 Metaspace       used 32921K, capacity 35408K, committed 35496K, reserved 1079296K
  class space    used 4356K, capacity 4826K, committed 4864K, reserved 1048576K
Event: 5.806 GC heap after
Heap after GC invocations=8 (full 2):
 PSYoungGen      total 172032K, used 0K [0x000000076b400000, 0x0000000778700000, 0x00000007c0000000)
  eden space 162816K, 0% used [0x000000076b400000,0x000000076b400000,0x0000000775300000)
  from space 9216K, 0% used [0x0000000775d80000,0x0000000775d80000,0x0000000776680000)
  to   space 10752K, 0% used [0x0000000775300000,0x0000000775300000,0x0000000775d80000)
 ParOldGen       total 160256K, used 15822K [0x00000006c1c00000, 0x00000006cb880000, 0x000000076b400000)
  object space 160256K, 9% used [0x00000006c1c00000,0x00000006c2b738d8,0x00000006cb880000)
 Metaspace       used 32921K, capacity 35408K, committed 35496K, reserved 1079296K
  class space    used 4356K, capacity 4826K, committed 4864K, reserved 1048576K
}
Event: 10.505 GC heap before
{Heap before GC invocations=9 (full 2):
 PSYoungGen      total 172032K, used 162816K [0x000000076b400000, 0x0000000778700000, 0x00000007c0000000)
  eden space 162816K, 100% used [0x000000076b400000,0x0000000775300000,0x0000000775300000)
  from space 9216K, 0% used [0x0000000775d80000,0x0000000775d80000,0x0000000776680000)
  to   space 10752K, 0% used [0x0000000775300000,0x0000000775300000,0x0000000775d80000)
 ParOldGen       total 160256K, used 15822K [0x00000006c1c00000, 0x00000006cb880000, 0x000000076b400000)
  object space 160256K, 9% used [0x00000006c1c00000,0x00000006c2b738d8,0x00000006cb880000)
 Metaspace       used 49034K, capacity 51862K, committed 52224K, reserved 1093632K
  class space    used 6773K, capacity 7300K, committed 7424K, reserved 1048576K
Event: 10.528 GC heap after
Heap after GC invocations=9 (full 2):
 PSYoungGen      total 173568K, used 10724K [0x000000076b400000, 0x0000000778700000, 0x00000007c0000000)
  eden space 162816K, 0% used [0x000000076b400000,0x000000076b400000,0x0000000775300000)
  from space 10752K, 99% used [0x0000000775300000,0x0000000775d79368,0x0000000775d80000)
  to   space 9216K, 0% used [0x0000000775d80000,0x0000000775d80000,0x0000000776680000)
 ParOldGen       total 160256K, used 21158K [0x00000006c1c00000, 0x00000006cb880000, 0x000000076b400000)
  object space 160256K, 13% used [0x00000006c1c00000,0x00000006c30a9a80,0x00000006cb880000)
 Metaspace       used 49034K, capacity 51862K, committed 52224K, reserved 1093632K
  class space    used 6773K, capacity 7300K, committed 7424K, reserved 1048576K
}

Deoptimization events (10 events):
Event: 10.572 Thread 0x00000191aa704000 Uncommon trap: reason=unstable_if action=reinterpret pc=0x00000191acd0be7c method=java.util.HashMap$HashIterator.<init>(Ljava/util/HashMap;)V @ 45
Event: 10.623 Thread 0x00000191aa704000 Uncommon trap: reason=unstable_if action=reinterpret pc=0x00000191accf5fb0 method=java.util.HashMap$HashIterator.<init>(Ljava/util/HashMap;)V @ 45
Event: 10.770 Thread 0x00000191aa704000 Uncommon trap: reason=class_check action=maybe_recompile pc=0x00000191acd4a4f8 method=java.util.regex.Pattern$SliceI.match(Ljava/util/regex/Matcher;ILjava/lang/CharSequence;)Z @ 92
Event: 10.770 Thread 0x00000191aa704000 Uncommon trap: reason=class_check action=maybe_recompile pc=0x00000191acd4a4f8 method=java.util.regex.Pattern$SliceI.match(Ljava/util/regex/Matcher;ILjava/lang/CharSequence;)Z @ 92
Event: 10.777 Thread 0x00000191aa704000 Uncommon trap: reason=class_check action=maybe_recompile pc=0x00000191acd4a4f8 method=java.util.regex.Pattern$SliceI.match(Ljava/util/regex/Matcher;ILjava/lang/CharSequence;)Z @ 92
Event: 10.897 Thread 0x00000191aa704000 Uncommon trap: reason=class_check action=maybe_recompile pc=0x00000191acba257c method=org.springframework.beans.factory.support.AbstractBeanFactory.isTypeMatch(Ljava/lang/String;Lorg/springframework/core/ResolvableType;Z)Z @ 53
Event: 10.951 Thread 0x00000191aa704000 Uncommon trap: reason=class_check action=maybe_recompile pc=0x00000191acba257c method=org.springframework.beans.factory.support.AbstractBeanFactory.isTypeMatch(Ljava/lang/String;Lorg/springframework/core/ResolvableType;Z)Z @ 53
Event: 10.958 Thread 0x00000191aa704000 Uncommon trap: reason=class_check action=maybe_recompile pc=0x00000191ac96a198 method=org.springframework.core.ResolvableType.resolveType()Lorg/springframework/core/ResolvableType; @ 101
Event: 10.960 Thread 0x00000191aa704000 Uncommon trap: reason=class_check action=maybe_recompile pc=0x00000191acba257c method=org.springframework.beans.factory.support.AbstractBeanFactory.isTypeMatch(Ljava/lang/String;Lorg/springframework/core/ResolvableType;Z)Z @ 53
Event: 10.961 Thread 0x00000191aa704000 Uncommon trap: reason=class_check action=maybe_recompile pc=0x00000191acba257c method=org.springframework.beans.factory.support.AbstractBeanFactory.isTypeMatch(Ljava/lang/String;Lorg/springframework/core/ResolvableType;Z)Z @ 53

Classes redefined (0 events):
No events

Internal exceptions (10 events):
Event: 10.950 Thread 0x00000191aa704000 Exception <a 'java/lang/ClassNotFoundException': com/kongge/dzuoj/controller/AliPayHandlerCustomizer> (0x000000076ce90488) thrown at [C:\jenkins\workspace\8-2-build-windows-amd64-cygwin\jdk8u301\1513\hotspot\src\share\vm\classfile\systemDictionary.cpp, li
Event: 10.953 Thread 0x00000191aa704000 Exception <a 'java/lang/ClassNotFoundException': java/lang/ObjectCustomizer> (0x000000076cebd700) thrown at [C:\jenkins\workspace\8-2-build-windows-amd64-cygwin\jdk8u301\1513\hotspot\src\share\vm\classfile\systemDictionary.cpp, line 212]
Event: 10.954 Thread 0x00000191aa704000 Exception <a 'java/lang/ClassNotFoundException': org/springframework/dao/support/DaoSupportCustomizer> (0x000000076cedf738) thrown at [C:\jenkins\workspace\8-2-build-windows-amd64-cygwin\jdk8u301\1513\hotspot\src\share\vm\classfile\systemDictionary.cpp, l
Event: 10.954 Thread 0x00000191aa704000 Exception <a 'java/lang/ClassNotFoundException': org/mybatis/spring/support/SqlSessionDaoSupportCustomizer> (0x000000076cf011b8) thrown at [C:\jenkins\workspace\8-2-build-windows-amd64-cygwin\jdk8u301\1513\hotspot\src\share\vm\classfile\systemDictionary.c
Event: 10.955 Thread 0x00000191aa704000 Exception <a 'java/lang/ClassNotFoundException': org/mybatis/spring/mapper/MapperFactoryBeanCustomizer> (0x000000076cf27ae0) thrown at [C:\jenkins\workspace\8-2-build-windows-amd64-cygwin\jdk8u301\1513\hotspot\src\share\vm\classfile\systemDictionary.cpp, 
Event: 10.959 Thread 0x00000191aa704000 Exception <a 'java/lang/ClassNotFoundException': org/springframework/beans/factory/FactoryBeanCustomizer> (0x000000076cf73a28) thrown at [C:\jenkins\workspace\8-2-build-windows-amd64-cygwin\jdk8u301\1513\hotspot\src\share\vm\classfile\systemDictionary.cpp
Event: 10.960 Thread 0x00000191aa704000 Exception <a 'java/lang/ClassNotFoundException': org/springframework/beans/factory/InitializingBeanCustomizer> (0x000000076cf99240) thrown at [C:\jenkins\workspace\8-2-build-windows-amd64-cygwin\jdk8u301\1513\hotspot\src\share\vm\classfile\systemDictionar
Event: 10.977 Thread 0x00000191aa704000 Exception <a 'java/lang/ClassNotFoundException': com/baomidou/mybatisplus/autoconfigure/MybatisPlusPropertiesBeanInfo> (0x000000076d0bf490) thrown at [C:\jenkins\workspace\8-2-build-windows-amd64-cygwin\jdk8u301\1513\hotspot\src\share\vm\classfile\systemD
Event: 10.978 Thread 0x00000191aa704000 Exception <a 'java/lang/ClassNotFoundException': java/lang/ObjectBeanInfo> (0x000000076d0c9d00) thrown at [C:\jenkins\workspace\8-2-build-windows-amd64-cygwin\jdk8u301\1513\hotspot\src\share\vm\classfile\systemDictionary.cpp, line 212]
Event: 10.978 Thread 0x00000191aa704000 Exception <a 'java/lang/ClassNotFoundException': java/lang/ObjectCustomizer> (0x000000076d0d44c0) thrown at [C:\jenkins\workspace\8-2-build-windows-amd64-cygwin\jdk8u301\1513\hotspot\src\share\vm\classfile\systemDictionary.cpp, line 212]

Events (10 events):
Event: 11.035 loading class org/apache/ibatis/session/AutoMappingUnknownColumnBehavior$1
Event: 11.036 loading class org/apache/ibatis/session/AutoMappingUnknownColumnBehavior$1 done
Event: 11.037 loading class org/apache/ibatis/session/AutoMappingUnknownColumnBehavior$2
Event: 11.037 loading class org/apache/ibatis/session/AutoMappingUnknownColumnBehavior$2 done
Event: 11.037 loading class org/apache/ibatis/session/AutoMappingUnknownColumnBehavior$3
Event: 11.037 loading class org/apache/ibatis/session/AutoMappingUnknownColumnBehavior$3 done
Event: 11.038 loading class org/apache/ibatis/session/SqlSessionException
Event: 11.038 loading class org/apache/ibatis/session/SqlSessionException done
Event: 11.039 loading class org/apache/ibatis/reflection/DefaultReflectorFactory
Event: 11.039 loading class org/apache/ibatis/reflection/DefaultReflectorFactory done


Dynamic libraries:
0x00007ff6f0a60000 - 0x00007ff6f0aa7000 	C:\Program Files\Java\jdk1.8.0_301\bin\java.exe
0x00007ff81e090000 - 0x00007ff81e285000 	C:\WINDOWS\SYSTEM32\ntdll.dll
0x00007ff81d700000 - 0x00007ff81d7be000 	C:\WINDOWS\System32\KERNEL32.DLL
0x00007ff81be00000 - 0x00007ff81c0c8000 	C:\WINDOWS\System32\KERNELBASE.dll
0x00007ff81de30000 - 0x00007ff81dedc000 	C:\WINDOWS\System32\ADVAPI32.dll
0x00007ff81dee0000 - 0x00007ff81df7e000 	C:\WINDOWS\System32\msvcrt.dll
0x00007ff81ce40000 - 0x00007ff81cedb000 	C:\WINDOWS\System32\sechost.dll
0x00007ff81dca0000 - 0x00007ff81ddca000 	C:\WINDOWS\System32\RPCRT4.dll
0x00007ff81d430000 - 0x00007ff81d5d1000 	C:\WINDOWS\System32\USER32.dll
0x00007ff81bcd0000 - 0x00007ff81bcf2000 	C:\WINDOWS\System32\win32u.dll
0x00007ff81d970000 - 0x00007ff81d99b000 	C:\WINDOWS\System32\GDI32.dll
0x00007ff81bb70000 - 0x00007ff81bc7d000 	C:\WINDOWS\System32\gdi32full.dll
0x00007ff81b7a0000 - 0x00007ff81b83d000 	C:\WINDOWS\System32\msvcp_win.dll
0x00007ff81bd00000 - 0x00007ff81be00000 	C:\WINDOWS\System32\ucrtbase.dll
0x00007ffffe2c0000 - 0x00007ffffe55a000 	C:\WINDOWS\WinSxS\amd64_microsoft.windows.common-controls_6595b64144ccf1df_6.0.19041.1110_none_60b5254171f9507e\COMCTL32.dll
0x00007ff81c0d0000 - 0x00007ff81c100000 	C:\WINDOWS\System32\IMM32.DLL
0x00007ff818840000 - 0x00007ff818855000 	C:\Program Files\Java\jdk1.8.0_301\jre\bin\vcruntime140.dll
0x00007ff814ba0000 - 0x00007ff814c3b000 	C:\Program Files\Java\jdk1.8.0_301\jre\bin\msvcp140.dll
0x0000000072aa0000 - 0x0000000073300000 	C:\Program Files\Java\jdk1.8.0_301\jre\bin\server\jvm.dll
0x00007ff81cd50000 - 0x00007ff81cd58000 	C:\WINDOWS\System32\PSAPI.DLL
0x00007ffffa8e0000 - 0x00007ffffa8e9000 	C:\WINDOWS\SYSTEM32\WSOCK32.dll
0x00007ffffe220000 - 0x00007ffffe247000 	C:\WINDOWS\SYSTEM32\WINMM.dll
0x00007ff812800000 - 0x00007ff81280a000 	C:\WINDOWS\SYSTEM32\VERSION.dll
0x00007ff81d5e0000 - 0x00007ff81d64b000 	C:\WINDOWS\System32\WS2_32.dll
0x00007ff81a020000 - 0x00007ff81a032000 	C:\WINDOWS\SYSTEM32\kernel.appcore.dll
0x00007ff818830000 - 0x00007ff818840000 	C:\Program Files\Java\jdk1.8.0_301\jre\bin\verify.dll
0x00007ff814b70000 - 0x00007ff814b9b000 	C:\Program Files\Java\jdk1.8.0_301\jre\bin\java.dll
0x00007ffffafe0000 - 0x00007ffffb010000 	C:\Program Files\Java\jdk1.8.0_301\jre\bin\instrument.dll
0x00007ff816790000 - 0x00007ff8167a8000 	C:\Program Files\Java\jdk1.8.0_301\jre\bin\zip.dll
0x00007ff81c100000 - 0x00007ff81c844000 	C:\WINDOWS\System32\SHELL32.dll
0x00007ff8194d0000 - 0x00007ff819c64000 	C:\WINDOWS\SYSTEM32\windows.storage.dll
0x00007ff81cf40000 - 0x00007ff81d295000 	C:\WINDOWS\System32\combase.dll
0x00007ff81b1f0000 - 0x00007ff81b21e000 	C:\WINDOWS\SYSTEM32\Wldp.dll
0x00007ff81d650000 - 0x00007ff81d6fd000 	C:\WINDOWS\System32\SHCORE.dll
0x00007ff81cee0000 - 0x00007ff81cf35000 	C:\WINDOWS\System32\shlwapi.dll
0x00007ff81b6e0000 - 0x00007ff81b6ff000 	C:\WINDOWS\SYSTEM32\profapi.dll
0x00007ffffcb90000 - 0x00007ffffcbaa000 	D:\IntelliJ IDEA 2019.2.4\bin\breakgen64.dll
0x00007ff814e50000 - 0x00007ff814e6c000 	C:\Program Files\Java\jdk1.8.0_301\jre\bin\net.dll
0x00007ff81af50000 - 0x00007ff81afba000 	C:\WINDOWS\system32\mswsock.dll
0x00007ff8149d0000 - 0x00007ff8149e3000 	C:\Program Files\Java\jdk1.8.0_301\jre\bin\nio.dll
0x00007ff812c20000 - 0x00007ff812c2d000 	C:\Program Files\Java\jdk1.8.0_301\jre\bin\management.dll
0x00007ff8006c0000 - 0x00007ff8006d7000 	C:\WINDOWS\system32\napinsp.dll
0x00007ffffc460000 - 0x00007ffffc47b000 	C:\WINDOWS\system32\pnrpnsp.dll
0x00007ff815690000 - 0x00007ff8156a5000 	C:\WINDOWS\system32\wshbth.dll
0x00007ff816560000 - 0x00007ff81657d000 	C:\WINDOWS\system32\NLAapi.dll
0x00007ff81abf0000 - 0x00007ff81ac2b000 	C:\WINDOWS\SYSTEM32\IPHLPAPI.DLL
0x00007ff81ac40000 - 0x00007ff81ad0b000 	C:\WINDOWS\SYSTEM32\DNSAPI.dll
0x00007ff81db50000 - 0x00007ff81db58000 	C:\WINDOWS\System32\NSI.dll
0x00007ffffc440000 - 0x00007ffffc452000 	C:\WINDOWS\System32\winrnr.dll
0x0000000074bf0000 - 0x0000000074c16000 	C:\Program Files\Bonjour\mdnsNSP.dll
0x00007ff80f770000 - 0x00007ff80f77a000 	C:\Windows\System32\rasadhlp.dll
0x00007ff808380000 - 0x00007ff8083ff000 	C:\WINDOWS\System32\fwpuclnt.dll
0x00007ff81b9a0000 - 0x00007ff81b9c7000 	C:\WINDOWS\System32\bcrypt.dll
0x00007ffff5e20000 - 0x00007ffff5e44000 	C:\Program Files\Java\jdk1.8.0_301\jre\bin\sunec.dll
0x00007ff812860000 - 0x00007ff812877000 	C:\WINDOWS\SYSTEM32\dhcpcsvc6.DLL
0x00007ff812810000 - 0x00007ff81282d000 	C:\WINDOWS\SYSTEM32\dhcpcsvc.DLL
0x00007ff81b150000 - 0x00007ff81b168000 	C:\WINDOWS\SYSTEM32\CRYPTSP.dll
0x00007ff81a860000 - 0x00007ff81a894000 	C:\WINDOWS\system32\rsaenh.dll
0x00007ff81b6a0000 - 0x00007ff81b6ce000 	C:\WINDOWS\SYSTEM32\USERENV.dll
0x00007ff81ba30000 - 0x00007ff81bab2000 	C:\WINDOWS\System32\bcryptprimitives.dll
0x00007ff81b140000 - 0x00007ff81b14c000 	C:\WINDOWS\SYSTEM32\CRYPTBASE.dll
0x00007ff812e20000 - 0x00007ff812e2d000 	C:\Program Files\Java\jdk1.8.0_301\jre\bin\sunmscapi.dll
0x00007ff81b840000 - 0x00007ff81b996000 	C:\WINDOWS\System32\CRYPT32.dll
0x00007ff81b260000 - 0x00007ff81b287000 	C:\WINDOWS\SYSTEM32\ncrypt.dll
0x00007ff81b220000 - 0x00007ff81b25b000 	C:\WINDOWS\SYSTEM32\NTASN1.dll
0x00007ff819d30000 - 0x00007ff819f14000 	C:\WINDOWS\SYSTEM32\dbghelp.dll

VM Arguments:
jvm_args: -ea -Didea.test.cyclic.buffer.size=1048576 -javaagent:D:\IntelliJ IDEA 2019.2.4\lib\idea_rt.jar=11029:D:\IntelliJ IDEA 2019.2.4\bin -Dfile.encoding=UTF-8 
java_command: com.intellij.rt.execution.junit.JUnitStarter -ideVersion5 -junit5 com.kongge.dzuoj.repository.OrderTest,insertTest
java_class_path (initial): D:\IntelliJ IDEA 2019.2.4\lib\idea_rt.jar;D:\IntelliJ IDEA 2019.2.4\plugins\junit\lib\junit-rt.jar;D:\IntelliJ IDEA 2019.2.4\plugins\junit\lib\junit5-rt.jar;C:\Users\47339\.m2\repository\org\junit\platform\junit-platform-launcher\1.8.2\junit-platform-launcher-1.8.2.jar;C:\Users\47339\.m2\repository\org\junit\platform\junit-platform-engine\1.8.2\junit-platform-engine-1.8.2.jar;C:\Users\47339\.m2\repository\org\opentest4j\opentest4j\1.2.0\opentest4j-1.2.0.jar;C:\Users\47339\.m2\repository\org\junit\platform\junit-platform-commons\1.8.2\junit-platform-commons-1.8.2.jar;C:\Users\47339\.m2\repository\org\apiguardian\apiguardian-api\1.1.2\apiguardian-api-1.1.2.jar;C:\Program Files\Java\jdk1.8.0_301\jre\lib\charsets.jar;C:\Program Files\Java\jdk1.8.0_301\jre\lib\deploy.jar;C:\Program Files\Java\jdk1.8.0_301\jre\lib\ext\access-bridge-64.jar;C:\Program Files\Java\jdk1.8.0_301\jre\lib\ext\cldrdata.jar;C:\Program Files\Java\jdk1.8.0_301\jre\lib\ext\dnsns.jar;C:\Program Files\Java\jdk1.8.0_301\jre\lib\ext\jaccess.jar;C:\Program Files\Java\jdk1.8.0_301\jre\lib\ext\jfxrt.jar;C:\Program Files\Java\jdk1.8.0_301\jre\lib\ext\localedata.jar;C:\Program Files\Java\jdk1.8.0_301\jre\lib\ext\nashorn.jar;C:\Program Files\Java\jdk1.8.0_301\jre\lib\ext\sunec.jar;C:\Program Files\Java\jdk1.8.0_301\jre\lib\ext\sunjce_provider.jar;C:\Program Files\Java\jdk1.8.0_301\jre\lib\ext\sunmscapi.jar;C:\Program Files\Java\jdk1.8.0_301\jre\lib\ext\sunpkcs11.jar;C:\Program Files\Java\jdk1.8.0_301\jre\lib\ext\zipfs.jar;C:\Program Files\Java\jdk1.8.0_301\jre\lib\javaws.jar;C:\Program Files\Java\jdk1.8.0_301\jre\lib\jce.jar;C:\Program Files\Java\jdk1.8.0_301\jre\lib\jfr.jar;C:\Program Files\Java\jdk1.8.0_301\jre\lib\jfxswt.jar;C:\Program Files\Java\jdk1.8.0_301\jre\lib\jsse.jar;C:\Program Files\Java\jdk1.8.0_301\jre\lib\management-agent.jar;C:\Program Files\Java\jdk1.8.0_301\jre\lib\plugin.jar;C:\Program Files\Java\jdk1.8.0_301\jre\lib\resources.jar;C:\Program Files\Java\jdk1.8.0_3
Launcher Type: SUN_STANDARD

Environment Variables:
JAVA_HOME=C:\Program Files\Java\jdk1.8.0_301 
CLASSPATH=.;C:\Program Files\Java\jdk1.8.0_301 \lib\dt.jar;C:\Program Files\Java\jdk1.8.0_301 \lib\tools.jar; 
PATH=D:\vm\bin\;C:\Program Files (x86)\Common Files\Oracle\Java\javapath;C:\WINDOWS\system32;C:\WINDOWS;C:\WINDOWS\System32\Wbem;C:\WINDOWS\System32\WindowsPowerShell\v1.0\;C:\WINDOWS\System32\OpenSSH\;"C:\Program Files\Java\jdk1.8.0_301 \bin;C:\Program Files\Java\jdk1.8.0_301 \jre\bin;";D:\shell\;D:\Program Files\Git\cmd;C:\nvm;C:\Program Files\nodejs;C:\Program Files\MySQL\MySQL Shell 8.0\bin\;C:\Users\47339\AppData\Local\Programs\Python\Python310\Scripts\;C:\Users\47339\AppData\Local\Programs\Python\Python310\;C:\Users\47339\AppData\Local\Microsoft\WindowsApps;D:\IntelliJ IDEA 2019.2.4\bin;;D:\Microsoft VS Code\bin;C:\nvm;C:\Program Files\nodejs
USERNAME=47339
OS=Windows_NT
PROCESSOR_IDENTIFIER=Intel64 Family 6 Model 142 Stepping 11, GenuineIntel



---------------  S Y S T E M  ---------------

OS: Windows 10.0 , 64 bit Build 19041 (10.0.19041.1348)

CPU:total 8 (initial active 8) (4 cores per cpu, 2 threads per core) family 6 model 142 stepping 11, cmov, cx8, fxsr, mmx, sse, sse2, sse3, ssse3, sse4.1, sse4.2, popcnt, avx, avx2, aes, clmul, erms, 3dnowpref, lzcnt, ht, tsc, tscinvbit, bmi1, bmi2, adx

Memory: 4k page, physical 16661816k(3007664k free), swap 32024620k(5120k free)

vm_info: Java HotSpot(TM) 64-Bit Server VM (25.301-b09) for windows-amd64 JRE (1.8.0_301-b09), built on Jun  9 2021 06:46:21 by "java_re" with MS VC++ 15.9 (VS2017)

time: Tue Jan 18 15:39:28 2022
timezone: 中国标准时间
elapsed time: 11.096194 seconds (0d 0h 0m 11s)

