#
# There is insufficient memory for the Java Runtime Environment to continue.
# Native memory allocation (malloc) failed to allocate 1949824 bytes for Chunk::new
# Possible reasons:
#   The system is out of physical RAM or swap space
#   The process is running with CompressedOops enabled, and the Java Heap may be blocking the growth of the native heap
# Possible solutions:
#   Reduce memory load on the system
#   Increase physical memory or swap space
#   Check if swap backing store is full
#   Decrease Java heap size (-Xmx/-Xms)
#   Decrease number of Java threads
#   Decrease Java thread stack sizes (-Xss)
#   Set larger code cache with -XX:ReservedCodeCacheSize=
#   JVM is running with Zero Based Compressed Oops mode in which the Java heap is
#     placed in the first 32GB address space. The Java Heap base address is the
#     maximum limit for the native heap growth. Please use -XX:HeapBaseMinAddress
#     to set the Java Heap base and to place the Java Heap above 32GB virtual address.
# This output file may be truncated or incomplete.
#
#  Out of Memory Error (allocation.cpp:389), pid=25640, tid=0x0000000000001d04
#
# JRE version: Java(TM) SE Runtime Environment (8.0_301-b09) (build 1.8.0_301-b09)
# Java VM: Java HotSpot(TM) 64-Bit Server VM (25.301-b09 mixed mode windows-amd64 compressed oops)
# Failed to write core dump. Minidumps are not enabled by default on client versions of Windows
#

---------------  T H R E A D  ---------------

Current thread (0x000001be32d43800):  JavaThread "C2 CompilerThread0" daemon [_thread_in_native, id=7428, stack(0x000000525c600000,0x000000525c700000)]

Stack: [0x000000525c600000,0x000000525c700000]
Native frames: (J=compiled Java code, j=interpreted, Vv=VM code, C=native code)
V  [jvm.dll+0x32ed79]
V  [jvm.dll+0x275722]
V  [jvm.dll+0x2763cd]
V  [jvm.dll+0x26ce05]
V  [jvm.dll+0xd551c]
V  [jvm.dll+0xd5d1c]
V  [jvm.dll+0x470195]
V  [jvm.dll+0x437e08]
V  [jvm.dll+0x440c55]
V  [jvm.dll+0x440015]
V  [jvm.dll+0x42ae57]
V  [jvm.dll+0xac1bb]
V  [jvm.dll+0xaa81b]
V  [jvm.dll+0x23ddc2]
V  [jvm.dll+0x2923dc]
C  [ucrtbase.dll+0x21bb2]
C  [KERNEL32.DLL+0x17034]
C  [ntdll.dll+0x52651]


Current CompileTask:
C2:  16510 5220       4       com.sun.beans.TypeResolver::resolve (37 bytes)


---------------  P R O C E S S  ---------------

Java Threads: ( => current thread )
  0x000001be384bb000 JavaThread "SpringApplicationShutdownHook" [_thread_in_vm, id=40192, stack(0x000000525d000000,0x000000525d100000)]
  0x000001be384be000 JavaThread "System Clock" daemon [_thread_blocked, id=39656, stack(0x000000525cf00000,0x000000525d000000)]
  0x000001be384c0800 JavaThread "HikariPool-1 housekeeper" daemon [_thread_blocked, id=39960, stack(0x000000525ce00000,0x000000525cf00000)]
  0x000001be38c0d000 JavaThread "mysql-cj-abandoned-connection-cleanup" daemon [_thread_blocked, id=38124, stack(0x000000525cc00000,0x000000525cd00000)]
  0x000001be32dea800 JavaThread "Service Thread" daemon [_thread_blocked, id=22700, stack(0x000000525ca00000,0x000000525cb00000)]
  0x000001be32d56000 JavaThread "C1 CompilerThread3" daemon [_thread_in_vm, id=40520, stack(0x000000525c900000,0x000000525ca00000)]
  0x000001be32d47000 JavaThread "C2 CompilerThread2" daemon [_thread_in_native, id=6028, stack(0x000000525c800000,0x000000525c900000)]
  0x000001be32d44800 JavaThread "C2 CompilerThread1" daemon [_thread_in_native, id=16596, stack(0x000000525c700000,0x000000525c800000)]
=>0x000001be32d43800 JavaThread "C2 CompilerThread0" daemon [_thread_in_native, id=7428, stack(0x000000525c600000,0x000000525c700000)]
  0x000001be32d42800 JavaThread "Monitor Ctrl-Break" daemon [_thread_in_native, id=7648, stack(0x000000525c500000,0x000000525c600000)]
  0x000001be30f82000 JavaThread "Attach Listener" daemon [_thread_blocked, id=19436, stack(0x000000525c400000,0x000000525c500000)]
  0x000001be30fd7800 JavaThread "Signal Dispatcher" daemon [_thread_blocked, id=18308, stack(0x000000525c300000,0x000000525c400000)]
  0x000001be30f57000 JavaThread "Finalizer" daemon [_thread_blocked, id=7432, stack(0x000000525c200000,0x000000525c300000)]
  0x000001be30f4c800 JavaThread "Reference Handler" daemon [_thread_blocked, id=4540, stack(0x000000525c100000,0x000000525c200000)]
  0x000001be16383800 JavaThread "main" [_thread_blocked, id=41212, stack(0x000000525b700000,0x000000525b800000)]

Other Threads:
  0x000001be30f20800 VMThread [stack: 0x000000525c000000,0x000000525c100000] [id=25084]
  0x000001be32e5e000 WatcherThread [stack: 0x000000525cb00000,0x000000525cc00000] [id=38444]

VM state:not at safepoint (normal execution)

VM Mutex/Monitor currently owned by a thread:  ([mutex/lock_event])
[0x000001be16382dc0] CompiledIC_lock - owner thread: 0x0000000000000000

heap address: 0x00000006c1c00000, size: 4068 MB, Compressed Oops mode: Zero based, Oop shift amount: 3
Narrow klass base: 0x0000000000000000, Narrow klass shift: 3
Compressed class space size: 1073741824 Address: 0x00000007c0000000

Heap:
 PSYoungGen      total 246784K, used 22057K [0x000000076b400000, 0x000000077df00000, 0x00000007c0000000)
  eden space 231424K, 4% used [0x000000076b400000,0x000000076bec4600,0x0000000779600000)
  from space 15360K, 71% used [0x0000000779600000,0x000000077a0c6140,0x000000077a500000)
  to   space 15360K, 0% used [0x000000077d000000,0x000000077d000000,0x000000077df00000)
 ParOldGen       total 214528K, used 22793K [0x00000006c1c00000, 0x00000006ced80000, 0x000000076b400000)
  object space 214528K, 10% used [0x00000006c1c00000,0x00000006c3242530,0x00000006ced80000)
 Metaspace       used 63871K, capacity 68472K, committed 68736K, reserved 1107968K
  class space    used 8853K, capacity 9585K, committed 9600K, reserved 1048576K

Card table byte_map: [0x000001be27020000,0x000001be27820000] byte_map_base: 0x000001be23a12000

Marking Bits: (ParMarkBitMap*) 0x0000000073287fe0
 Begin Bits: [0x000001be27d70000, 0x000001be2bd00000)
 End Bits:   [0x000001be2bd00000, 0x000001be2fc90000)

Polling page: 0x000001be16610000

CodeCache: size=245760Kb used=17583Kb max_used=17649Kb free=228176Kb
 bounds [0x000001be17c60000, 0x000001be18db0000, 0x000001be26c60000]
 total_blobs=5312 nmethods=4738 adapters=486
 compilation: enabled

Compilation events (10 events):
Event: 16.443 Thread 0x000001be32d56000 5358       2       java.util.concurrent.ThreadPoolExecutor::workerCountOf (5 bytes)
Event: 16.443 Thread 0x000001be32d56000 nmethod 5358 0x000001be18da6e10 code [0x000001be18da6f60, 0x000001be18da7098]
Event: 16.443 Thread 0x000001be32d56000 5359       1       java.util.concurrent.locks.AbstractQueuedSynchronizer::setState (6 bytes)
Event: 16.443 Thread 0x000001be32d56000 nmethod 5359 0x000001be18da7110 code [0x000001be18da7260, 0x000001be18da7378]
Event: 16.444 Thread 0x000001be32d56000 5360       1       java.util.concurrent.ThreadPoolExecutor::getQueue (5 bytes)
Event: 16.444 Thread 0x000001be32d56000 nmethod 5360 0x000001be18da73d0 code [0x000001be18da7520, 0x000001be18da7638]
Event: 16.458 Thread 0x000001be32d56000 5361       2       java.util.concurrent.ScheduledThreadPoolExecutor$DelayedWorkQueue::setIndex (16 bytes)
Event: 16.458 Thread 0x000001be32d56000 nmethod 5361 0x000001be18da7690 code [0x000001be18da77e0, 0x000001be18da79b8]
Event: 16.471 Thread 0x000001be32d56000 5362       2       java.io.BufferedWriter::ensureOpen (18 bytes)
Event: 16.472 Thread 0x000001be32d56000 nmethod 5362 0x000001be18da7a90 code [0x000001be18da7c00, 0x000001be18da7e10]

GC Heap History (10 events):
Event: 7.013 GC heap before
{Heap before GC invocations=8 (full 2):
 PSYoungGen      total 171520K, used 9207K [0x000000076b400000, 0x0000000778500000, 0x00000007c0000000)
  eden space 162304K, 0% used [0x000000076b400000,0x000000076b400000,0x0000000775280000)
  from space 9216K, 99% used [0x0000000775d00000,0x00000007765fded0,0x0000000776600000)
  to   space 10752K, 0% used [0x0000000775280000,0x0000000775280000,0x0000000775d00000)
 ParOldGen       total 97280K, used 8499K [0x00000006c1c00000, 0x00000006c7b00000, 0x000000076b400000)
  object space 97280K, 8% used [0x00000006c1c00000,0x00000006c244cde0,0x00000006c7b00000)
 Metaspace       used 32928K, capacity 35408K, committed 35496K, reserved 1079296K
  class space    used 4357K, capacity 4826K, committed 4864K, reserved 1048576K
Event: 7.073 GC heap after
Heap after GC invocations=8 (full 2):
 PSYoungGen      total 171520K, used 0K [0x000000076b400000, 0x0000000778500000, 0x00000007c0000000)
  eden space 162304K, 0% used [0x000000076b400000,0x000000076b400000,0x0000000775280000)
  from space 9216K, 0% used [0x0000000775d00000,0x0000000775d00000,0x0000000776600000)
  to   space 10752K, 0% used [0x0000000775280000,0x0000000775280000,0x0000000775d00000)
 ParOldGen       total 152576K, used 15718K [0x00000006c1c00000, 0x00000006cb100000, 0x000000076b400000)
  object space 152576K, 10% used [0x00000006c1c00000,0x00000006c2b59ad8,0x00000006cb100000)
 Metaspace       used 32928K, capacity 35408K, committed 35496K, reserved 1079296K
  class space    used 4357K, capacity 4826K, committed 4864K, reserved 1048576K
}
Event: 10.781 GC heap before
{Heap before GC invocations=9 (full 2):
 PSYoungGen      total 171520K, used 162304K [0x000000076b400000, 0x0000000778500000, 0x00000007c0000000)
  eden space 162304K, 100% used [0x000000076b400000,0x0000000775280000,0x0000000775280000)
  from space 9216K, 0% used [0x0000000775d00000,0x0000000775d00000,0x0000000776600000)
  to   space 10752K, 0% used [0x0000000775280000,0x0000000775280000,0x0000000775d00000)
 ParOldGen       total 152576K, used 15718K [0x00000006c1c00000, 0x00000006cb100000, 0x000000076b400000)
  object space 152576K, 10% used [0x00000006c1c00000,0x00000006c2b59ad8,0x00000006cb100000)
 Metaspace       used 49042K, capacity 51898K, committed 52096K, reserved 1093632K
  class space    used 6774K, capacity 7268K, committed 7296K, reserved 1048576K
Event: 10.800 GC heap after
Heap after GC invocations=9 (full 2):
 PSYoungGen      total 173056K, used 10734K [0x000000076b400000, 0x000000077b700000, 0x00000007c0000000)
  eden space 162304K, 0% used [0x000000076b400000,0x000000076b400000,0x0000000775280000)
  from space 10752K, 99% used [0x0000000775280000,0x0000000775cfb9f0,0x0000000775d00000)
  to   space 14848K, 0% used [0x000000077a880000,0x000000077a880000,0x000000077b700000)
 ParOldGen       total 152576K, used 21070K [0x00000006c1c00000, 0x00000006cb100000, 0x000000076b400000)
  object space 152576K, 13% used [0x00000006c1c00000,0x00000006c30939b8,0x00000006cb100000)
 Metaspace       used 49042K, capacity 51898K, committed 52096K, reserved 1093632K
  class space    used 6774K, capacity 7268K, committed 7296K, reserved 1048576K
}
Event: 13.033 GC heap before
{Heap before GC invocations=10 (full 2):
 PSYoungGen      total 173056K, used 106243K [0x000000076b400000, 0x000000077b700000, 0x00000007c0000000)
  eden space 162304K, 58% used [0x000000076b400000,0x0000000771145598,0x0000000775280000)
  from space 10752K, 99% used [0x0000000775280000,0x0000000775cfb9f0,0x0000000775d00000)
  to   space 14848K, 0% used [0x000000077a880000,0x000000077a880000,0x000000077b700000)
 ParOldGen       total 152576K, used 21070K [0x00000006c1c00000, 0x00000006cb100000, 0x000000076b400000)
  object space 152576K, 13% used [0x00000006c1c00000,0x00000006c30939b8,0x00000006cb100000)
 Metaspace       used 56020K, capacity 59074K, committed 59160K, reserved 1099776K
  class space    used 7724K, capacity 8276K, committed 8320K, reserved 1048576K
Event: 13.045 GC heap after
Heap after GC invocations=10 (full 2):
 PSYoungGen      total 241152K, used 11617K [0x000000076b400000, 0x000000077b400000, 0x00000007c0000000)
  eden space 229376K, 0% used [0x000000076b400000,0x000000076b400000,0x0000000779400000)
  from space 11776K, 98% used [0x000000077a880000,0x000000077b3d87e8,0x000000077b400000)
  to   space 15360K, 0% used [0x0000000779600000,0x0000000779600000,0x000000077a500000)
 ParOldGen       total 152576K, used 21142K [0x00000006c1c00000, 0x00000006cb100000, 0x000000076b400000)
  object space 152576K, 13% used [0x00000006c1c00000,0x00000006c30a59c8,0x00000006cb100000)
 Metaspace       used 56020K, capacity 59074K, committed 59160K, reserved 1099776K
  class space    used 7724K, capacity 8276K, committed 8320K, reserved 1048576K
}
Event: 13.045 GC heap before
{Heap before GC invocations=11 (full 3):
 PSYoungGen      total 241152K, used 11617K [0x000000076b400000, 0x000000077b400000, 0x00000007c0000000)
  eden space 229376K, 0% used [0x000000076b400000,0x000000076b400000,0x0000000779400000)
  from space 11776K, 98% used [0x000000077a880000,0x000000077b3d87e8,0x000000077b400000)
  to   space 15360K, 0% used [0x0000000779600000,0x0000000779600000,0x000000077a500000)
 ParOldGen       total 152576K, used 21142K [0x00000006c1c00000, 0x00000006cb100000, 0x000000076b400000)
  object space 152576K, 13% used [0x00000006c1c00000,0x00000006c30a59c8,0x00000006cb100000)
 Metaspace       used 56020K, capacity 59074K, committed 59160K, reserved 1099776K
  class space    used 7724K, capacity 8276K, committed 8320K, reserved 1048576K
Event: 13.221 GC heap after
Heap after GC invocations=11 (full 3):
 PSYoungGen      total 241152K, used 0K [0x000000076b400000, 0x000000077b400000, 0x00000007c0000000)
  eden space 229376K, 0% used [0x000000076b400000,0x000000076b400000,0x0000000779400000)
  from space 11776K, 0% used [0x000000077a880000,0x000000077a880000,0x000000077b400000)
  to   space 15360K, 0% used [0x0000000779600000,0x0000000779600000,0x000000077a500000)
 ParOldGen       total 214528K, used 22785K [0x00000006c1c00000, 0x00000006ced80000, 0x000000076b400000)
  object space 214528K, 10% used [0x00000006c1c00000,0x00000006c3240530,0x00000006ced80000)
 Metaspace       used 56020K, capacity 59074K, committed 59160K, reserved 1099776K
  class space    used 7724K, capacity 8276K, committed 8320K, reserved 1048576K
}
Event: 16.274 GC heap before
{Heap before GC invocations=12 (full 3):
 PSYoungGen      total 241152K, used 229376K [0x000000076b400000, 0x000000077b400000, 0x00000007c0000000)
  eden space 229376K, 100% used [0x000000076b400000,0x0000000779400000,0x0000000779400000)
  from space 11776K, 0% used [0x000000077a880000,0x000000077a880000,0x000000077b400000)
  to   space 15360K, 0% used [0x0000000779600000,0x0000000779600000,0x000000077a500000)
 ParOldGen       total 214528K, used 22785K [0x00000006c1c00000, 0x00000006ced80000, 0x000000076b400000)
  object space 214528K, 10% used [0x00000006c1c00000,0x00000006c3240530,0x00000006ced80000)
 Metaspace       used 63055K, capacity 67508K, committed 67712K, reserved 1107968K
  class space    used 8753K, capacity 9479K, committed 9600K, reserved 1048576K
Event: 16.295 GC heap after
Heap after GC invocations=12 (full 3):
 PSYoungGen      total 246784K, used 11032K [0x000000076b400000, 0x000000077df00000, 0x00000007c0000000)
  eden space 231424K, 0% used [0x000000076b400000,0x000000076b400000,0x0000000779600000)
  from space 15360K, 71% used [0x0000000779600000,0x000000077a0c6140,0x000000077a500000)
  to   space 15360K, 0% used [0x000000077d000000,0x000000077d000000,0x000000077df00000)
 ParOldGen       total 214528K, used 22793K [0x00000006c1c00000, 0x00000006ced80000, 0x000000076b400000)
  object space 214528K, 10% used [0x00000006c1c00000,0x00000006c3242530,0x00000006ced80000)
 Metaspace       used 63055K, capacity 67508K, committed 67712K, reserved 1107968K
  class space    used 8753K, capacity 9479K, committed 9600K, reserved 1048576K
}

Deoptimization events (10 events):
Event: 15.535 Thread 0x000001be16383800 Uncommon trap: reason=predicate action=maybe_recompile pc=0x000001be18cd197c method=org.springframework.boot.context.properties.source.ConfigurationPropertyName.fastElementEquals(Lorg/springframework/boot/context/properties/source/ConfigurationPropertyNam
Event: 15.535 Thread 0x000001be16383800 Uncommon trap: reason=class_check action=maybe_recompile pc=0x000001be18181e20 method=org.springframework.boot.context.properties.source.ConfigurationPropertyName$Elements.charAt(II)C @ 43
Event: 15.535 Thread 0x000001be16383800 Uncommon trap: reason=class_check action=maybe_recompile pc=0x000001be18181e20 method=org.springframework.boot.context.properties.source.ConfigurationPropertyName$Elements.charAt(II)C @ 43
Event: 15.595 Thread 0x000001be16383800 Uncommon trap: reason=null_check action=make_not_entrant pc=0x000001be184f11f0 method=org.springframework.util.ClassUtils.isAssignable(Ljava/lang/Class;Ljava/lang/Class;)Z @ 14
Event: 15.952 Thread 0x000001be16383800 Uncommon trap: reason=unstable_if action=reinterpret pc=0x000001be1811cfd8 method=org.springframework.util.ConcurrentReferenceHashMap$Segment.clear()V @ 7
Event: 16.011 Thread 0x000001be16383800 Uncommon trap: reason=bimorphic action=maybe_recompile pc=0x000001be18868484 method=java.util.regex.Pattern$Curly.match(Ljava/util/regex/Matcher;ILjava/lang/CharSequence;)Z @ 19
Event: 16.011 Thread 0x000001be16383800 Uncommon trap: reason=bimorphic action=maybe_recompile pc=0x000001be18868484 method=java.util.regex.Pattern$Curly.match(Ljava/util/regex/Matcher;ILjava/lang/CharSequence;)Z @ 19
Event: 16.011 Thread 0x000001be16383800 Uncommon trap: reason=bimorphic action=maybe_recompile pc=0x000001be18868484 method=java.util.regex.Pattern$Curly.match(Ljava/util/regex/Matcher;ILjava/lang/CharSequence;)Z @ 19
Event: 16.011 Thread 0x000001be16383800 Uncommon trap: reason=bimorphic action=maybe_recompile pc=0x000001be18868484 method=java.util.regex.Pattern$Curly.match(Ljava/util/regex/Matcher;ILjava/lang/CharSequence;)Z @ 19
Event: 16.178 Thread 0x000001be16383800 Uncommon trap: reason=unstable_if action=reinterpret pc=0x000001be17df3940 method=java.lang.CharacterData.of(I)Ljava/lang/CharacterData; @ 4

Classes redefined (0 events):
No events

Internal exceptions (10 events):
Event: 15.906 Thread 0x000001be16383800 Exception <a 'java/lang/ClassNotFoundException': org/springframework/web/context/ServletContextAwareCustomizer> (0x0000000778346018) thrown at [C:\jenkins\workspace\8-2-build-windows-amd64-cygwin\jdk8u301\1513\hotspot\src\share\vm\classfile\systemDictiona
Event: 15.907 Thread 0x000001be16383800 Exception <a 'java/lang/ClassNotFoundException': org/springframework/beans/factory/AwareCustomizer> (0x0000000778364018) thrown at [C:\jenkins\workspace\8-2-build-windows-amd64-cygwin\jdk8u301\1513\hotspot\src\share\vm\classfile\systemDictionary.cpp, line
Event: 15.908 Thread 0x000001be16383800 Exception <a 'java/lang/ClassNotFoundException': org/springframework/beans/factory/InitializingBeanCustomizer> (0x0000000778385858) thrown at [C:\jenkins\workspace\8-2-build-windows-amd64-cygwin\jdk8u301\1513\hotspot\src\share\vm\classfile\systemDictionar
Event: 15.910 Thread 0x000001be16383800 Exception <a 'java/lang/ClassNotFoundException': org/springframework/beans/factory/DisposableBeanCustomizer> (0x00000007783a6168) thrown at [C:\jenkins\workspace\8-2-build-windows-amd64-cygwin\jdk8u301\1513\hotspot\src\share\vm\classfile\systemDictionary.
Event: 15.916 Thread 0x000001be16383800 Exception <a 'java/lang/ClassNotFoundException': java/lang/ObjectCustomizer> (0x00000007783e6048) thrown at [C:\jenkins\workspace\8-2-build-windows-amd64-cygwin\jdk8u301\1513\hotspot\src\share\vm\classfile\systemDictionary.cpp, line 212]
Event: 15.917 Thread 0x000001be16383800 Exception <a 'java/lang/ClassNotFoundException': org/springframework/web/multipart/support/StandardServletMultipartResolverCustomizer> (0x0000000778414500) thrown at [C:\jenkins\workspace\8-2-build-windows-amd64-cygwin\jdk8u301\1513\hotspot\src\share\vm\c
Event: 15.919 Thread 0x000001be16383800 Exception <a 'java/lang/ClassNotFoundException': org/springframework/web/multipart/MultipartResolverCustomizer> (0x000000077843cc08) thrown at [C:\jenkins\workspace\8-2-build-windows-amd64-cygwin\jdk8u301\1513\hotspot\src\share\vm\classfile\systemDictiona
Event: 16.002 Thread 0x000001be16383800 Exception <a 'java/lang/ClassNotFoundException': java/lang/ObjectCustomizer> (0x0000000778767b98) thrown at [C:\jenkins\workspace\8-2-build-windows-amd64-cygwin\jdk8u301\1513\hotspot\src\share\vm\classfile\systemDictionary.cpp, line 212]
Event: 16.004 Thread 0x000001be16383800 Exception <a 'java/lang/ClassNotFoundException': com/kongge/dzuoj/repository/UserTestCustomizer> (0x00000007787869a0) thrown at [C:\jenkins\workspace\8-2-build-windows-amd64-cygwin\jdk8u301\1513\hotspot\src\share\vm\classfile\systemDictionary.cpp, line 21
Event: 16.096 Thread 0x000001be16383800 Exception <a 'java/lang/ClassNotFoundException': java/lang/Module> (0x0000000778c04310) thrown at [C:\jenkins\workspace\8-2-build-windows-amd64-cygwin\jdk8u301\1513\hotspot\src\share\vm\classfile\systemDictionary.cpp, line 212]

Events (10 events):
Event: 16.472 loading class org/junit/platform/engine/support/hierarchical/ThrowableCollector
Event: 16.472 loading class org/junit/platform/engine/support/hierarchical/ThrowableCollector done
Event: 16.472 loading class org/junit/jupiter/engine/descriptor/TestMethodTestDescriptor$CallbackInvoker
Event: 16.472 loading class org/junit/jupiter/engine/descriptor/TestMethodTestDescriptor$CallbackInvoker done
Event: 16.472 loading class org/junit/jupiter/engine/descriptor/TestMethodTestDescriptor$CallbackInvoker
Event: 16.472 loading class org/junit/jupiter/engine/descriptor/TestMethodTestDescriptor$CallbackInvoker done
Event: 16.473 loading class org/springframework/test/context/event/AfterTestExecutionEvent
Event: 16.473 loading class org/springframework/test/context/event/AfterTestExecutionEvent done
Event: 16.474 loading class org/springframework/test/context/TestContext
Event: 16.474 loading class org/springframework/test/context/TestContext done


Dynamic libraries:
0x00007ff6f0a60000 - 0x00007ff6f0aa7000 	C:\Program Files\Java\jdk1.8.0_301\bin\java.exe
0x00007ff81e090000 - 0x00007ff81e285000 	C:\WINDOWS\SYSTEM32\ntdll.dll
0x00007ff81d700000 - 0x00007ff81d7be000 	C:\WINDOWS\System32\KERNEL32.DLL
0x00007ff81be00000 - 0x00007ff81c0c8000 	C:\WINDOWS\System32\KERNELBASE.dll
0x00007ff81de30000 - 0x00007ff81dedc000 	C:\WINDOWS\System32\ADVAPI32.dll
0x00007ff81dee0000 - 0x00007ff81df7e000 	C:\WINDOWS\System32\msvcrt.dll
0x00007ff81ce40000 - 0x00007ff81cedb000 	C:\WINDOWS\System32\sechost.dll
0x00007ff81dca0000 - 0x00007ff81ddca000 	C:\WINDOWS\System32\RPCRT4.dll
0x00007ff81d430000 - 0x00007ff81d5d1000 	C:\WINDOWS\System32\USER32.dll
0x00007ff81bcd0000 - 0x00007ff81bcf2000 	C:\WINDOWS\System32\win32u.dll
0x00007ff81d970000 - 0x00007ff81d99b000 	C:\WINDOWS\System32\GDI32.dll
0x00007ff81bb70000 - 0x00007ff81bc7d000 	C:\WINDOWS\System32\gdi32full.dll
0x00007ff81b7a0000 - 0x00007ff81b83d000 	C:\WINDOWS\System32\msvcp_win.dll
0x00007ff81bd00000 - 0x00007ff81be00000 	C:\WINDOWS\System32\ucrtbase.dll
0x00007ffffe2c0000 - 0x00007ffffe55a000 	C:\WINDOWS\WinSxS\amd64_microsoft.windows.common-controls_6595b64144ccf1df_6.0.19041.1110_none_60b5254171f9507e\COMCTL32.dll
0x00007ff81c0d0000 - 0x00007ff81c100000 	C:\WINDOWS\System32\IMM32.DLL
0x00007ff818840000 - 0x00007ff818855000 	C:\Program Files\Java\jdk1.8.0_301\jre\bin\vcruntime140.dll
0x00007ff814ba0000 - 0x00007ff814c3b000 	C:\Program Files\Java\jdk1.8.0_301\jre\bin\msvcp140.dll
0x0000000072aa0000 - 0x0000000073300000 	C:\Program Files\Java\jdk1.8.0_301\jre\bin\server\jvm.dll
0x00007ff81cd50000 - 0x00007ff81cd58000 	C:\WINDOWS\System32\PSAPI.DLL
0x00007ffffa8e0000 - 0x00007ffffa8e9000 	C:\WINDOWS\SYSTEM32\WSOCK32.dll
0x00007ffffe220000 - 0x00007ffffe247000 	C:\WINDOWS\SYSTEM32\WINMM.dll
0x00007ff812800000 - 0x00007ff81280a000 	C:\WINDOWS\SYSTEM32\VERSION.dll
0x00007ff81d5e0000 - 0x00007ff81d64b000 	C:\WINDOWS\System32\WS2_32.dll
0x00007ff81a020000 - 0x00007ff81a032000 	C:\WINDOWS\SYSTEM32\kernel.appcore.dll
0x00007ff818830000 - 0x00007ff818840000 	C:\Program Files\Java\jdk1.8.0_301\jre\bin\verify.dll
0x00007ff814b70000 - 0x00007ff814b9b000 	C:\Program Files\Java\jdk1.8.0_301\jre\bin\java.dll
0x00007ffffafe0000 - 0x00007ffffb010000 	C:\Program Files\Java\jdk1.8.0_301\jre\bin\instrument.dll
0x00007ff816790000 - 0x00007ff8167a8000 	C:\Program Files\Java\jdk1.8.0_301\jre\bin\zip.dll
0x00007ff81c100000 - 0x00007ff81c844000 	C:\WINDOWS\System32\SHELL32.dll
0x00007ff8194d0000 - 0x00007ff819c64000 	C:\WINDOWS\SYSTEM32\windows.storage.dll
0x00007ff81cf40000 - 0x00007ff81d295000 	C:\WINDOWS\System32\combase.dll
0x00007ff81b1f0000 - 0x00007ff81b21e000 	C:\WINDOWS\SYSTEM32\Wldp.dll
0x00007ff81d650000 - 0x00007ff81d6fd000 	C:\WINDOWS\System32\SHCORE.dll
0x00007ff81cee0000 - 0x00007ff81cf35000 	C:\WINDOWS\System32\shlwapi.dll
0x00007ff81b6e0000 - 0x00007ff81b6ff000 	C:\WINDOWS\SYSTEM32\profapi.dll
0x00007ffffcb90000 - 0x00007ffffcbaa000 	D:\IntelliJ IDEA 2019.2.4\bin\breakgen64.dll
0x00007ff814e50000 - 0x00007ff814e6c000 	C:\Program Files\Java\jdk1.8.0_301\jre\bin\net.dll
0x00007ff81af50000 - 0x00007ff81afba000 	C:\WINDOWS\system32\mswsock.dll
0x00007ff8149d0000 - 0x00007ff8149e3000 	C:\Program Files\Java\jdk1.8.0_301\jre\bin\nio.dll
0x00007ff812c20000 - 0x00007ff812c2d000 	C:\Program Files\Java\jdk1.8.0_301\jre\bin\management.dll
0x00007ff8006c0000 - 0x00007ff8006d7000 	C:\WINDOWS\system32\napinsp.dll
0x00007ffffc460000 - 0x00007ffffc47b000 	C:\WINDOWS\system32\pnrpnsp.dll
0x00007ff815690000 - 0x00007ff8156a5000 	C:\WINDOWS\system32\wshbth.dll
0x00007ff816560000 - 0x00007ff81657d000 	C:\WINDOWS\system32\NLAapi.dll
0x00007ff81abf0000 - 0x00007ff81ac2b000 	C:\WINDOWS\SYSTEM32\IPHLPAPI.DLL
0x00007ff81ac40000 - 0x00007ff81ad0b000 	C:\WINDOWS\SYSTEM32\DNSAPI.dll
0x00007ff81db50000 - 0x00007ff81db58000 	C:\WINDOWS\System32\NSI.dll
0x00007ffffc440000 - 0x00007ffffc452000 	C:\WINDOWS\System32\winrnr.dll
0x0000000074bf0000 - 0x0000000074c16000 	C:\Program Files\Bonjour\mdnsNSP.dll
0x00007ff80f770000 - 0x00007ff80f77a000 	C:\Windows\System32\rasadhlp.dll
0x00007ff808380000 - 0x00007ff8083ff000 	C:\WINDOWS\System32\fwpuclnt.dll
0x00007ff81b9a0000 - 0x00007ff81b9c7000 	C:\WINDOWS\System32\bcrypt.dll
0x00007ffff5e20000 - 0x00007ffff5e44000 	C:\Program Files\Java\jdk1.8.0_301\jre\bin\sunec.dll
0x00007ff812860000 - 0x00007ff812877000 	C:\WINDOWS\SYSTEM32\dhcpcsvc6.DLL
0x00007ff812810000 - 0x00007ff81282d000 	C:\WINDOWS\SYSTEM32\dhcpcsvc.DLL
0x00007ff81b150000 - 0x00007ff81b168000 	C:\WINDOWS\SYSTEM32\CRYPTSP.dll
0x00007ff81a860000 - 0x00007ff81a894000 	C:\WINDOWS\system32\rsaenh.dll
0x00007ff81b6a0000 - 0x00007ff81b6ce000 	C:\WINDOWS\SYSTEM32\USERENV.dll
0x00007ff81ba30000 - 0x00007ff81bab2000 	C:\WINDOWS\System32\bcryptprimitives.dll
0x00007ff81b140000 - 0x00007ff81b14c000 	C:\WINDOWS\SYSTEM32\CRYPTBASE.dll
0x00007ff812e20000 - 0x00007ff812e2d000 	C:\Program Files\Java\jdk1.8.0_301\jre\bin\sunmscapi.dll
0x00007ff81b840000 - 0x00007ff81b996000 	C:\WINDOWS\System32\CRYPT32.dll
0x00007ff81b260000 - 0x00007ff81b287000 	C:\WINDOWS\SYSTEM32\ncrypt.dll
0x00007ff81b220000 - 0x00007ff81b25b000 	C:\WINDOWS\SYSTEM32\NTASN1.dll
0x00007ff819d30000 - 0x00007ff819f14000 	C:\WINDOWS\SYSTEM32\dbghelp.dll

VM Arguments:
jvm_args: -ea -Didea.test.cyclic.buffer.size=1048576 -javaagent:D:\IntelliJ IDEA 2019.2.4\lib\idea_rt.jar=1557:D:\IntelliJ IDEA 2019.2.4\bin -Dfile.encoding=UTF-8 
java_command: com.intellij.rt.execution.junit.JUnitStarter -ideVersion5 -junit5 com.kongge.dzuoj.repository.UserTest,testInsert
java_class_path (initial): D:\IntelliJ IDEA 2019.2.4\lib\idea_rt.jar;D:\IntelliJ IDEA 2019.2.4\plugins\junit\lib\junit-rt.jar;D:\IntelliJ IDEA 2019.2.4\plugins\junit\lib\junit5-rt.jar;C:\Users\47339\.m2\repository\org\junit\platform\junit-platform-launcher\1.8.2\junit-platform-launcher-1.8.2.jar;C:\Users\47339\.m2\repository\org\junit\platform\junit-platform-engine\1.8.2\junit-platform-engine-1.8.2.jar;C:\Users\47339\.m2\repository\org\opentest4j\opentest4j\1.2.0\opentest4j-1.2.0.jar;C:\Users\47339\.m2\repository\org\junit\platform\junit-platform-commons\1.8.2\junit-platform-commons-1.8.2.jar;C:\Users\47339\.m2\repository\org\apiguardian\apiguardian-api\1.1.2\apiguardian-api-1.1.2.jar;C:\Program Files\Java\jdk1.8.0_301\jre\lib\charsets.jar;C:\Program Files\Java\jdk1.8.0_301\jre\lib\deploy.jar;C:\Program Files\Java\jdk1.8.0_301\jre\lib\ext\access-bridge-64.jar;C:\Program Files\Java\jdk1.8.0_301\jre\lib\ext\cldrdata.jar;C:\Program Files\Java\jdk1.8.0_301\jre\lib\ext\dnsns.jar;C:\Program Files\Java\jdk1.8.0_301\jre\lib\ext\jaccess.jar;C:\Program Files\Java\jdk1.8.0_301\jre\lib\ext\jfxrt.jar;C:\Program Files\Java\jdk1.8.0_301\jre\lib\ext\localedata.jar;C:\Program Files\Java\jdk1.8.0_301\jre\lib\ext\nashorn.jar;C:\Program Files\Java\jdk1.8.0_301\jre\lib\ext\sunec.jar;C:\Program Files\Java\jdk1.8.0_301\jre\lib\ext\sunjce_provider.jar;C:\Program Files\Java\jdk1.8.0_301\jre\lib\ext\sunmscapi.jar;C:\Program Files\Java\jdk1.8.0_301\jre\lib\ext\sunpkcs11.jar;C:\Program Files\Java\jdk1.8.0_301\jre\lib\ext\zipfs.jar;C:\Program Files\Java\jdk1.8.0_301\jre\lib\javaws.jar;C:\Program Files\Java\jdk1.8.0_301\jre\lib\jce.jar;C:\Program Files\Java\jdk1.8.0_301\jre\lib\jfr.jar;C:\Program Files\Java\jdk1.8.0_301\jre\lib\jfxswt.jar;C:\Program Files\Java\jdk1.8.0_301\jre\lib\jsse.jar;C:\Program Files\Java\jdk1.8.0_301\jre\lib\management-agent.jar;C:\Program Files\Java\jdk1.8.0_301\jre\lib\plugin.jar;C:\Program Files\Java\jdk1.8.0_301\jre\lib\resources.jar;C:\Program Files\Java\jdk1.8.0_3
Launcher Type: SUN_STANDARD

Environment Variables:
JAVA_HOME=C:\Program Files\Java\jdk1.8.0_301 
CLASSPATH=.;C:\Program Files\Java\jdk1.8.0_301 \lib\dt.jar;C:\Program Files\Java\jdk1.8.0_301 \lib\tools.jar; 
PATH=D:\vm\bin\;C:\Program Files (x86)\Common Files\Oracle\Java\javapath;C:\WINDOWS\system32;C:\WINDOWS;C:\WINDOWS\System32\Wbem;C:\WINDOWS\System32\WindowsPowerShell\v1.0\;C:\WINDOWS\System32\OpenSSH\;"C:\Program Files\Java\jdk1.8.0_301 \bin;C:\Program Files\Java\jdk1.8.0_301 \jre\bin;";D:\shell\;D:\Program Files\Git\cmd;C:\nvm;C:\Program Files\nodejs;C:\Program Files\MySQL\MySQL Shell 8.0\bin\;C:\Users\47339\AppData\Local\Programs\Python\Python310\Scripts\;C:\Users\47339\AppData\Local\Programs\Python\Python310\;C:\Users\47339\AppData\Local\Microsoft\WindowsApps;D:\IntelliJ IDEA 2019.2.4\bin;;D:\Microsoft VS Code\bin;C:\nvm;C:\Program Files\nodejs
USERNAME=47339
OS=Windows_NT
PROCESSOR_IDENTIFIER=Intel64 Family 6 Model 142 Stepping 11, GenuineIntel



---------------  S Y S T E M  ---------------

OS: Windows 10.0 , 64 bit Build 19041 (10.0.19041.1348)

CPU:total 8 (initial active 8) (4 cores per cpu, 2 threads per core) family 6 model 142 stepping 11, cmov, cx8, fxsr, mmx, sse, sse2, sse3, ssse3, sse4.1, sse4.2, popcnt, avx, avx2, aes, clmul, erms, 3dnowpref, lzcnt, ht, tsc, tscinvbit, bmi1, bmi2, adx

Memory: 4k page, physical 16661816k(3116748k free), swap 32024620k(5364k free)

vm_info: Java HotSpot(TM) 64-Bit Server VM (25.301-b09) for windows-amd64 JRE (1.8.0_301-b09), built on Jun  9 2021 06:46:21 by "java_re" with MS VC++ 15.9 (VS2017)

time: Tue Jan 18 15:31:14 2022
timezone: 中国标准时间
elapsed time: 16.523493 seconds (0d 0h 0m 16s)

